
RAxML-NG v. 0.4.1 BETA released on 20.07.2017 by The Exelixis Lab.
Authors: Alexey Kozlov, Alexandros Stamatakis, Diego Darriba, Tomas Flouri, Benoit Morel.
Latest version: https://github.com/amkozlov/raxml-ng
Questions/problems/suggestions? Please visit: https://groups.google.com/forum/#!forum/raxml

WARNING: This is a BETA release, please use at your own risk!

RAxML-NG was called as follows:

./raxml-ng-mpi --msa ../phyldogdata/ExampleData/FastaFiles/HBG011003.fasta --prefix ../phyldogdata/ExampleData/RaxmlTrees/HBG011003 --model GTR+G --repeats on --threads 4

Analysis options:
  run mode: ML tree search
  start tree(s): random
  random seed: 1512594081
  tip-inner: OFF
  repeats: ON
  pattern compression: ON
  fast spr radius: AUTO
  spr subtree cutoff: 1.000000
  branch lengths: ML estimate (linked)
  SIMD kernels: AVX2
  parallelization: PTHREADS (4 threads)

[00:00:00] Reading alignment from file: ../phyldogdata/ExampleData/FastaFiles/HBG011003.fasta
[00:00:00] Loaded alignment with 44 taxa and 252 sites

WARNING: Duplicate sequences found: 1
WARNING: Sequences ENSMODP00000037875 and ENSMODP00000029480 are exactly identical!

Alignment comprises 1 partitions and 179 patterns

Partition 0: noname
Model: GTR+FO+G4m
Alignment sites / patterns: 252 / 179
Gaps: 11.78 %
Invariant sites: 38.89 %


[00:00:00] Generating random starting tree(s) with 44 taxa
[00:00:00] Data distribution: partitions/thread: 1-1, patterns/thread: 44-45

Starting ML tree search with 1 distinct starting trees

[00:00:00 -5641.781308] Initial branch length optimization
[00:00:00 -4810.366693] Model parameter optimization (eps = 10.000000)
[00:00:00 -4606.016295] AUTODETECT spr round 1 (radius: 5)
[00:00:00 -3877.709483] AUTODETECT spr round 2 (radius: 10)
[00:00:00 -3740.919116] AUTODETECT spr round 3 (radius: 15)
[00:00:00 -3734.145425] AUTODETECT spr round 4 (radius: 20)
[00:00:00 -3734.123435] SPR radius for FAST iterations: 15 (autodetect)
[00:00:00 -3734.123435] Model parameter optimization (eps = 3.000000)
[00:00:00 -3723.581205] FAST spr round 1 (radius: 15)
[00:00:01 -3581.753051] FAST spr round 2 (radius: 15)
[00:00:01 -3555.254514] FAST spr round 3 (radius: 15)
[00:00:01 -3552.998074] FAST spr round 4 (radius: 15)
[00:00:01 -3552.696507] FAST spr round 5 (radius: 15)
[00:00:01 -3552.576799] FAST spr round 6 (radius: 15)
[00:00:01 -3552.576137] Model parameter optimization (eps = 1.000000)
[00:00:01 -3551.255447] SLOW spr round 1 (radius: 5)
[00:00:02 -3551.142298] SLOW spr round 2 (radius: 5)
[00:00:02 -3551.141727] SLOW spr round 3 (radius: 10)
[00:00:02 -3551.141695] SLOW spr round 4 (radius: 15)
[00:00:03 -3551.141689] SLOW spr round 5 (radius: 20)
[00:00:03 -3551.141687] SLOW spr round 6 (radius: 25)
[00:00:03 -3551.141687] Model parameter optimization (eps = 0.100000)

[00:00:03] ML tree search #1, logLikelihood: -3551.085080


Optimized model parameters:

   Partition 0: noname
   Rate heterogeneity: GAMMA (4 cats, mean),  alpha: 0.426832 (ML),  weights&rates: (0.250000,0.020768) (0.250000,0.201500) (0.250000,0.758757) (0.250000,3.018975) 
   Base frequencies (ML): 0.306313 0.248740 0.185720 0.259226 
   Substitution rates (ML): 0.866191 1.862716 0.626324 1.402639 3.045465 1.000000 

Final LogLikelihood: -3551.085080

Best ML tree saved to: /home/morelbt/github/raxml-ng/phyldogdata/ExampleData/RaxmlTrees/HBG011003.raxml.bestTree
Optimized model saved to: /home/morelbt/github/raxml-ng/phyldogdata/ExampleData/RaxmlTrees/HBG011003.raxml.bestModel

Execution log saved to: /home/morelbt/github/raxml-ng/phyldogdata/ExampleData/RaxmlTrees/HBG011003.raxml.log

Analysis started: 06-Dec-2017 22:01:21 / finished: 06-Dec-2017 22:01:24

Elapsed time: 3.266 seconds

