
RAxML-NG v. 0.4.1 BETA released on 20.07.2017 by The Exelixis Lab.
Authors: Alexey Kozlov, Alexandros Stamatakis, Diego Darriba, Tomas Flouri, Benoit Morel.
Latest version: https://github.com/amkozlov/raxml-ng
Questions/problems/suggestions? Please visit: https://groups.google.com/forum/#!forum/raxml

WARNING: This is a BETA release, please use at your own risk!

RAxML-NG was called as follows:

./raxml-ng-mpi --msa ../phyldogdata/ExampleData/FastaFiles/HBG011017.fasta --prefix ../phyldogdata/ExampleData/RaxmlTrees/HBG011017 --model GTR+G --repeats on --threads 4

Analysis options:
  run mode: ML tree search
  start tree(s): random
  random seed: 1512594217
  tip-inner: OFF
  repeats: ON
  pattern compression: ON
  fast spr radius: AUTO
  spr subtree cutoff: 1.000000
  branch lengths: ML estimate (linked)
  SIMD kernels: AVX2
  parallelization: PTHREADS (4 threads)

[00:00:00] Reading alignment from file: ../phyldogdata/ExampleData/FastaFiles/HBG011017.fasta
[00:00:00] Loaded alignment with 52 taxa and 516 sites

WARNING: Duplicate sequences found: 1
WARNING: Sequences ENSPTRP00000006506 and ENSP00000301788 are exactly identical!

Alignment comprises 1 partitions and 387 patterns

Partition 0: noname
Model: GTR+FO+G4m
Alignment sites / patterns: 516 / 387
Gaps: 11.68 %
Invariant sites: 31.40 %


[00:00:00] Generating random starting tree(s) with 52 taxa
[00:00:00] Data distribution: partitions/thread: 1-1, patterns/thread: 96-97

Starting ML tree search with 1 distinct starting trees

[00:00:00 -11132.574455] Initial branch length optimization
[00:00:00 -8839.369682] Model parameter optimization (eps = 10.000000)
[00:00:00 -8182.607233] AUTODETECT spr round 1 (radius: 5)
[00:00:00 -7619.853252] AUTODETECT spr round 2 (radius: 10)
[00:00:00 -7507.731329] AUTODETECT spr round 3 (radius: 15)
[00:00:01 -7433.418668] AUTODETECT spr round 4 (radius: 20)
[00:00:01 -7392.155010] AUTODETECT spr round 5 (radius: 25)
[00:00:01 -7392.142355] SPR radius for FAST iterations: 20 (autodetect)
[00:00:01 -7392.142355] Model parameter optimization (eps = 3.000000)
[00:00:01 -7389.874873] FAST spr round 1 (radius: 20)
[00:00:01 -7353.388341] FAST spr round 2 (radius: 20)
[00:00:01 -7351.671216] FAST spr round 3 (radius: 20)
[00:00:01 -7351.040045] FAST spr round 4 (radius: 20)
[00:00:02 -7350.904397] FAST spr round 5 (radius: 20)
[00:00:02 -7350.903187] Model parameter optimization (eps = 1.000000)
[00:00:02 -7349.971476] SLOW spr round 1 (radius: 5)
[00:00:02 -7349.320129] SLOW spr round 2 (radius: 5)
[00:00:03 -7349.319832] SLOW spr round 3 (radius: 10)
[00:00:04 -7349.004346] SLOW spr round 4 (radius: 5)
[00:00:05 -7348.999209] SLOW spr round 5 (radius: 10)
[00:00:05 -7347.013512] SLOW spr round 6 (radius: 5)
[00:00:06 -7346.368003] SLOW spr round 7 (radius: 5)
[00:00:07 -7346.367820] SLOW spr round 8 (radius: 10)
[00:00:08 -7346.367805] SLOW spr round 9 (radius: 15)
[00:00:08 -7346.367804] SLOW spr round 10 (radius: 20)
[00:00:08 -7346.367804] SLOW spr round 11 (radius: 25)
[00:00:08 -7346.367804] Model parameter optimization (eps = 0.100000)

[00:00:09] ML tree search #1, logLikelihood: -7346.083993


Optimized model parameters:

   Partition 0: noname
   Rate heterogeneity: GAMMA (4 cats, mean),  alpha: 0.295208 (ML),  weights&rates: (0.250000,0.004915) (0.250000,0.100773) (0.250000,0.587667) (0.250000,3.306645) 
   Base frequencies (ML): 0.257862 0.259060 0.238766 0.244311 
   Substitution rates (ML): 1.569019 3.699625 1.050973 1.252489 6.628606 1.000000 

Final LogLikelihood: -7346.083993

Best ML tree saved to: /home/morelbt/github/raxml-ng/phyldogdata/ExampleData/RaxmlTrees/HBG011017.raxml.bestTree
Optimized model saved to: /home/morelbt/github/raxml-ng/phyldogdata/ExampleData/RaxmlTrees/HBG011017.raxml.bestModel

Execution log saved to: /home/morelbt/github/raxml-ng/phyldogdata/ExampleData/RaxmlTrees/HBG011017.raxml.log

Analysis started: 06-Dec-2017 22:03:37 / finished: 06-Dec-2017 22:03:46

Elapsed time: 9.137 seconds

