
RAxML-NG v. 0.4.1 BETA released on 20.07.2017 by The Exelixis Lab.
Authors: Alexey Kozlov, Alexandros Stamatakis, Diego Darriba, Tomas Flouri, Benoit Morel.
Latest version: https://github.com/amkozlov/raxml-ng
Questions/problems/suggestions? Please visit: https://groups.google.com/forum/#!forum/raxml

WARNING: This is a BETA release, please use at your own risk!

RAxML-NG was called as follows:

./raxml-ng-mpi --msa ../phyldogdata/ExampleData/FastaFiles/HBG011033.fasta --prefix ../phyldogdata/ExampleData/RaxmlTrees/HBG011033 --model GTR+G --repeats on --threads 4

Analysis options:
  run mode: ML tree search
  start tree(s): random
  random seed: 1512594464
  tip-inner: OFF
  repeats: ON
  pattern compression: ON
  fast spr radius: AUTO
  spr subtree cutoff: 1.000000
  branch lengths: ML estimate (linked)
  SIMD kernels: AVX2
  parallelization: PTHREADS (4 threads)

[00:00:00] Reading alignment from file: ../phyldogdata/ExampleData/FastaFiles/HBG011033.fasta
[00:00:00] Loaded alignment with 105 taxa and 642 sites

WARNING: Duplicate sequences found: 2
WARNING: Sequences ENSP00000262065 and ENSPTRP00000016012 are exactly identical!
WARNING: Sequences ENSMMUP00000041323 and ENSMMUP00000041392 are exactly identical!

Alignment comprises 1 partitions and 601 patterns

Partition 0: noname
Model: GTR+FO+G4m
Alignment sites / patterns: 642 / 601
Gaps: 11.47 %
Invariant sites: 13.55 %


[00:00:00] Generating random starting tree(s) with 105 taxa
[00:00:00] Data distribution: partitions/thread: 1-1, patterns/thread: 150-151

Starting ML tree search with 1 distinct starting trees

[00:00:00 -38570.995940] Initial branch length optimization
[00:00:00 -30788.037849] Model parameter optimization (eps = 10.000000)
[00:00:01 -28645.975757] AUTODETECT spr round 1 (radius: 5)
[00:00:01 -22498.747329] AUTODETECT spr round 2 (radius: 10)
[00:00:02 -19551.819472] AUTODETECT spr round 3 (radius: 15)
[00:00:02 -19002.952450] AUTODETECT spr round 4 (radius: 20)
[00:00:03 -19002.722853] AUTODETECT spr round 5 (radius: 25)
[00:00:03 -19002.692613] SPR radius for FAST iterations: 20 (autodetect)
[00:00:03 -19002.692613] Model parameter optimization (eps = 3.000000)
[00:00:04 -18878.045903] FAST spr round 1 (radius: 20)
[00:00:04 -18544.482407] FAST spr round 2 (radius: 20)
[00:00:05 -18523.130820] FAST spr round 3 (radius: 20)
[00:00:05 -18522.226710] FAST spr round 4 (radius: 20)
[00:00:06 -18520.678387] FAST spr round 5 (radius: 20)
[00:00:06 -18520.202388] FAST spr round 6 (radius: 20)
[00:00:07 -18519.728445] FAST spr round 7 (radius: 20)
[00:00:07 -18519.324820] FAST spr round 8 (radius: 20)
[00:00:08 -18519.279890] Model parameter optimization (eps = 1.000000)
[00:00:08 -18516.000801] SLOW spr round 1 (radius: 5)
[00:00:10 -18512.597860] SLOW spr round 2 (radius: 5)
[00:00:11 -18512.597491] SLOW spr round 3 (radius: 10)
[00:00:13 -18512.597480] SLOW spr round 4 (radius: 15)
[00:00:14 -18512.597479] SLOW spr round 5 (radius: 20)
[00:00:16 -18512.597479] SLOW spr round 6 (radius: 25)
[00:00:17 -18512.597479] Model parameter optimization (eps = 0.100000)

[00:00:17] ML tree search #1, logLikelihood: -18512.358962


Optimized model parameters:

   Partition 0: noname
   Rate heterogeneity: GAMMA (4 cats, mean),  alpha: 0.553107 (ML),  weights&rates: (0.250000,0.043604) (0.250000,0.285179) (0.250000,0.855370) (0.250000,2.815846) 
   Base frequencies (ML): 0.162856 0.344154 0.283310 0.209680 
   Substitution rates (ML): 1.204592 3.370750 1.073815 0.829868 3.910908 1.000000 

Final LogLikelihood: -18512.358962

Best ML tree saved to: /home/morelbt/github/raxml-ng/phyldogdata/ExampleData/RaxmlTrees/HBG011033.raxml.bestTree
Optimized model saved to: /home/morelbt/github/raxml-ng/phyldogdata/ExampleData/RaxmlTrees/HBG011033.raxml.bestModel

Execution log saved to: /home/morelbt/github/raxml-ng/phyldogdata/ExampleData/RaxmlTrees/HBG011033.raxml.log

Analysis started: 06-Dec-2017 22:07:44 / finished: 06-Dec-2017 22:08:01

Elapsed time: 17.282 seconds

