
RAxML-NG v. 0.4.1 BETA released on 20.07.2017 by The Exelixis Lab.
Authors: Alexey Kozlov, Alexandros Stamatakis, Diego Darriba, Tomas Flouri, Benoit Morel.
Latest version: https://github.com/amkozlov/raxml-ng
Questions/problems/suggestions? Please visit: https://groups.google.com/forum/#!forum/raxml

WARNING: This is a BETA release, please use at your own risk!

RAxML-NG was called as follows:

./raxml-ng-mpi --msa ../phyldogdata/ExampleData/FastaFiles/HBG011039.fasta --prefix ../phyldogdata/ExampleData/RaxmlTrees/HBG011039 --model GTR+G --repeats on --threads 4

Analysis options:
  run mode: ML tree search
  start tree(s): random
  random seed: 1512594146
  tip-inner: OFF
  repeats: ON
  pattern compression: ON
  fast spr radius: AUTO
  spr subtree cutoff: 1.000000
  branch lengths: ML estimate (linked)
  SIMD kernels: AVX2
  parallelization: PTHREADS (4 threads)

[00:00:00] Reading alignment from file: ../phyldogdata/ExampleData/FastaFiles/HBG011039.fasta
[00:00:00] Loaded alignment with 28 taxa and 495 sites

Alignment comprises 1 partitions and 423 patterns

Partition 0: noname
Model: GTR+FO+G4m
Alignment sites / patterns: 495 / 423
Gaps: 9.66 %
Invariant sites: 16.77 %


[00:00:00] Generating random starting tree(s) with 28 taxa
[00:00:00] Data distribution: partitions/thread: 1-1, patterns/thread: 105-106

Starting ML tree search with 1 distinct starting trees

[00:00:00 -9874.079150] Initial branch length optimization
[00:00:00 -8181.768256] Model parameter optimization (eps = 10.000000)
[00:00:00 -7883.843784] AUTODETECT spr round 1 (radius: 5)
[00:00:00 -7409.443554] AUTODETECT spr round 2 (radius: 10)
[00:00:00 -6886.297299] AUTODETECT spr round 3 (radius: 15)
[00:00:00 -6886.258262] SPR radius for FAST iterations: 10 (autodetect)
[00:00:00 -6886.258262] Model parameter optimization (eps = 3.000000)
[00:00:00 -6870.666284] FAST spr round 1 (radius: 10)
[00:00:00 -6854.051627] FAST spr round 2 (radius: 10)
[00:00:00 -6851.443874] FAST spr round 3 (radius: 10)
[00:00:00 -6851.442450] Model parameter optimization (eps = 1.000000)
[00:00:01 -6850.463069] SLOW spr round 1 (radius: 5)
[00:00:01 -6849.588477] SLOW spr round 2 (radius: 5)
[00:00:01 -6849.162477] SLOW spr round 3 (radius: 5)
[00:00:01 -6849.162166] SLOW spr round 4 (radius: 10)
[00:00:02 -6849.162038] SLOW spr round 5 (radius: 15)
[00:00:02 -6849.161979] SLOW spr round 6 (radius: 20)
[00:00:02 -6849.161952] SLOW spr round 7 (radius: 25)
[00:00:02 -6849.161939] Model parameter optimization (eps = 0.100000)

[00:00:02] ML tree search #1, logLikelihood: -6849.037270


Optimized model parameters:

   Partition 0: noname
   Rate heterogeneity: GAMMA (4 cats, mean),  alpha: 0.710003 (ML),  weights&rates: (0.250000,0.076326) (0.250000,0.368212) (0.250000,0.928519) (0.250000,2.626943) 
   Base frequencies (ML): 0.195812 0.304546 0.247511 0.252131 
   Substitution rates (ML): 1.484129 4.405246 1.097202 1.578135 4.059066 1.000000 

Final LogLikelihood: -6849.037270

Best ML tree saved to: /home/morelbt/github/raxml-ng/phyldogdata/ExampleData/RaxmlTrees/HBG011039.raxml.bestTree
Optimized model saved to: /home/morelbt/github/raxml-ng/phyldogdata/ExampleData/RaxmlTrees/HBG011039.raxml.bestModel

Execution log saved to: /home/morelbt/github/raxml-ng/phyldogdata/ExampleData/RaxmlTrees/HBG011039.raxml.log

Analysis started: 06-Dec-2017 22:02:26 / finished: 06-Dec-2017 22:02:29

Elapsed time: 2.512 seconds

