
RAxML-NG v. 0.4.1 BETA released on 20.07.2017 by The Exelixis Lab.
Authors: Alexey Kozlov, Alexandros Stamatakis, Diego Darriba, Tomas Flouri, Benoit Morel.
Latest version: https://github.com/amkozlov/raxml-ng
Questions/problems/suggestions? Please visit: https://groups.google.com/forum/#!forum/raxml

WARNING: This is a BETA release, please use at your own risk!

RAxML-NG was called as follows:

./raxml-ng-mpi --msa ../phyldogdata/ExampleData/FastaFiles/HBG011040.fasta --prefix ../phyldogdata/ExampleData/RaxmlTrees/HBG011040 --model GTR+G --repeats on --threads 4

Analysis options:
  run mode: ML tree search
  start tree(s): random
  random seed: 1512594231
  tip-inner: OFF
  repeats: ON
  pattern compression: ON
  fast spr radius: AUTO
  spr subtree cutoff: 1.000000
  branch lengths: ML estimate (linked)
  SIMD kernels: AVX2
  parallelization: PTHREADS (4 threads)

[00:00:00] Reading alignment from file: ../phyldogdata/ExampleData/FastaFiles/HBG011040.fasta
[00:00:00] Loaded alignment with 49 taxa and 387 sites

Alignment comprises 1 partitions and 349 patterns

Partition 0: noname
Model: GTR+FO+G4m
Alignment sites / patterns: 387 / 349
Gaps: 8.49 %
Invariant sites: 13.95 %


[00:00:00] Generating random starting tree(s) with 49 taxa
[00:00:00] Data distribution: partitions/thread: 1-1, patterns/thread: 87-88

Starting ML tree search with 1 distinct starting trees

[00:00:00 -11298.492203] Initial branch length optimization
[00:00:00 -8936.190124] Model parameter optimization (eps = 10.000000)
[00:00:00 -8475.331190] AUTODETECT spr round 1 (radius: 5)
[00:00:00 -7911.629564] AUTODETECT spr round 2 (radius: 10)
[00:00:00 -7701.449928] AUTODETECT spr round 3 (radius: 15)
[00:00:00 -7610.173388] AUTODETECT spr round 4 (radius: 20)
[00:00:00 -7610.162856] SPR radius for FAST iterations: 15 (autodetect)
[00:00:00 -7610.162856] Model parameter optimization (eps = 3.000000)
[00:00:01 -7602.043042] FAST spr round 1 (radius: 15)
[00:00:01 -7440.510435] FAST spr round 2 (radius: 15)
[00:00:01 -7435.978231] FAST spr round 3 (radius: 15)
[00:00:01 -7434.369923] FAST spr round 4 (radius: 15)
[00:00:01 -7434.101866] FAST spr round 5 (radius: 15)
[00:00:02 -7434.101840] Model parameter optimization (eps = 1.000000)
[00:00:02 -7430.658148] SLOW spr round 1 (radius: 5)
[00:00:03 -7430.371725] SLOW spr round 2 (radius: 5)
[00:00:03 -7430.371235] SLOW spr round 3 (radius: 10)
[00:00:04 -7430.371200] SLOW spr round 4 (radius: 15)
[00:00:04 -7430.371198] SLOW spr round 5 (radius: 20)
[00:00:04 -7430.371198] SLOW spr round 6 (radius: 25)
[00:00:04 -7430.371198] Model parameter optimization (eps = 0.100000)

[00:00:04] ML tree search #1, logLikelihood: -7430.215401


Optimized model parameters:

   Partition 0: noname
   Rate heterogeneity: GAMMA (4 cats, mean),  alpha: 0.572328 (ML),  weights&rates: (0.250000,0.047455) (0.250000,0.296536) (0.250000,0.866517) (0.250000,2.789492) 
   Base frequencies (ML): 0.297153 0.240776 0.291198 0.170873 
   Substitution rates (ML): 3.168030 4.791163 1.347853 1.456267 8.847654 1.000000 

Final LogLikelihood: -7430.215401

Best ML tree saved to: /home/morelbt/github/raxml-ng/phyldogdata/ExampleData/RaxmlTrees/HBG011040.raxml.bestTree
Optimized model saved to: /home/morelbt/github/raxml-ng/phyldogdata/ExampleData/RaxmlTrees/HBG011040.raxml.bestModel

Execution log saved to: /home/morelbt/github/raxml-ng/phyldogdata/ExampleData/RaxmlTrees/HBG011040.raxml.log

Analysis started: 06-Dec-2017 22:03:51 / finished: 06-Dec-2017 22:03:56

Elapsed time: 4.782 seconds

