
RAxML-NG v. 0.4.1 BETA released on 20.07.2017 by The Exelixis Lab.
Authors: Alexey Kozlov, Alexandros Stamatakis, Diego Darriba, Tomas Flouri, Benoit Morel.
Latest version: https://github.com/amkozlov/raxml-ng
Questions/problems/suggestions? Please visit: https://groups.google.com/forum/#!forum/raxml

WARNING: This is a BETA release, please use at your own risk!

RAxML-NG was called as follows:

./raxml-ng-mpi --msa ../phyldogdata/ExampleData/FastaFiles/HBG011037.fasta --prefix ../phyldogdata/ExampleData/RaxmlTrees/HBG011037 --model GTR+G --repeats on --threads 4

Analysis options:
  run mode: ML tree search
  start tree(s): random
  random seed: 1512594216
  tip-inner: OFF
  repeats: ON
  pattern compression: ON
  fast spr radius: AUTO
  spr subtree cutoff: 1.000000
  branch lengths: ML estimate (linked)
  SIMD kernels: AVX2
  parallelization: PTHREADS (4 threads)

[00:00:00] Reading alignment from file: ../phyldogdata/ExampleData/FastaFiles/HBG011037.fasta
[00:00:00] Loaded alignment with 5 taxa and 336 sites

Alignment comprises 1 partitions and 155 patterns

Partition 0: noname
Model: GTR+FO+G4m
Alignment sites / patterns: 336 / 155
Gaps: 14.46 %
Invariant sites: 43.75 %


[00:00:00] Generating random starting tree(s) with 5 taxa
[00:00:00] Data distribution: partitions/thread: 1-1, patterns/thread: 38-39

Starting ML tree search with 1 distinct starting trees

[00:00:00 -1536.560476] Initial branch length optimization
[00:00:00 -1443.537221] Model parameter optimization (eps = 10.000000)
[00:00:00 -1398.809824] AUTODETECT spr round 1 (radius: 5)
[00:00:00 -1398.595671] SPR radius for FAST iterations: 5 (autodetect)
[00:00:00 -1398.595671] Model parameter optimization (eps = 3.000000)
[00:00:00 -1398.554184] FAST spr round 1 (radius: 5)
[00:00:00 -1397.978329] FAST spr round 2 (radius: 5)
[00:00:00 -1397.978020] Model parameter optimization (eps = 1.000000)
[00:00:00 -1397.961961] SLOW spr round 1 (radius: 5)
[00:00:00 -1397.961909] Model parameter optimization (eps = 0.100000)

[00:00:00] ML tree search #1, logLikelihood: -1397.961037


Optimized model parameters:

   Partition 0: noname
   Rate heterogeneity: GAMMA (4 cats, mean),  alpha: 1.215308 (ML),  weights&rates: (0.250000,0.177816) (0.250000,0.533115) (0.250000,1.028182) (0.250000,2.260888) 
   Base frequencies (ML): 0.190881 0.353018 0.266206 0.189895 
   Substitution rates (ML): 0.624774 2.864742 0.799670 0.910609 2.314964 1.000000 

Final LogLikelihood: -1397.961037

Best ML tree saved to: /home/morelbt/github/raxml-ng/phyldogdata/ExampleData/RaxmlTrees/HBG011037.raxml.bestTree
Optimized model saved to: /home/morelbt/github/raxml-ng/phyldogdata/ExampleData/RaxmlTrees/HBG011037.raxml.bestModel

Execution log saved to: /home/morelbt/github/raxml-ng/phyldogdata/ExampleData/RaxmlTrees/HBG011037.raxml.log

Analysis started: 06-Dec-2017 22:03:36 / finished: 06-Dec-2017 22:03:37

Elapsed time: 0.472 seconds

