
RAxML-NG v. 0.4.1 BETA released on 20.07.2017 by The Exelixis Lab.
Authors: Alexey Kozlov, Alexandros Stamatakis, Diego Darriba, Tomas Flouri, Benoit Morel.
Latest version: https://github.com/amkozlov/raxml-ng
Questions/problems/suggestions? Please visit: https://groups.google.com/forum/#!forum/raxml

WARNING: This is a BETA release, please use at your own risk!

RAxML-NG was called as follows:

./raxml-ng-mpi --msa ../phyldogdata/ExampleData/FastaFiles/HBG011025.fasta --prefix ../phyldogdata/ExampleData/RaxmlTrees/HBG011025 --model GTR+G --repeats on --threads 4

Analysis options:
  run mode: ML tree search
  start tree(s): random
  random seed: 1512594236
  tip-inner: OFF
  repeats: ON
  pattern compression: ON
  fast spr radius: AUTO
  spr subtree cutoff: 1.000000
  branch lengths: ML estimate (linked)
  SIMD kernels: AVX2
  parallelization: PTHREADS (4 threads)

[00:00:00] Reading alignment from file: ../phyldogdata/ExampleData/FastaFiles/HBG011025.fasta
[00:00:00] Loaded alignment with 23 taxa and 177 sites

WARNING: Duplicate sequences found: 5
WARNING: Sequences ENSGGOP00000016835 and ENSPTRP00000055510 are exactly identical!
WARNING: Sequences ENSGGOP00000016835 and ENSGGOP00000020850 are exactly identical!
WARNING: Sequences ENSGGOP00000016835 and ENSPPYP00000020092 are exactly identical!
WARNING: Sequences ENSGGOP00000016835 and ENSP00000380871 are exactly identical!
WARNING: Sequences ENSGGOP00000016835 and ENSGGOP00000003027 are exactly identical!

Alignment comprises 1 partitions and 98 patterns

Partition 0: noname
Model: GTR+FO+G4m
Alignment sites / patterns: 177 / 98
Gaps: 1.47 %
Invariant sites: 48.02 %


[00:00:00] Generating random starting tree(s) with 23 taxa
[00:00:00] Data distribution: partitions/thread: 1-1, patterns/thread: 24-25

Starting ML tree search with 1 distinct starting trees

[00:00:00 -1576.414859] Initial branch length optimization
[00:00:00 -1296.617726] Model parameter optimization (eps = 10.000000)
[00:00:00 -1192.828388] AUTODETECT spr round 1 (radius: 5)
[00:00:00 -1085.625596] AUTODETECT spr round 2 (radius: 10)
[00:00:00 -1052.018363] AUTODETECT spr round 3 (radius: 15)
[00:00:00 -1052.015934] SPR radius for FAST iterations: 10 (autodetect)
[00:00:00 -1052.015934] Model parameter optimization (eps = 3.000000)
[00:00:00 -1043.014537] FAST spr round 1 (radius: 10)
[00:00:00 -1038.868412] FAST spr round 2 (radius: 10)
[00:00:00 -1038.576045] FAST spr round 3 (radius: 10)
[00:00:00 -1038.575798] Model parameter optimization (eps = 1.000000)
[00:00:00 -1038.081147] SLOW spr round 1 (radius: 5)
[00:00:00 -1038.079481] SLOW spr round 2 (radius: 10)
[00:00:00 -1038.079464] SLOW spr round 3 (radius: 15)
[00:00:00 -1038.079464] SLOW spr round 4 (radius: 20)
[00:00:00 -1038.079464] Model parameter optimization (eps = 0.100000)

[00:00:00] ML tree search #1, logLikelihood: -1037.994687


Optimized model parameters:

   Partition 0: noname
   Rate heterogeneity: GAMMA (4 cats, mean),  alpha: 0.726116 (ML),  weights&rates: (0.250000,0.079773) (0.250000,0.375596) (0.250000,0.934174) (0.250000,2.610457) 
   Base frequencies (ML): 0.220124 0.199442 0.287728 0.292706 
   Substitution rates (ML): 4.317536 7.089739 0.693929 0.951194 7.514285 1.000000 

Final LogLikelihood: -1037.994687

Best ML tree saved to: /home/morelbt/github/raxml-ng/phyldogdata/ExampleData/RaxmlTrees/HBG011025.raxml.bestTree
Optimized model saved to: /home/morelbt/github/raxml-ng/phyldogdata/ExampleData/RaxmlTrees/HBG011025.raxml.bestModel

Execution log saved to: /home/morelbt/github/raxml-ng/phyldogdata/ExampleData/RaxmlTrees/HBG011025.raxml.log

Analysis started: 06-Dec-2017 22:03:56 / finished: 06-Dec-2017 22:03:57

Elapsed time: 1.010 seconds

