
RAxML-NG v. 0.6.0.dev BETA released on 24.01.2018 by The Exelixis Lab.
Authors: Alexey Kozlov, Alexandros Stamatakis, Diego Darriba, Tomas Flouri, Benoit Morel.
Latest version: https://github.com/amkozlov/raxml-ng
Questions/problems/suggestions? Please visit: https://groups.google.com/forum/#!forum/raxml

WARNING: This is a BETA release, please use at your own risk!

RAxML-NG was called as follows:

/home/morelbt/github/raxml-ng/bin/raxml-ng-mpi --msa /home/morelbt/github/phd_experiments/datasets/general/ENSGT00860000133679/fasta_files/ENSGT00860000133679.fa --model GTR --prefix /home/morelbt/github/phd_experiments/results/mpirun/one_node/mpirun2/banana --seed 1

Analysis options:
  run mode: ML tree search
  start tree(s): random
  random seed: 1
  tip-inner: ON
  pattern compression: ON
  per-rate scalers: OFF
  site repeats: OFF
  fast spr radius: AUTO
  spr subtree cutoff: 1.000000
  branch lengths: ML estimate (linked)
  SIMD kernels: AVX2
  parallelization: MPI (8 ranks)

[00:00:00] Reading alignment from file: /home/morelbt/github/phd_experiments/datasets/general/ENSGT00860000133679/fasta_files/ENSGT00860000133679.fa
[00:00:00] Loaded alignment with 136 taxa and 140577 sites

WARNING: Fully undetermined columns found: 1

NOTE: Reduced alignment (with gap-only columns removed) was printed to:
/home/morelbt/github/phd_experiments/results/mpirun/one_node/mpirun2/banana.raxml.reduced.phy

Alignment comprises 1 partitions and 39934 patterns

Partition 0: noname
Model: GTR+FO
Alignment sites / patterns: 140576 / 39934
Gaps: 89.31 %
Invariant sites: 1.56 %


NOTE: Binary MSA file created: /home/morelbt/github/phd_experiments/results/mpirun/one_node/mpirun2/banana.raxml.rba

[00:00:19] Generating random starting tree(s) with 136 taxa
[00:00:19] Data distribution: partitions/thread: 1-1, patterns/thread: 4991-4992

Starting ML tree search with 1 distinct starting trees

[00:00:19 -2368246.480050] Initial branch length optimization
[00:00:20 -1787692.241867] Model parameter optimization (eps = 10.000000)
[00:00:28 -1761603.949723] AUTODETECT spr round 1 (radius: 5)
[00:00:35 -1362956.435152] AUTODETECT spr round 2 (radius: 10)
[00:00:46 -1145220.529840] AUTODETECT spr round 3 (radius: 15)
[00:01:00 -1054060.202918] AUTODETECT spr round 4 (radius: 20)
[00:01:12 -1048570.037170] AUTODETECT spr round 5 (radius: 25)
[00:01:23 -1048568.796561] SPR radius for FAST iterations: 25 (autodetect)
[00:01:23 -1048568.796561] Model parameter optimization (eps = 3.000000)
[00:01:31 -1041309.653181] FAST spr round 1 (radius: 25)
[00:01:49 -1027774.461036] FAST spr round 2 (radius: 25)
[00:02:03 -1026505.886168] FAST spr round 3 (radius: 25)
[00:02:11 -1026483.266675] FAST spr round 4 (radius: 25)
[00:02:20 -1026478.488094] FAST spr round 5 (radius: 25)
[00:02:28 -1026478.267436] FAST spr round 6 (radius: 25)
[00:02:37 -1026478.265559] Model parameter optimization (eps = 1.000000)
[00:02:41 -1026466.696428] SLOW spr round 1 (radius: 5)
[00:03:14 -1026358.123305] SLOW spr round 2 (radius: 5)
[00:03:43 -1026357.979064] SLOW spr round 3 (radius: 5)
[00:04:11 -1026357.956906] SLOW spr round 4 (radius: 10)
[00:04:39 -1026342.146145] SLOW spr round 5 (radius: 5)
[00:05:26 -1026340.809622] SLOW spr round 6 (radius: 5)
[00:06:06 -1026340.805783] SLOW spr round 7 (radius: 10)
[00:06:37 -1026340.805321] SLOW spr round 8 (radius: 15)
[00:07:52 -1026340.805235] SLOW spr round 9 (radius: 20)
[00:09:00 -1026340.805200] SLOW spr round 10 (radius: 25)
[00:09:17 -1026340.805176] Model parameter optimization (eps = 0.100000)

[00:09:19] ML tree search #1, logLikelihood: -1026339.977661


Optimized model parameters:

   Partition 0: noname
   Rate heterogeneity: NONE
   Base frequencies (ML): 0.268468 0.256940 0.269841 0.204751 
   Substitution rates (ML): 1.375297 3.299762 1.043439 1.305900 4.549736 1.000000 

Final LogLikelihood: -1026339.977661

Best ML tree saved to: /home/morelbt/github/phd_experiments/results/mpirun/one_node/mpirun2/banana.raxml.bestTree
Optimized model saved to: /home/morelbt/github/phd_experiments/results/mpirun/one_node/mpirun2/banana.raxml.bestModel

Execution log saved to: /home/morelbt/github/phd_experiments/results/mpirun/one_node/mpirun2/banana.raxml.log

Analysis started: 16-Feb-2018 15:21:11 / finished: 16-Feb-2018 15:30:31

Elapsed time: 559.423 seconds

