
RAxML-NG v. 0.6.0.dev BETA released on 09.01.2018 by The Exelixis Lab.
Authors: Alexey Kozlov, Alexandros Stamatakis, Diego Darriba, Tomas Flouri, Benoit Morel.
Latest version: https://github.com/amkozlov/raxml-ng
Questions/problems/suggestions? Please visit: https://groups.google.com/forum/#!forum/raxml

WARNING: This is a BETA release, please use at your own risk!

RAxML-NG was called as follows:



Analysis options:
  run mode: ML tree search + bootstrapping
  start tree(s): random (20)
  random seed: 1517921990
  tip-inner: OFF
  pattern compression: ON
  per-rate scalers: OFF
  site repeats: ON
  branch lengths: ML estimate (linked)
  SIMD kernels: AVX2
  parallelization: NONE/sequential

[00:00:00] Reading alignment from file: /home/morelbt/github/raxdog/data/DataExample/FastaFiles/HBG011037.fasta
[00:00:00] Loaded alignment with 5 taxa and 336 sites

Alignment comprises 1 partitions and 155 patterns

Partition 0: noname
Model: GTR+FO
Alignment sites / patterns: 336 / 155
Gaps: 14.46 %
Invariant sites: 5.36 %


NOTE: Binary MSA file already exists: /home/morelbt/github/phd_experiments/results/multi-raxml/haswellrun/phyldog_example_supporttrees_0/raxmlrresults/HBG011037.raxml.rba

[00:00:00] Generating random starting tree(s) with 5 taxa
[00:00:00] Data distribution: partitions/thread: 1-1, patterns/thread: 155-155

Starting ML tree search with 20 distinct starting trees

[00:00:00] ML tree search #1, logLikelihood: -1405.054891
[00:00:00] ML tree search #2, logLikelihood: -1405.054880
[00:00:00] ML tree search #3, logLikelihood: -1405.054988
[00:00:01] ML tree search #4, logLikelihood: -1405.054878
[00:00:01] ML tree search #5, logLikelihood: -1405.054880
[00:00:01] ML tree search #6, logLikelihood: -1405.055349
[00:00:01] ML tree search #7, logLikelihood: -1405.054938
[00:00:01] ML tree search #8, logLikelihood: -1405.054879
[00:00:01] ML tree search #9, logLikelihood: -1405.054982
[00:00:02] ML tree search #10, logLikelihood: -1405.054878
[00:00:02] ML tree search #11, logLikelihood: -1405.054988
[00:00:02] ML tree search #12, logLikelihood: -1405.054888
[00:00:02] ML tree search #13, logLikelihood: -1405.054888
[00:00:02] ML tree search #14, logLikelihood: -1405.054878
[00:00:02] ML tree search #15, logLikelihood: -1405.054891
[00:00:02] ML tree search #16, logLikelihood: -1405.054878
[00:00:03] ML tree search #17, logLikelihood: -1405.054890
[00:00:03] ML tree search #18, logLikelihood: -1405.054878
[00:00:03] ML tree search #19, logLikelihood: -1405.055314
[00:00:03] ML tree search #20, logLikelihood: -1405.054988

[00:00:03] ML tree search completed, best tree logLH: -1405.054878

[00:00:03] Starting bootstrapping analysis with 100 replicates.

[00:00:03] Bootstrap tree #1, logLikelihood: -1377.808444
[00:00:03] Bootstrap tree #2, logLikelihood: -1384.543272
[00:00:04] Bootstrap tree #3, logLikelihood: -1407.926349
[00:00:04] Bootstrap tree #4, logLikelihood: -1350.500453
[00:00:04] Bootstrap tree #5, logLikelihood: -1346.448133
[00:00:04] Bootstrap tree #6, logLikelihood: -1420.756556
[00:00:04] Bootstrap tree #7, logLikelihood: -1467.244399
[00:00:04] Bootstrap tree #8, logLikelihood: -1350.842023
[00:00:05] Bootstrap tree #9, logLikelihood: -1457.606107
[00:00:05] Bootstrap tree #10, logLikelihood: -1365.241900
[00:00:05] Bootstrap tree #11, logLikelihood: -1432.865940
[00:00:05] Bootstrap tree #12, logLikelihood: -1392.929286
[00:00:05] Bootstrap tree #13, logLikelihood: -1387.087876
[00:00:05] Bootstrap tree #14, logLikelihood: -1409.025146
[00:00:05] Bootstrap tree #15, logLikelihood: -1401.299227
[00:00:06] Bootstrap tree #16, logLikelihood: -1360.271515
[00:00:06] Bootstrap tree #17, logLikelihood: -1389.821099
[00:00:06] Bootstrap tree #18, logLikelihood: -1397.498426
[00:00:06] Bootstrap tree #19, logLikelihood: -1364.084238
[00:00:06] Bootstrap tree #20, logLikelihood: -1366.615401
[00:00:06] Bootstrap tree #21, logLikelihood: -1413.841933
[00:00:07] Bootstrap tree #22, logLikelihood: -1407.833274
[00:00:07] Bootstrap tree #23, logLikelihood: -1362.522464
[00:00:07] Bootstrap tree #24, logLikelihood: -1393.037051
[00:00:07] Bootstrap tree #25, logLikelihood: -1396.277354
[00:00:07] Bootstrap tree #26, logLikelihood: -1437.169549
[00:00:08] Bootstrap tree #27, logLikelihood: -1468.192739
[00:00:08] Bootstrap tree #28, logLikelihood: -1374.144115
[00:00:08] Bootstrap tree #29, logLikelihood: -1464.755181
[00:00:08] Bootstrap tree #30, logLikelihood: -1379.060490
[00:00:09] Bootstrap tree #31, logLikelihood: -1361.359017
[00:00:09] Bootstrap tree #32, logLikelihood: -1313.254352
[00:00:09] Bootstrap tree #33, logLikelihood: -1460.960589
[00:00:09] Bootstrap tree #34, logLikelihood: -1303.108702
[00:00:10] Bootstrap tree #35, logLikelihood: -1456.773084
[00:00:10] Bootstrap tree #36, logLikelihood: -1371.971008
[00:00:10] Bootstrap tree #37, logLikelihood: -1358.125123
[00:00:10] Bootstrap tree #38, logLikelihood: -1402.586782
[00:00:11] Bootstrap tree #39, logLikelihood: -1325.618152
[00:00:11] Bootstrap tree #40, logLikelihood: -1403.977995
[00:00:11] Bootstrap tree #41, logLikelihood: -1430.463431
[00:00:11] Bootstrap tree #42, logLikelihood: -1334.502701
[00:00:12] Bootstrap tree #43, logLikelihood: -1436.863279
[00:00:12] Bootstrap tree #44, logLikelihood: -1381.703047
[00:00:12] Bootstrap tree #45, logLikelihood: -1370.110835
[00:00:12] Bootstrap tree #46, logLikelihood: -1360.015911
[00:00:13] Bootstrap tree #47, logLikelihood: -1336.345415
[00:00:13] Bootstrap tree #48, logLikelihood: -1422.694472
[00:00:13] Bootstrap tree #49, logLikelihood: -1391.556590
[00:00:13] Bootstrap tree #50, logLikelihood: -1379.838246
[00:00:13] Bootstrap tree #51, logLikelihood: -1421.936109
[00:00:14] Bootstrap tree #52, logLikelihood: -1396.609267
[00:00:14] Bootstrap tree #53, logLikelihood: -1421.940739
[00:00:14] Bootstrap tree #54, logLikelihood: -1460.938902
[00:00:15] Bootstrap tree #55, logLikelihood: -1358.890424
[00:00:15] Bootstrap tree #56, logLikelihood: -1352.839942
[00:00:15] Bootstrap tree #57, logLikelihood: -1428.509751
[00:00:16] Bootstrap tree #58, logLikelihood: -1357.094350
[00:00:16] Bootstrap tree #59, logLikelihood: -1444.956440
[00:00:17] Bootstrap tree #60, logLikelihood: -1313.920564
[00:00:17] Bootstrap tree #61, logLikelihood: -1408.209973
[00:00:17] Bootstrap tree #62, logLikelihood: -1452.779389
[00:00:18] Bootstrap tree #63, logLikelihood: -1425.359386
[00:00:18] Bootstrap tree #64, logLikelihood: -1403.725266
[00:00:18] Bootstrap tree #65, logLikelihood: -1384.272604
[00:00:18] Bootstrap tree #66, logLikelihood: -1390.188159
[00:00:19] Bootstrap tree #67, logLikelihood: -1376.119787
[00:00:19] Bootstrap tree #68, logLikelihood: -1362.752656
[00:00:19] Bootstrap tree #69, logLikelihood: -1465.801253
[00:00:19] Bootstrap tree #70, logLikelihood: -1412.050989
[00:00:20] Bootstrap tree #71, logLikelihood: -1407.005575
[00:00:20] Bootstrap tree #72, logLikelihood: -1396.999198
[00:00:20] Bootstrap tree #73, logLikelihood: -1391.793244
[00:00:21] Bootstrap tree #74, logLikelihood: -1441.918269
[00:00:21] Bootstrap tree #75, logLikelihood: -1336.712894
[00:00:21] Bootstrap tree #76, logLikelihood: -1444.559075
[00:00:22] Bootstrap tree #77, logLikelihood: -1379.146370
[00:00:22] Bootstrap tree #78, logLikelihood: -1349.391985
[00:00:22] Bootstrap tree #79, logLikelihood: -1380.355560
[00:00:23] Bootstrap tree #80, logLikelihood: -1413.988252
[00:00:23] Bootstrap tree #81, logLikelihood: -1399.159462
[00:00:23] Bootstrap tree #82, logLikelihood: -1438.581580
[00:00:24] Bootstrap tree #83, logLikelihood: -1396.834366
[00:00:24] Bootstrap tree #84, logLikelihood: -1348.564013
[00:00:24] Bootstrap tree #85, logLikelihood: -1467.552393
[00:00:24] Bootstrap tree #86, logLikelihood: -1403.815108
[00:00:25] Bootstrap tree #87, logLikelihood: -1428.607070
[00:00:25] Bootstrap tree #88, logLikelihood: -1412.374839
[00:00:25] Bootstrap tree #89, logLikelihood: -1384.446992
[00:00:26] Bootstrap tree #90, logLikelihood: -1403.533241
[00:00:26] Bootstrap tree #91, logLikelihood: -1390.422280
[00:00:26] Bootstrap tree #92, logLikelihood: -1376.831761
[00:00:27] Bootstrap tree #93, logLikelihood: -1373.729351
[00:00:27] Bootstrap tree #94, logLikelihood: -1390.089453
[00:00:27] Bootstrap tree #95, logLikelihood: -1433.142946
[00:00:27] Bootstrap tree #96, logLikelihood: -1400.570951
[00:00:28] Bootstrap tree #97, logLikelihood: -1404.306854
[00:00:28] Bootstrap tree #98, logLikelihood: -1388.906966
[00:00:28] Bootstrap tree #99, logLikelihood: -1404.629350
[00:00:29] Bootstrap tree #100, logLikelihood: -1431.835938

Optimized model parameters:

   Partition 0: noname
   Rate heterogeneity: NONE
   Base frequencies (ML): 0.200274 0.341863 0.258387 0.199476 
   Substitution rates (ML): 0.654753 1.784314 0.831318 0.666857 1.819682 1.000000 

Final LogLikelihood: -1405.054878

All ML trees saved to: /home/morelbt/github/phd_experiments/results/multi-raxml/haswellrun/phyldog_example_supporttrees_0/raxmlrresults/HBG011037.raxml.mlTrees
Best ML tree saved to: /home/morelbt/github/phd_experiments/results/multi-raxml/haswellrun/phyldog_example_supporttrees_0/raxmlrresults/HBG011037.raxml.bestTree
Best ML tree with bootstrap support values saved to: /home/morelbt/github/phd_experiments/results/multi-raxml/haswellrun/phyldog_example_supporttrees_0/raxmlrresults/HBG011037.raxml.support
Optimized model saved to: /home/morelbt/github/phd_experiments/results/multi-raxml/haswellrun/phyldog_example_supporttrees_0/raxmlrresults/HBG011037.raxml.bestModel
Bootstrap trees saved to: /home/morelbt/github/phd_experiments/results/multi-raxml/haswellrun/phyldog_example_supporttrees_0/raxmlrresults/HBG011037.raxml.bootstraps

Execution log saved to: /home/morelbt/github/phd_experiments/results/multi-raxml/haswellrun/phyldog_example_supporttrees_0/raxmlrresults/HBG011037.raxml.log

Analysis started: 06-Feb-2018 13:59:50 / finished: 06-Feb-2018 14:00:20

Elapsed time: 30.209 seconds

