
RAxML-NG v. 0.6.0.dev BETA released on 09.01.2018 by The Exelixis Lab.
Authors: Alexey Kozlov, Alexandros Stamatakis, Diego Darriba, Tomas Flouri, Benoit Morel.
Latest version: https://github.com/amkozlov/raxml-ng
Questions/problems/suggestions? Please visit: https://groups.google.com/forum/#!forum/raxml

WARNING: This is a BETA release, please use at your own risk!

RAxML-NG was called as follows:



Analysis options:
  run mode: ML tree search + bootstrapping
  start tree(s): random (20)
  random seed: 1517919677
  tip-inner: OFF
  pattern compression: ON
  per-rate scalers: OFF
  site repeats: ON
  branch lengths: ML estimate (linked)
  SIMD kernels: AVX2
  parallelization: MPI (4 ranks)

[00:00:00] Reading alignment from file: /home/morelbt/github/raxdog/data/DataExample/FastaFiles/HBG011004.fasta
[00:00:00] Loaded alignment with 55 taxa and 2874 sites

Alignment comprises 1 partitions and 2620 patterns

Partition 0: noname
Model: GTR+FO
Alignment sites / patterns: 2874 / 2620
Gaps: 13.06 %
Invariant sites: 5.08 %


NOTE: Binary MSA file already exists: /home/morelbt/github/phd_experiments/results/multi-raxml/haswellrun/phyldog_example_supporttrees_0/raxmlrresults/HBG011004.raxml.rba

[00:00:00] Generating random starting tree(s) with 55 taxa
[00:00:00] Data distribution: partitions/thread: 1-1, patterns/thread: 655-655

Starting ML tree search with 20 distinct starting trees

[00:00:10] ML tree search #1, logLikelihood: -56325.488953
[00:00:24] ML tree search #2, logLikelihood: -56331.094117
[00:00:37] ML tree search #3, logLikelihood: -56325.499036
[00:00:53] ML tree search #4, logLikelihood: -56325.497744
[00:01:03] ML tree search #5, logLikelihood: -56325.505292
[00:01:15] ML tree search #6, logLikelihood: -56331.080686
[00:01:22] ML tree search #7, logLikelihood: -56331.084044
[00:01:30] ML tree search #8, logLikelihood: -56325.491450
[00:01:39] ML tree search #9, logLikelihood: -56325.490268
[00:01:48] ML tree search #10, logLikelihood: -56325.495372
[00:01:57] ML tree search #11, logLikelihood: -56331.080281
[00:02:08] ML tree search #12, logLikelihood: -56325.498072
[00:02:17] ML tree search #13, logLikelihood: -56331.078598
[00:02:25] ML tree search #14, logLikelihood: -56331.085416
[00:02:35] ML tree search #15, logLikelihood: -56325.490038
[00:02:45] ML tree search #16, logLikelihood: -56325.489941
[00:02:55] ML tree search #17, logLikelihood: -56325.507348
[00:03:06] ML tree search #18, logLikelihood: -56325.496567
[00:03:16] ML tree search #19, logLikelihood: -56331.081625
[00:03:24] ML tree search #20, logLikelihood: -56325.494228

[00:03:24] ML tree search completed, best tree logLH: -56325.488953

[00:03:24] Starting bootstrapping analysis with 100 replicates.

[00:03:30] Bootstrap tree #1, logLikelihood: -55586.929881
[00:03:41] Bootstrap tree #2, logLikelihood: -57931.086551
[00:03:48] Bootstrap tree #3, logLikelihood: -55708.022307
[00:03:56] Bootstrap tree #4, logLikelihood: -56075.067908
[00:04:03] Bootstrap tree #5, logLikelihood: -56143.498670
[00:04:09] Bootstrap tree #6, logLikelihood: -55219.762208
[00:04:15] Bootstrap tree #7, logLikelihood: -56000.378821
[00:04:26] Bootstrap tree #8, logLikelihood: -54904.522801
[00:04:34] Bootstrap tree #9, logLikelihood: -56449.418461
[00:04:42] Bootstrap tree #10, logLikelihood: -55639.104572
[00:04:51] Bootstrap tree #11, logLikelihood: -55944.471011
[00:05:01] Bootstrap tree #12, logLikelihood: -56738.029736
[00:05:13] Bootstrap tree #13, logLikelihood: -56509.799411
[00:05:21] Bootstrap tree #14, logLikelihood: -56414.721523
[00:05:30] Bootstrap tree #15, logLikelihood: -55684.649242
[00:05:40] Bootstrap tree #16, logLikelihood: -56149.442597
[00:05:47] Bootstrap tree #17, logLikelihood: -56321.644264
[00:05:55] Bootstrap tree #18, logLikelihood: -55562.047377
[00:06:03] Bootstrap tree #19, logLikelihood: -56773.134799
[00:06:14] Bootstrap tree #20, logLikelihood: -56610.212193
[00:06:22] Bootstrap tree #21, logLikelihood: -56247.064296
[00:06:29] Bootstrap tree #22, logLikelihood: -56059.200933
[00:06:38] Bootstrap tree #23, logLikelihood: -57997.725660
[00:06:47] Bootstrap tree #24, logLikelihood: -57839.592501
[00:06:55] Bootstrap tree #25, logLikelihood: -55317.884441
[00:07:04] Bootstrap tree #26, logLikelihood: -55808.075248
[00:07:14] Bootstrap tree #27, logLikelihood: -56932.322618
[00:07:23] Bootstrap tree #28, logLikelihood: -56254.161926
[00:07:33] Bootstrap tree #29, logLikelihood: -56078.487466
[00:07:45] Bootstrap tree #30, logLikelihood: -55446.298942
[00:07:56] Bootstrap tree #31, logLikelihood: -56672.348136
[00:08:04] Bootstrap tree #32, logLikelihood: -55670.821564
[00:08:13] Bootstrap tree #33, logLikelihood: -55603.595311
[00:08:21] Bootstrap tree #34, logLikelihood: -56673.233863
[00:08:28] Bootstrap tree #35, logLikelihood: -57306.621888
[00:08:40] Bootstrap tree #36, logLikelihood: -56454.939769
[00:08:52] Bootstrap tree #37, logLikelihood: -56456.148665
[00:09:00] Bootstrap tree #38, logLikelihood: -56400.973015
[00:09:12] Bootstrap tree #39, logLikelihood: -54340.733046
[00:09:29] Bootstrap tree #40, logLikelihood: -56083.272171
[00:09:40] Bootstrap tree #41, logLikelihood: -56084.621907
[00:09:50] Bootstrap tree #42, logLikelihood: -57597.275386
[00:10:11] Bootstrap tree #43, logLikelihood: -57292.068426
[00:10:24] Bootstrap tree #44, logLikelihood: -55010.046142
[00:10:33] Bootstrap tree #45, logLikelihood: -56417.976021
[00:10:41] Bootstrap tree #46, logLikelihood: -56739.212124
[00:10:50] Bootstrap tree #47, logLikelihood: -56688.957018
[00:10:57] Bootstrap tree #48, logLikelihood: -55168.118712
[00:11:09] Bootstrap tree #49, logLikelihood: -55959.834726
[00:11:21] Bootstrap tree #50, logLikelihood: -55830.446467
[00:11:34] Bootstrap tree #51, logLikelihood: -56243.283212
[00:11:42] Bootstrap tree #52, logLikelihood: -56833.918174
[00:11:50] Bootstrap tree #53, logLikelihood: -58160.671444
[00:11:58] Bootstrap tree #54, logLikelihood: -57234.608913
[00:12:08] Bootstrap tree #55, logLikelihood: -55700.498640
[00:12:20] Bootstrap tree #56, logLikelihood: -56709.658127
[00:12:30] Bootstrap tree #57, logLikelihood: -56475.126770
[00:12:40] Bootstrap tree #58, logLikelihood: -56564.897655
[00:12:51] Bootstrap tree #59, logLikelihood: -55884.833541
[00:13:02] Bootstrap tree #60, logLikelihood: -55870.475556
[00:13:14] Bootstrap tree #61, logLikelihood: -55133.152815
[00:13:27] Bootstrap tree #62, logLikelihood: -58869.973732
[00:13:43] Bootstrap tree #63, logLikelihood: -55009.893775
[00:13:59] Bootstrap tree #64, logLikelihood: -54257.821832
[00:14:08] Bootstrap tree #65, logLikelihood: -55144.463589
[00:14:16] Bootstrap tree #66, logLikelihood: -57138.414020
[00:14:30] Bootstrap tree #67, logLikelihood: -55170.438330
[00:14:39] Bootstrap tree #68, logLikelihood: -56053.599936
[00:14:51] Bootstrap tree #69, logLikelihood: -57028.248291
[00:15:01] Bootstrap tree #70, logLikelihood: -56694.171264
[00:15:15] Bootstrap tree #71, logLikelihood: -55867.350991
[00:15:26] Bootstrap tree #72, logLikelihood: -55789.976325
[00:15:34] Bootstrap tree #73, logLikelihood: -55369.992169
[00:15:46] Bootstrap tree #74, logLikelihood: -54761.775255
[00:16:00] Bootstrap tree #75, logLikelihood: -55899.657251
[00:16:15] Bootstrap tree #76, logLikelihood: -56206.862092
[00:16:29] Bootstrap tree #77, logLikelihood: -55744.501944
[00:16:41] Bootstrap tree #78, logLikelihood: -55849.437512
[00:16:52] Bootstrap tree #79, logLikelihood: -56107.268913
[00:17:08] Bootstrap tree #80, logLikelihood: -55947.213376
[00:17:24] Bootstrap tree #81, logLikelihood: -56665.697326
[00:17:36] Bootstrap tree #82, logLikelihood: -55503.050708
[00:17:47] Bootstrap tree #83, logLikelihood: -57206.508697
[00:17:59] Bootstrap tree #84, logLikelihood: -56508.171123
[00:18:12] Bootstrap tree #85, logLikelihood: -56075.095021
[00:18:21] Bootstrap tree #86, logLikelihood: -56241.905009
[00:18:31] Bootstrap tree #87, logLikelihood: -56141.492785
[00:18:41] Bootstrap tree #88, logLikelihood: -55024.841939
[00:18:53] Bootstrap tree #89, logLikelihood: -56073.747598
[00:19:07] Bootstrap tree #90, logLikelihood: -56126.476903
[00:19:16] Bootstrap tree #91, logLikelihood: -57626.681630
[00:19:28] Bootstrap tree #92, logLikelihood: -54992.939936
[00:19:41] Bootstrap tree #93, logLikelihood: -56471.875414
[00:19:52] Bootstrap tree #94, logLikelihood: -56552.601183
[00:20:02] Bootstrap tree #95, logLikelihood: -56060.522504
[00:20:11] Bootstrap tree #96, logLikelihood: -55558.275471
[00:20:24] Bootstrap tree #97, logLikelihood: -57118.383954
[00:20:35] Bootstrap tree #98, logLikelihood: -54501.013047
[00:20:47] Bootstrap tree #99, logLikelihood: -56633.731497
[00:20:57] Bootstrap tree #100, logLikelihood: -57245.028612

Optimized model parameters:

   Partition 0: noname
   Rate heterogeneity: NONE
   Base frequencies (ML): 0.315085 0.187984 0.208282 0.288649 
   Substitution rates (ML): 2.279915 4.428005 0.914599 2.724469 6.817074 1.000000 

Final LogLikelihood: -56325.488953

All ML trees saved to: /home/morelbt/github/phd_experiments/results/multi-raxml/haswellrun/phyldog_example_supporttrees_0/raxmlrresults/HBG011004.raxml.mlTrees
Best ML tree saved to: /home/morelbt/github/phd_experiments/results/multi-raxml/haswellrun/phyldog_example_supporttrees_0/raxmlrresults/HBG011004.raxml.bestTree
Best ML tree with bootstrap support values saved to: /home/morelbt/github/phd_experiments/results/multi-raxml/haswellrun/phyldog_example_supporttrees_0/raxmlrresults/HBG011004.raxml.support
Optimized model saved to: /home/morelbt/github/phd_experiments/results/multi-raxml/haswellrun/phyldog_example_supporttrees_0/raxmlrresults/HBG011004.raxml.bestModel
Bootstrap trees saved to: /home/morelbt/github/phd_experiments/results/multi-raxml/haswellrun/phyldog_example_supporttrees_0/raxmlrresults/HBG011004.raxml.bootstraps

Execution log saved to: /home/morelbt/github/phd_experiments/results/multi-raxml/haswellrun/phyldog_example_supporttrees_0/raxmlrresults/HBG011004.raxml.log

Analysis started: 06-Feb-2018 13:21:16 / finished: 06-Feb-2018 13:42:15

Elapsed time: 1258.485 seconds

