
RAxML-NG v. 0.6.0.dev BETA released on 09.01.2018 by The Exelixis Lab.
Authors: Alexey Kozlov, Alexandros Stamatakis, Diego Darriba, Tomas Flouri, Benoit Morel.
Latest version: https://github.com/amkozlov/raxml-ng
Questions/problems/suggestions? Please visit: https://groups.google.com/forum/#!forum/raxml

WARNING: This is a BETA release, please use at your own risk!

RAxML-NG was called as follows:



Analysis options:
  run mode: ML tree search + bootstrapping
  start tree(s): random (20)
  random seed: 1517921187
  tip-inner: OFF
  pattern compression: ON
  per-rate scalers: OFF
  site repeats: ON
  branch lengths: ML estimate (linked)
  SIMD kernels: AVX2
  parallelization: NONE/sequential

[00:00:01] Reading alignment from file: /home/morelbt/github/raxdog/data/DataExample/FastaFiles/HBG011010.fasta
[00:00:01] Loaded alignment with 40 taxa and 456 sites

Alignment comprises 1 partitions and 398 patterns

Partition 0: noname
Model: GTR+FO
Alignment sites / patterns: 456 / 398
Gaps: 13.84 %
Invariant sites: 9.43 %


NOTE: Binary MSA file already exists: /home/morelbt/github/phd_experiments/results/multi-raxml/haswellrun/phyldog_example_supporttrees_0/raxmlrresults/HBG011010.raxml.rba

[00:00:01] Generating random starting tree(s) with 40 taxa
[00:00:02] Data distribution: partitions/thread: 1-1, patterns/thread: 398-398

Starting ML tree search with 20 distinct starting trees

[00:00:08] ML tree search #1, logLikelihood: -6892.348041
[00:00:10] ML tree search #2, logLikelihood: -6894.385664
[00:00:13] ML tree search #3, logLikelihood: -6894.783904
[00:00:17] ML tree search #4, logLikelihood: -6895.980044
[00:00:20] ML tree search #5, logLikelihood: -6893.048503
[00:00:23] ML tree search #6, logLikelihood: -6893.001155
[00:00:27] ML tree search #7, logLikelihood: -6892.874739
[00:00:31] ML tree search #8, logLikelihood: -6891.993669
[00:00:35] ML tree search #9, logLikelihood: -6892.983314
[00:00:39] ML tree search #10, logLikelihood: -6893.140309
[00:00:43] ML tree search #11, logLikelihood: -6893.393774
[00:00:47] ML tree search #12, logLikelihood: -6895.601641
[00:00:56] ML tree search #13, logLikelihood: -6893.052532
[00:00:59] ML tree search #14, logLikelihood: -6891.817094
[00:01:02] ML tree search #15, logLikelihood: -6898.033482
[00:01:05] ML tree search #16, logLikelihood: -6893.392961
[00:01:10] ML tree search #17, logLikelihood: -6894.217143
[00:01:13] ML tree search #18, logLikelihood: -6893.391073
[00:01:17] ML tree search #19, logLikelihood: -6893.763848
[00:01:22] ML tree search #20, logLikelihood: -6891.815620

[00:01:22] ML tree search completed, best tree logLH: -6891.815620

[00:01:22] Starting bootstrapping analysis with 100 replicates.

[00:01:26] Bootstrap tree #1, logLikelihood: -6712.505414
[00:01:29] Bootstrap tree #2, logLikelihood: -6510.021629
[00:01:31] Bootstrap tree #3, logLikelihood: -6306.779088
[00:01:34] Bootstrap tree #4, logLikelihood: -6418.118529
[00:01:37] Bootstrap tree #5, logLikelihood: -7309.284406
[00:01:40] Bootstrap tree #6, logLikelihood: -6925.891447
[00:01:43] Bootstrap tree #7, logLikelihood: -6564.684767
[00:01:46] Bootstrap tree #8, logLikelihood: -6446.354174
[00:01:49] Bootstrap tree #9, logLikelihood: -6950.070002
[00:01:51] Bootstrap tree #10, logLikelihood: -6608.885152
[00:01:55] Bootstrap tree #11, logLikelihood: -6672.466368
[00:01:58] Bootstrap tree #12, logLikelihood: -6882.657943
[00:02:01] Bootstrap tree #13, logLikelihood: -6814.655243
[00:02:04] Bootstrap tree #14, logLikelihood: -6563.842269
[00:02:08] Bootstrap tree #15, logLikelihood: -6608.721149
[00:02:11] Bootstrap tree #16, logLikelihood: -6708.710636
[00:02:14] Bootstrap tree #17, logLikelihood: -7002.721059
[00:02:17] Bootstrap tree #18, logLikelihood: -6858.899686
[00:02:20] Bootstrap tree #19, logLikelihood: -7000.022637
[00:02:25] Bootstrap tree #20, logLikelihood: -6623.577747
[00:02:28] Bootstrap tree #21, logLikelihood: -6992.814263
[00:02:31] Bootstrap tree #22, logLikelihood: -7033.124339
[00:02:36] Bootstrap tree #23, logLikelihood: -6705.017976
[00:02:43] Bootstrap tree #24, logLikelihood: -6933.191792
[00:02:46] Bootstrap tree #25, logLikelihood: -6793.926820
[00:02:49] Bootstrap tree #26, logLikelihood: -6658.752410
[00:02:57] Bootstrap tree #27, logLikelihood: -6721.510514
[00:03:01] Bootstrap tree #28, logLikelihood: -6545.868015
[00:03:05] Bootstrap tree #29, logLikelihood: -6858.244679
[00:03:10] Bootstrap tree #30, logLikelihood: -6857.834449
[00:03:13] Bootstrap tree #31, logLikelihood: -6650.863001
[00:03:19] Bootstrap tree #32, logLikelihood: -7100.352442
[00:03:24] Bootstrap tree #33, logLikelihood: -6615.428704
[00:03:30] Bootstrap tree #34, logLikelihood: -6178.357320
[00:03:38] Bootstrap tree #35, logLikelihood: -7010.900440
[00:03:45] Bootstrap tree #36, logLikelihood: -7249.365831
[00:03:51] Bootstrap tree #37, logLikelihood: -6622.138603
[00:03:55] Bootstrap tree #38, logLikelihood: -6668.661850
[00:04:03] Bootstrap tree #39, logLikelihood: -6594.429818
[00:04:08] Bootstrap tree #40, logLikelihood: -7011.870608
[00:04:13] Bootstrap tree #41, logLikelihood: -6893.195126
[00:04:19] Bootstrap tree #42, logLikelihood: -7072.429964
[00:04:26] Bootstrap tree #43, logLikelihood: -6509.016221
[00:04:33] Bootstrap tree #44, logLikelihood: -6524.494501
[00:04:38] Bootstrap tree #45, logLikelihood: -7033.958977
[00:04:43] Bootstrap tree #46, logLikelihood: -6575.540669
[00:04:47] Bootstrap tree #47, logLikelihood: -6805.503516
[00:04:55] Bootstrap tree #48, logLikelihood: -6498.626573
[00:05:00] Bootstrap tree #49, logLikelihood: -6948.380074
[00:05:08] Bootstrap tree #50, logLikelihood: -6713.816577
[00:05:18] Bootstrap tree #51, logLikelihood: -6544.993079
[00:05:25] Bootstrap tree #52, logLikelihood: -6845.007576
[00:05:34] Bootstrap tree #53, logLikelihood: -6651.474153
[00:05:41] Bootstrap tree #54, logLikelihood: -7020.273673
[00:05:52] Bootstrap tree #55, logLikelihood: -6645.880248
[00:05:59] Bootstrap tree #56, logLikelihood: -6694.970032
[00:06:08] Bootstrap tree #57, logLikelihood: -6610.717201
[00:06:16] Bootstrap tree #58, logLikelihood: -6749.005642
[00:06:27] Bootstrap tree #59, logLikelihood: -6743.161317
[00:06:37] Bootstrap tree #60, logLikelihood: -6731.884861
[00:06:45] Bootstrap tree #61, logLikelihood: -6839.616355
[00:06:51] Bootstrap tree #62, logLikelihood: -6903.299384
[00:06:59] Bootstrap tree #63, logLikelihood: -6459.951164
[00:07:06] Bootstrap tree #64, logLikelihood: -7119.520188
[00:07:13] Bootstrap tree #65, logLikelihood: -6804.465241
[00:07:19] Bootstrap tree #66, logLikelihood: -6708.434917
[00:07:25] Bootstrap tree #67, logLikelihood: -6635.874305
[00:07:31] Bootstrap tree #68, logLikelihood: -7073.376713
[00:07:39] Bootstrap tree #69, logLikelihood: -6690.270224
[00:07:47] Bootstrap tree #70, logLikelihood: -6492.720801
[00:07:52] Bootstrap tree #71, logLikelihood: -6927.807053
[00:07:57] Bootstrap tree #72, logLikelihood: -6752.346653
[00:08:04] Bootstrap tree #73, logLikelihood: -6772.294815
[00:08:11] Bootstrap tree #74, logLikelihood: -6654.910303
[00:08:19] Bootstrap tree #75, logLikelihood: -6765.807545
[00:08:24] Bootstrap tree #76, logLikelihood: -6634.201652
[00:08:34] Bootstrap tree #77, logLikelihood: -6790.997385
[00:08:40] Bootstrap tree #78, logLikelihood: -6864.976699
[00:08:45] Bootstrap tree #79, logLikelihood: -6894.601716
[00:08:50] Bootstrap tree #80, logLikelihood: -7000.856241
[00:08:57] Bootstrap tree #81, logLikelihood: -6850.718819
[00:09:03] Bootstrap tree #82, logLikelihood: -6802.476179
[00:09:07] Bootstrap tree #83, logLikelihood: -7058.735838
[00:09:12] Bootstrap tree #84, logLikelihood: -7104.730486
[00:09:17] Bootstrap tree #85, logLikelihood: -6753.702685
[00:09:23] Bootstrap tree #86, logLikelihood: -6867.834610
[00:09:30] Bootstrap tree #87, logLikelihood: -6740.476052
[00:09:36] Bootstrap tree #88, logLikelihood: -6854.017362
[00:09:42] Bootstrap tree #89, logLikelihood: -6847.152901
[00:09:50] Bootstrap tree #90, logLikelihood: -6983.357305
[00:09:57] Bootstrap tree #91, logLikelihood: -6895.536048
[00:10:09] Bootstrap tree #92, logLikelihood: -6809.519208
[00:10:17] Bootstrap tree #93, logLikelihood: -6865.965325
[00:10:24] Bootstrap tree #94, logLikelihood: -6641.349561
[00:10:32] Bootstrap tree #95, logLikelihood: -6819.469423
[00:10:38] Bootstrap tree #96, logLikelihood: -7104.701925
[00:10:45] Bootstrap tree #97, logLikelihood: -7089.294444
[00:10:49] Bootstrap tree #98, logLikelihood: -6736.639297
[00:10:57] Bootstrap tree #99, logLikelihood: -6848.899999
[00:11:03] Bootstrap tree #100, logLikelihood: -7253.762328

Optimized model parameters:

   Partition 0: noname
   Rate heterogeneity: NONE
   Base frequencies (ML): 0.337140 0.244265 0.205735 0.212861 
   Substitution rates (ML): 1.115595 2.790525 0.708798 0.743733 2.873972 1.000000 

Final LogLikelihood: -6891.815620

All ML trees saved to: /home/morelbt/github/phd_experiments/results/multi-raxml/haswellrun/phyldog_example_supporttrees_0/raxmlrresults/HBG011010.raxml.mlTrees
Best ML tree saved to: /home/morelbt/github/phd_experiments/results/multi-raxml/haswellrun/phyldog_example_supporttrees_0/raxmlrresults/HBG011010.raxml.bestTree
Best ML tree with bootstrap support values saved to: /home/morelbt/github/phd_experiments/results/multi-raxml/haswellrun/phyldog_example_supporttrees_0/raxmlrresults/HBG011010.raxml.support
Optimized model saved to: /home/morelbt/github/phd_experiments/results/multi-raxml/haswellrun/phyldog_example_supporttrees_0/raxmlrresults/HBG011010.raxml.bestModel
Bootstrap trees saved to: /home/morelbt/github/phd_experiments/results/multi-raxml/haswellrun/phyldog_example_supporttrees_0/raxmlrresults/HBG011010.raxml.bootstraps

Execution log saved to: /home/morelbt/github/phd_experiments/results/multi-raxml/haswellrun/phyldog_example_supporttrees_0/raxmlrresults/HBG011010.raxml.log

Analysis started: 06-Feb-2018 13:46:25 / finished: 06-Feb-2018 13:57:30

Elapsed time: 665.019 seconds

