
RAxML-NG v. 0.6.0.dev BETA released on 09.01.2018 by The Exelixis Lab.
Authors: Alexey Kozlov, Alexandros Stamatakis, Diego Darriba, Tomas Flouri, Benoit Morel.
Latest version: https://github.com/amkozlov/raxml-ng
Questions/problems/suggestions? Please visit: https://groups.google.com/forum/#!forum/raxml

WARNING: This is a BETA release, please use at your own risk!

RAxML-NG was called as follows:



Analysis options:
  run mode: ML tree search + bootstrapping
  start tree(s): random (20)
  random seed: 1517920557
  tip-inner: OFF
  pattern compression: ON
  per-rate scalers: OFF
  site repeats: ON
  branch lengths: ML estimate (linked)
  SIMD kernels: AVX2
  parallelization: MPI (2 ranks)

[00:00:01] Reading alignment from file: /home/morelbt/github/raxdog/data/DataExample/FastaFiles/HBG011026.fasta
[00:00:01] Loaded alignment with 107 taxa and 1038 sites

Alignment comprises 1 partitions and 1004 patterns

Partition 0: noname
Model: GTR+FO
Alignment sites / patterns: 1038 / 1004
Gaps: 20.21 %
Invariant sites: 5.59 %


NOTE: Binary MSA file already exists: /home/morelbt/github/phd_experiments/results/multi-raxml/haswellrun/phyldog_example_supporttrees_0/raxmlrresults/HBG011026.raxml.rba

[00:00:01] Generating random starting tree(s) with 107 taxa
[00:00:01] Data distribution: partitions/thread: 1-1, patterns/thread: 502-502

Starting ML tree search with 20 distinct starting trees

[00:00:23] ML tree search #1, logLikelihood: -43180.690563
[00:00:44] ML tree search #2, logLikelihood: -43182.136459
[00:01:04] ML tree search #3, logLikelihood: -43181.787587
[00:01:26] ML tree search #4, logLikelihood: -43186.192240
[00:01:48] ML tree search #5, logLikelihood: -43198.307963
[00:02:06] ML tree search #6, logLikelihood: -43180.184150
[00:02:28] ML tree search #7, logLikelihood: -43180.191268
[00:02:47] ML tree search #8, logLikelihood: -43181.450358
[00:03:11] ML tree search #9, logLikelihood: -43182.145861
[00:03:32] ML tree search #10, logLikelihood: -43181.912691
[00:03:53] ML tree search #11, logLikelihood: -43181.439036
[00:04:13] ML tree search #12, logLikelihood: -43180.178157
[00:04:31] ML tree search #13, logLikelihood: -43185.632135
[00:04:54] ML tree search #14, logLikelihood: -43180.684087
[00:05:15] ML tree search #15, logLikelihood: -43180.691227
[00:05:34] ML tree search #16, logLikelihood: -43181.457824
[00:05:59] ML tree search #17, logLikelihood: -43180.191433
[00:06:18] ML tree search #18, logLikelihood: -43201.100329
[00:06:36] ML tree search #19, logLikelihood: -43180.195165
[00:06:58] ML tree search #20, logLikelihood: -43191.080877

[00:06:58] ML tree search completed, best tree logLH: -43180.178157

[00:06:58] Starting bootstrapping analysis with 100 replicates.

[00:07:11] Bootstrap tree #1, logLikelihood: -42820.981168
[00:07:28] Bootstrap tree #2, logLikelihood: -41380.064780
[00:07:45] Bootstrap tree #3, logLikelihood: -41397.132088
[00:07:58] Bootstrap tree #4, logLikelihood: -43343.620711
[00:08:15] Bootstrap tree #5, logLikelihood: -42875.745072
[00:08:34] Bootstrap tree #6, logLikelihood: -42632.052474
[00:08:51] Bootstrap tree #7, logLikelihood: -42533.012635
[00:09:08] Bootstrap tree #8, logLikelihood: -43944.682281
[00:09:35] Bootstrap tree #9, logLikelihood: -42070.711722
[00:09:49] Bootstrap tree #10, logLikelihood: -43373.052205
[00:10:05] Bootstrap tree #11, logLikelihood: -43148.662360
[00:10:21] Bootstrap tree #12, logLikelihood: -43636.522090
[00:10:45] Bootstrap tree #13, logLikelihood: -43460.027954
[00:11:09] Bootstrap tree #14, logLikelihood: -43588.280261
[00:11:24] Bootstrap tree #15, logLikelihood: -42648.717471
[00:11:40] Bootstrap tree #16, logLikelihood: -43834.105693
[00:12:02] Bootstrap tree #17, logLikelihood: -42307.406946
[00:12:18] Bootstrap tree #18, logLikelihood: -42768.372846
[00:12:48] Bootstrap tree #19, logLikelihood: -43048.639937
[00:13:22] Bootstrap tree #20, logLikelihood: -43118.510039
[00:13:52] Bootstrap tree #21, logLikelihood: -43593.026685
[00:14:12] Bootstrap tree #22, logLikelihood: -43764.449331
[00:14:30] Bootstrap tree #23, logLikelihood: -42961.721432
[00:14:52] Bootstrap tree #24, logLikelihood: -41641.147010
[00:15:20] Bootstrap tree #25, logLikelihood: -44752.164089
[00:15:46] Bootstrap tree #26, logLikelihood: -41881.874211
[00:16:10] Bootstrap tree #27, logLikelihood: -42607.304254
[00:16:39] Bootstrap tree #28, logLikelihood: -42991.527678
[00:17:03] Bootstrap tree #29, logLikelihood: -43717.457827
[00:17:39] Bootstrap tree #30, logLikelihood: -44239.980311
[00:18:04] Bootstrap tree #31, logLikelihood: -43679.948261
[00:18:31] Bootstrap tree #32, logLikelihood: -42685.709999
[00:19:06] Bootstrap tree #33, logLikelihood: -42440.935239
[00:19:33] Bootstrap tree #34, logLikelihood: -42165.632208
[00:20:05] Bootstrap tree #35, logLikelihood: -42928.315618
[00:20:27] Bootstrap tree #36, logLikelihood: -43786.182480
[00:20:49] Bootstrap tree #37, logLikelihood: -43538.179164
[00:21:12] Bootstrap tree #38, logLikelihood: -43413.896981
[00:21:33] Bootstrap tree #39, logLikelihood: -42499.965349
[00:21:53] Bootstrap tree #40, logLikelihood: -43787.980025
[00:22:14] Bootstrap tree #41, logLikelihood: -42706.224787
[00:22:33] Bootstrap tree #42, logLikelihood: -43645.926040
[00:22:54] Bootstrap tree #43, logLikelihood: -42798.392648
[00:23:16] Bootstrap tree #44, logLikelihood: -43544.006222
[00:23:37] Bootstrap tree #45, logLikelihood: -42516.088723
[00:24:02] Bootstrap tree #46, logLikelihood: -42026.891444
[00:24:35] Bootstrap tree #47, logLikelihood: -42700.909303
[00:24:58] Bootstrap tree #48, logLikelihood: -42185.992831
[00:25:27] Bootstrap tree #49, logLikelihood: -43752.753785
[00:25:57] Bootstrap tree #50, logLikelihood: -43626.872105
[00:26:31] Bootstrap tree #51, logLikelihood: -42503.193785
[00:27:20] Bootstrap tree #52, logLikelihood: -42787.001786
[00:28:01] Bootstrap tree #53, logLikelihood: -42972.483710
[00:29:00] Bootstrap tree #54, logLikelihood: -42809.680404
[00:29:54] Bootstrap tree #55, logLikelihood: -43500.329278
[00:30:23] Bootstrap tree #56, logLikelihood: -43723.565930
[00:30:57] Bootstrap tree #57, logLikelihood: -42655.108386
[00:31:36] Bootstrap tree #58, logLikelihood: -44770.575081
[00:32:03] Bootstrap tree #59, logLikelihood: -41958.171362
[00:32:30] Bootstrap tree #60, logLikelihood: -41387.029886
[00:32:53] Bootstrap tree #61, logLikelihood: -42013.237550
[00:33:12] Bootstrap tree #62, logLikelihood: -44085.542825
[00:33:38] Bootstrap tree #63, logLikelihood: -43430.531854
[00:34:01] Bootstrap tree #64, logLikelihood: -42868.363912
[00:34:21] Bootstrap tree #65, logLikelihood: -42243.547430
[00:34:41] Bootstrap tree #66, logLikelihood: -41931.314392
[00:35:02] Bootstrap tree #67, logLikelihood: -45457.252502
[00:35:33] Bootstrap tree #68, logLikelihood: -43482.684748
[00:35:57] Bootstrap tree #69, logLikelihood: -42667.119529
[00:36:27] Bootstrap tree #70, logLikelihood: -41693.505533
[00:36:53] Bootstrap tree #71, logLikelihood: -43042.185073
[00:37:21] Bootstrap tree #72, logLikelihood: -42693.522575
[00:37:49] Bootstrap tree #73, logLikelihood: -41474.917830
[00:38:13] Bootstrap tree #74, logLikelihood: -42466.770933
[00:38:38] Bootstrap tree #75, logLikelihood: -42598.070883
[00:39:04] Bootstrap tree #76, logLikelihood: -42578.161728
[00:39:29] Bootstrap tree #77, logLikelihood: -43206.571061
[00:39:55] Bootstrap tree #78, logLikelihood: -43376.991070
[00:40:22] Bootstrap tree #79, logLikelihood: -43438.453503
[00:40:46] Bootstrap tree #80, logLikelihood: -42587.895048
[00:41:19] Bootstrap tree #81, logLikelihood: -43531.691671
[00:41:45] Bootstrap tree #82, logLikelihood: -42711.448043
[00:42:07] Bootstrap tree #83, logLikelihood: -43189.115381
[00:42:29] Bootstrap tree #84, logLikelihood: -44407.422770
[00:42:57] Bootstrap tree #85, logLikelihood: -43123.105442
[00:43:23] Bootstrap tree #86, logLikelihood: -41954.974131
[00:43:51] Bootstrap tree #87, logLikelihood: -42840.291663
[00:44:14] Bootstrap tree #88, logLikelihood: -43281.764134
[00:44:34] Bootstrap tree #89, logLikelihood: -43176.305715
[00:44:54] Bootstrap tree #90, logLikelihood: -43785.274383
[00:45:20] Bootstrap tree #91, logLikelihood: -43899.999934
[00:45:38] Bootstrap tree #92, logLikelihood: -41930.246466
[00:46:08] Bootstrap tree #93, logLikelihood: -43119.139947
[00:46:33] Bootstrap tree #94, logLikelihood: -44308.745598
[00:46:52] Bootstrap tree #95, logLikelihood: -42971.045043
[00:47:12] Bootstrap tree #96, logLikelihood: -42240.023939
[00:47:35] Bootstrap tree #97, logLikelihood: -43680.949897
[00:47:59] Bootstrap tree #98, logLikelihood: -42410.485697
[00:48:18] Bootstrap tree #99, logLikelihood: -43777.293529
[00:48:37] Bootstrap tree #100, logLikelihood: -43738.104339

Optimized model parameters:

   Partition 0: noname
   Rate heterogeneity: NONE
   Base frequencies (ML): 0.250368 0.241581 0.246826 0.261225 
   Substitution rates (ML): 1.653311 3.160410 0.945403 1.654208 3.545373 1.000000 

Final LogLikelihood: -43180.178157

All ML trees saved to: /home/morelbt/github/phd_experiments/results/multi-raxml/haswellrun/phyldog_example_supporttrees_0/raxmlrresults/HBG011026.raxml.mlTrees
Best ML tree saved to: /home/morelbt/github/phd_experiments/results/multi-raxml/haswellrun/phyldog_example_supporttrees_0/raxmlrresults/HBG011026.raxml.bestTree
Best ML tree with bootstrap support values saved to: /home/morelbt/github/phd_experiments/results/multi-raxml/haswellrun/phyldog_example_supporttrees_0/raxmlrresults/HBG011026.raxml.support
Optimized model saved to: /home/morelbt/github/phd_experiments/results/multi-raxml/haswellrun/phyldog_example_supporttrees_0/raxmlrresults/HBG011026.raxml.bestModel
Bootstrap trees saved to: /home/morelbt/github/phd_experiments/results/multi-raxml/haswellrun/phyldog_example_supporttrees_0/raxmlrresults/HBG011026.raxml.bootstraps

Execution log saved to: /home/morelbt/github/phd_experiments/results/multi-raxml/haswellrun/phyldog_example_supporttrees_0/raxmlrresults/HBG011026.raxml.log

Analysis started: 06-Feb-2018 13:35:55 / finished: 06-Feb-2018 14:24:34

Elapsed time: 2918.777 seconds

