
RAxML-NG v. 0.6.0.dev BETA released on 09.01.2018 by The Exelixis Lab.
Authors: Alexey Kozlov, Alexandros Stamatakis, Diego Darriba, Tomas Flouri, Benoit Morel.
Latest version: https://github.com/amkozlov/raxml-ng
Questions/problems/suggestions? Please visit: https://groups.google.com/forum/#!forum/raxml

WARNING: This is a BETA release, please use at your own risk!

RAxML-NG was called as follows:



Analysis options:
  run mode: ML tree search + bootstrapping
  start tree(s): random (20)
  random seed: 1517921163
  tip-inner: OFF
  pattern compression: ON
  per-rate scalers: OFF
  site repeats: ON
  branch lengths: ML estimate (linked)
  SIMD kernels: AVX2
  parallelization: NONE/sequential

[00:00:02] Reading alignment from file: /home/morelbt/github/raxdog/data/DataExample/FastaFiles/HBG011030.fasta
[00:00:02] Loaded alignment with 48 taxa and 846 sites

WARNING: Duplicate sequences found: 3
WARNING: Sequences ENSP00000450811 and ENSP00000314776 are exactly identical!
WARNING: Sequences ENSCHOP00000007977 and ENSCHOP00000007020 are exactly identical!
WARNING: Sequences ENSGGOP00000002798 and ENSPTRP00000029211 are exactly identical!

Alignment comprises 1 partitions and 566 patterns

Partition 0: noname
Model: GTR+FO
Alignment sites / patterns: 846 / 566
Gaps: 9.94 %
Invariant sites: 5.91 %


NOTE: Binary MSA file already exists: /home/morelbt/github/phd_experiments/results/multi-raxml/haswellrun/phyldog_example_supporttrees_0/raxmlrresults/HBG011030.raxml.rba

[00:00:02] Generating random starting tree(s) with 48 taxa
[00:00:03] Data distribution: partitions/thread: 1-1, patterns/thread: 566-566

Starting ML tree search with 20 distinct starting trees

[00:00:08] ML tree search #1, logLikelihood: -11362.997170
[00:00:12] ML tree search #2, logLikelihood: -11363.010813
[00:00:18] ML tree search #3, logLikelihood: -11363.001900
[00:00:23] ML tree search #4, logLikelihood: -11363.011995
[00:00:28] ML tree search #5, logLikelihood: -11363.011525
[00:00:33] ML tree search #6, logLikelihood: -11362.995164
[00:00:39] ML tree search #7, logLikelihood: -11362.994461
[00:00:44] ML tree search #8, logLikelihood: -11363.001427
[00:00:48] ML tree search #9, logLikelihood: -11362.998349
[00:00:54] ML tree search #10, logLikelihood: -11362.996271
[00:01:00] ML tree search #11, logLikelihood: -11362.998467
[00:01:05] ML tree search #12, logLikelihood: -11362.999282
[00:01:10] ML tree search #13, logLikelihood: -11363.000991
[00:01:15] ML tree search #14, logLikelihood: -11362.997949
[00:01:20] ML tree search #15, logLikelihood: -11362.999152
[00:01:27] ML tree search #16, logLikelihood: -11363.012758
[00:01:32] ML tree search #17, logLikelihood: -11363.005922
[00:01:38] ML tree search #18, logLikelihood: -11363.004660
[00:01:44] ML tree search #19, logLikelihood: -11374.180407
[00:01:49] ML tree search #20, logLikelihood: -11362.999373

[00:01:49] ML tree search completed, best tree logLH: -11362.994461

[00:01:49] Starting bootstrapping analysis with 100 replicates.

[00:01:54] Bootstrap tree #1, logLikelihood: -11242.522035
[00:01:57] Bootstrap tree #2, logLikelihood: -11543.375265
[00:02:00] Bootstrap tree #3, logLikelihood: -10794.473581
[00:02:06] Bootstrap tree #4, logLikelihood: -11419.412167
[00:02:10] Bootstrap tree #5, logLikelihood: -10902.887090
[00:02:16] Bootstrap tree #6, logLikelihood: -11277.725171
[00:02:21] Bootstrap tree #7, logLikelihood: -11217.974268
[00:02:25] Bootstrap tree #8, logLikelihood: -10969.740900
[00:02:29] Bootstrap tree #9, logLikelihood: -10553.745575
[00:02:33] Bootstrap tree #10, logLikelihood: -11606.678243
[00:02:38] Bootstrap tree #11, logLikelihood: -11246.059040
[00:02:42] Bootstrap tree #12, logLikelihood: -11263.818127
[00:02:46] Bootstrap tree #13, logLikelihood: -11447.417467
[00:02:50] Bootstrap tree #14, logLikelihood: -11638.506148
[00:02:55] Bootstrap tree #15, logLikelihood: -11486.940051
[00:03:00] Bootstrap tree #16, logLikelihood: -11612.550898
[00:03:05] Bootstrap tree #17, logLikelihood: -10957.731563
[00:03:11] Bootstrap tree #18, logLikelihood: -11607.880457
[00:03:16] Bootstrap tree #19, logLikelihood: -11140.070865
[00:03:22] Bootstrap tree #20, logLikelihood: -11350.582589
[00:03:29] Bootstrap tree #21, logLikelihood: -10231.269208
[00:03:35] Bootstrap tree #22, logLikelihood: -11666.990262
[00:03:39] Bootstrap tree #23, logLikelihood: -11547.337574
[00:03:47] Bootstrap tree #24, logLikelihood: -11912.868655
[00:03:55] Bootstrap tree #25, logLikelihood: -11234.163281
[00:04:00] Bootstrap tree #26, logLikelihood: -11252.749312
[00:04:07] Bootstrap tree #27, logLikelihood: -11035.523522
[00:04:13] Bootstrap tree #28, logLikelihood: -10985.336640
[00:04:19] Bootstrap tree #29, logLikelihood: -11250.357673
[00:04:26] Bootstrap tree #30, logLikelihood: -11888.427562
[00:04:34] Bootstrap tree #31, logLikelihood: -11319.010713
[00:04:41] Bootstrap tree #32, logLikelihood: -11138.668343
[00:04:52] Bootstrap tree #33, logLikelihood: -11758.415111
[00:04:57] Bootstrap tree #34, logLikelihood: -11527.012640
[00:05:05] Bootstrap tree #35, logLikelihood: -10901.037380
[00:05:11] Bootstrap tree #36, logLikelihood: -11326.170003
[00:05:19] Bootstrap tree #37, logLikelihood: -11988.037309
[00:05:26] Bootstrap tree #38, logLikelihood: -11329.583408
[00:05:39] Bootstrap tree #39, logLikelihood: -10946.257426
[00:05:47] Bootstrap tree #40, logLikelihood: -11581.414085
[00:05:55] Bootstrap tree #41, logLikelihood: -11246.459008
[00:06:05] Bootstrap tree #42, logLikelihood: -11327.368898
[00:06:13] Bootstrap tree #43, logLikelihood: -10972.104038
[00:06:22] Bootstrap tree #44, logLikelihood: -11123.494401
[00:06:31] Bootstrap tree #45, logLikelihood: -11441.939958
[00:06:47] Bootstrap tree #46, logLikelihood: -11634.577415
[00:06:58] Bootstrap tree #47, logLikelihood: -11954.297987
[00:07:07] Bootstrap tree #48, logLikelihood: -11574.320240
[00:07:15] Bootstrap tree #49, logLikelihood: -10818.338474
[00:07:27] Bootstrap tree #50, logLikelihood: -11024.640487
[00:07:34] Bootstrap tree #51, logLikelihood: -10702.961801
[00:07:42] Bootstrap tree #52, logLikelihood: -11468.703377
[00:07:49] Bootstrap tree #53, logLikelihood: -11575.105262
[00:07:58] Bootstrap tree #54, logLikelihood: -11416.733907
[00:08:05] Bootstrap tree #55, logLikelihood: -11073.823019
[00:08:15] Bootstrap tree #56, logLikelihood: -11255.815638
[00:08:22] Bootstrap tree #57, logLikelihood: -11341.049405
[00:08:30] Bootstrap tree #58, logLikelihood: -11401.147748
[00:08:36] Bootstrap tree #59, logLikelihood: -10467.400138
[00:08:42] Bootstrap tree #60, logLikelihood: -10656.215608
[00:08:49] Bootstrap tree #61, logLikelihood: -10758.960067
[00:08:56] Bootstrap tree #62, logLikelihood: -11592.727775
[00:09:05] Bootstrap tree #63, logLikelihood: -11436.352435
[00:09:11] Bootstrap tree #64, logLikelihood: -11151.792542
[00:09:18] Bootstrap tree #65, logLikelihood: -11658.840804
[00:09:24] Bootstrap tree #66, logLikelihood: -11549.467619
[00:09:30] Bootstrap tree #67, logLikelihood: -10808.483027
[00:09:37] Bootstrap tree #68, logLikelihood: -11365.830171
[00:09:44] Bootstrap tree #69, logLikelihood: -10771.281021
[00:09:51] Bootstrap tree #70, logLikelihood: -11505.212606
[00:10:00] Bootstrap tree #71, logLikelihood: -10811.982359
[00:10:06] Bootstrap tree #72, logLikelihood: -10740.969291
[00:10:13] Bootstrap tree #73, logLikelihood: -11321.551785
[00:10:19] Bootstrap tree #74, logLikelihood: -11905.385443
[00:10:31] Bootstrap tree #75, logLikelihood: -10965.547712
[00:10:40] Bootstrap tree #76, logLikelihood: -11680.085515
[00:10:47] Bootstrap tree #77, logLikelihood: -11660.370495
[00:10:56] Bootstrap tree #78, logLikelihood: -11615.649774
[00:11:03] Bootstrap tree #79, logLikelihood: -11372.440029
[00:11:11] Bootstrap tree #80, logLikelihood: -11423.180760
[00:11:18] Bootstrap tree #81, logLikelihood: -10620.953555
[00:11:27] Bootstrap tree #82, logLikelihood: -11371.792889
[00:11:34] Bootstrap tree #83, logLikelihood: -11455.438587
[00:11:40] Bootstrap tree #84, logLikelihood: -11139.305407
[00:11:48] Bootstrap tree #85, logLikelihood: -10548.363627
[00:11:57] Bootstrap tree #86, logLikelihood: -10869.213917
[00:12:04] Bootstrap tree #87, logLikelihood: -10524.872069
[00:12:11] Bootstrap tree #88, logLikelihood: -11006.778017
[00:12:20] Bootstrap tree #89, logLikelihood: -12178.265536
[00:12:27] Bootstrap tree #90, logLikelihood: -11139.641436
[00:12:35] Bootstrap tree #91, logLikelihood: -11177.459862
[00:12:42] Bootstrap tree #92, logLikelihood: -10972.872095
[00:12:50] Bootstrap tree #93, logLikelihood: -11343.887334
[00:12:57] Bootstrap tree #94, logLikelihood: -10642.907768
[00:13:05] Bootstrap tree #95, logLikelihood: -11605.798930
[00:13:13] Bootstrap tree #96, logLikelihood: -11192.959958
[00:13:21] Bootstrap tree #97, logLikelihood: -11309.611087
[00:13:30] Bootstrap tree #98, logLikelihood: -11161.563822
[00:13:38] Bootstrap tree #99, logLikelihood: -11577.921691
[00:13:47] Bootstrap tree #100, logLikelihood: -12007.642526

Optimized model parameters:

   Partition 0: noname
   Rate heterogeneity: NONE
   Base frequencies (ML): 0.214919 0.270997 0.287833 0.226251 
   Substitution rates (ML): 1.801566 3.729265 1.222310 2.332334 5.357163 1.000000 

Final LogLikelihood: -11362.994461

All ML trees saved to: /home/morelbt/github/phd_experiments/results/multi-raxml/haswellrun/phyldog_example_supporttrees_0/raxmlrresults/HBG011030.raxml.mlTrees
Best ML tree saved to: /home/morelbt/github/phd_experiments/results/multi-raxml/haswellrun/phyldog_example_supporttrees_0/raxmlrresults/HBG011030.raxml.bestTree
Best ML tree with bootstrap support values saved to: /home/morelbt/github/phd_experiments/results/multi-raxml/haswellrun/phyldog_example_supporttrees_0/raxmlrresults/HBG011030.raxml.support
Optimized model saved to: /home/morelbt/github/phd_experiments/results/multi-raxml/haswellrun/phyldog_example_supporttrees_0/raxmlrresults/HBG011030.raxml.bestModel
Bootstrap trees saved to: /home/morelbt/github/phd_experiments/results/multi-raxml/haswellrun/phyldog_example_supporttrees_0/raxmlrresults/HBG011030.raxml.bootstraps

Execution log saved to: /home/morelbt/github/phd_experiments/results/multi-raxml/haswellrun/phyldog_example_supporttrees_0/raxmlrresults/HBG011030.raxml.log

Analysis started: 06-Feb-2018 13:46:00 / finished: 06-Feb-2018 13:59:50

Elapsed time: 829.691 seconds

