
RAxML-NG v. 0.6.0.dev BETA released on 09.01.2018 by The Exelixis Lab.
Authors: Alexey Kozlov, Alexandros Stamatakis, Diego Darriba, Tomas Flouri, Benoit Morel.
Latest version: https://github.com/amkozlov/raxml-ng
Questions/problems/suggestions? Please visit: https://groups.google.com/forum/#!forum/raxml

WARNING: This is a BETA release, please use at your own risk!

RAxML-NG was called as follows:



Analysis options:
  run mode: ML tree search + bootstrapping
  start tree(s): random (20)
  random seed: 1517921949
  tip-inner: OFF
  pattern compression: ON
  per-rate scalers: OFF
  site repeats: ON
  branch lengths: ML estimate (linked)
  SIMD kernels: AVX2
  parallelization: NONE/sequential

[00:00:02] Reading alignment from file: /home/morelbt/github/raxdog/data/DataExample/FastaFiles/HBG011003.fasta
[00:00:02] Loaded alignment with 44 taxa and 252 sites

WARNING: Duplicate sequences found: 1
WARNING: Sequences ENSMODP00000037875 and ENSMODP00000029480 are exactly identical!

Alignment comprises 1 partitions and 179 patterns

Partition 0: noname
Model: GTR+FO
Alignment sites / patterns: 252 / 179
Gaps: 11.78 %
Invariant sites: 10.32 %


NOTE: Binary MSA file already exists: /home/morelbt/github/phd_experiments/results/multi-raxml/haswellrun/phyldog_example_supporttrees_0/raxmlrresults/HBG011003.raxml.rba

[00:00:02] Generating random starting tree(s) with 44 taxa
[00:00:02] Data distribution: partitions/thread: 1-1, patterns/thread: 179-179

Starting ML tree search with 20 distinct starting trees

[00:00:05] ML tree search #1, logLikelihood: -3857.691488
[00:00:06] ML tree search #2, logLikelihood: -3861.707513
[00:00:07] ML tree search #3, logLikelihood: -3861.019539
[00:00:10] ML tree search #4, logLikelihood: -3861.435523
[00:00:12] ML tree search #5, logLikelihood: -3861.924380
[00:00:15] ML tree search #6, logLikelihood: -3861.883795
[00:00:17] ML tree search #7, logLikelihood: -3859.673166
[00:00:18] ML tree search #8, logLikelihood: -3859.605975
[00:00:20] ML tree search #9, logLikelihood: -3858.067017
[00:00:22] ML tree search #10, logLikelihood: -3860.578007
[00:00:25] ML tree search #11, logLikelihood: -3858.926162
[00:00:27] ML tree search #12, logLikelihood: -3863.653980
[00:00:30] ML tree search #13, logLikelihood: -3860.066739
[00:00:33] ML tree search #14, logLikelihood: -3858.925495
[00:00:35] ML tree search #15, logLikelihood: -3861.892452
[00:00:37] ML tree search #16, logLikelihood: -3859.682540
[00:00:39] ML tree search #17, logLikelihood: -3861.895507
[00:00:41] ML tree search #18, logLikelihood: -3864.283977
[00:00:44] ML tree search #19, logLikelihood: -3860.798274
[00:00:47] ML tree search #20, logLikelihood: -3859.674723

[00:00:47] ML tree search completed, best tree logLH: -3857.691488

[00:00:47] Starting bootstrapping analysis with 100 replicates.

[00:00:50] Bootstrap tree #1, logLikelihood: -3704.262126
[00:00:54] Bootstrap tree #2, logLikelihood: -3529.376509
[00:00:57] Bootstrap tree #3, logLikelihood: -3896.703272
[00:01:00] Bootstrap tree #4, logLikelihood: -3548.038839
[00:01:04] Bootstrap tree #5, logLikelihood: -3620.735195
[00:01:07] Bootstrap tree #6, logLikelihood: -3732.821277
[00:01:10] Bootstrap tree #7, logLikelihood: -3844.633159
[00:01:13] Bootstrap tree #8, logLikelihood: -3987.652231
[00:01:15] Bootstrap tree #9, logLikelihood: -3689.013103
[00:01:19] Bootstrap tree #10, logLikelihood: -3792.612697
[00:01:21] Bootstrap tree #11, logLikelihood: -3645.841793
[00:01:23] Bootstrap tree #12, logLikelihood: -3669.623246
[00:01:26] Bootstrap tree #13, logLikelihood: -3749.469742
[00:01:30] Bootstrap tree #14, logLikelihood: -3737.557727
[00:01:32] Bootstrap tree #15, logLikelihood: -3922.860179
[00:01:35] Bootstrap tree #16, logLikelihood: -3573.046962
[00:01:38] Bootstrap tree #17, logLikelihood: -3734.471202
[00:01:42] Bootstrap tree #18, logLikelihood: -3553.672177
[00:01:45] Bootstrap tree #19, logLikelihood: -3734.819181
[00:01:49] Bootstrap tree #20, logLikelihood: -4125.030335
[00:01:51] Bootstrap tree #21, logLikelihood: -3838.986788
[00:01:55] Bootstrap tree #22, logLikelihood: -3632.636934
[00:01:58] Bootstrap tree #23, logLikelihood: -3894.423877
[00:02:01] Bootstrap tree #24, logLikelihood: -4102.862279
[00:02:05] Bootstrap tree #25, logLikelihood: -3792.433072
[00:02:08] Bootstrap tree #26, logLikelihood: -3637.705397
[00:02:12] Bootstrap tree #27, logLikelihood: -3719.471527
[00:02:21] Bootstrap tree #28, logLikelihood: -3650.917352
[00:02:28] Bootstrap tree #29, logLikelihood: -3915.095296
[00:02:31] Bootstrap tree #30, logLikelihood: -3731.793370
[00:02:38] Bootstrap tree #31, logLikelihood: -3776.145389
[00:02:47] Bootstrap tree #32, logLikelihood: -3985.147456
[00:02:54] Bootstrap tree #33, logLikelihood: -3566.492692
[00:03:01] Bootstrap tree #34, logLikelihood: -3670.652483
[00:03:06] Bootstrap tree #35, logLikelihood: -3968.109685
[00:03:11] Bootstrap tree #36, logLikelihood: -3599.402349
[00:03:17] Bootstrap tree #37, logLikelihood: -3734.355654
[00:03:25] Bootstrap tree #38, logLikelihood: -3804.145516
[00:03:37] Bootstrap tree #39, logLikelihood: -3559.522587
[00:03:44] Bootstrap tree #40, logLikelihood: -3373.567396
[00:03:53] Bootstrap tree #41, logLikelihood: -3543.081082
[00:04:01] Bootstrap tree #42, logLikelihood: -3687.969828
[00:04:15] Bootstrap tree #43, logLikelihood: -4005.329099
[00:04:26] Bootstrap tree #44, logLikelihood: -3713.377350
[00:04:39] Bootstrap tree #45, logLikelihood: -3831.387274
[00:04:50] Bootstrap tree #46, logLikelihood: -3487.958926
[00:05:01] Bootstrap tree #47, logLikelihood: -4110.487166
[00:05:22] Bootstrap tree #48, logLikelihood: -3672.718196
[00:05:35] Bootstrap tree #49, logLikelihood: -4074.861223
[00:05:46] Bootstrap tree #50, logLikelihood: -3875.802678
[00:06:05] Bootstrap tree #51, logLikelihood: -3640.001989
[00:06:17] Bootstrap tree #52, logLikelihood: -3624.512299
[00:06:32] Bootstrap tree #53, logLikelihood: -3897.790841
[00:06:39] Bootstrap tree #54, logLikelihood: -3691.510931
[00:06:50] Bootstrap tree #55, logLikelihood: -4449.379461
[00:06:58] Bootstrap tree #56, logLikelihood: -3397.611868
[00:07:04] Bootstrap tree #57, logLikelihood: -3949.596789
[00:07:09] Bootstrap tree #58, logLikelihood: -3565.683856
[00:07:15] Bootstrap tree #59, logLikelihood: -4238.918774
[00:07:26] Bootstrap tree #60, logLikelihood: -3478.323252
[00:07:32] Bootstrap tree #61, logLikelihood: -4033.557249
[00:07:36] Bootstrap tree #62, logLikelihood: -3695.579639
[00:07:42] Bootstrap tree #63, logLikelihood: -3721.821991
[00:07:49] Bootstrap tree #64, logLikelihood: -4100.052656
[00:07:57] Bootstrap tree #65, logLikelihood: -3882.493698
[00:08:02] Bootstrap tree #66, logLikelihood: -3588.758647
[00:08:08] Bootstrap tree #67, logLikelihood: -3811.580750
[00:08:13] Bootstrap tree #68, logLikelihood: -3735.946053
[00:08:18] Bootstrap tree #69, logLikelihood: -3962.926554
[00:08:24] Bootstrap tree #70, logLikelihood: -4074.047932
[00:08:28] Bootstrap tree #71, logLikelihood: -3916.902584
[00:08:31] Bootstrap tree #72, logLikelihood: -4064.506750
[00:08:37] Bootstrap tree #73, logLikelihood: -3630.266942
[00:08:43] Bootstrap tree #74, logLikelihood: -3457.835734
[00:08:47] Bootstrap tree #75, logLikelihood: -3860.051347
[00:08:51] Bootstrap tree #76, logLikelihood: -3791.044714
[00:08:56] Bootstrap tree #77, logLikelihood: -4070.827569
[00:09:00] Bootstrap tree #78, logLikelihood: -3883.592105
[00:09:04] Bootstrap tree #79, logLikelihood: -3821.955420
[00:09:08] Bootstrap tree #80, logLikelihood: -3697.858216
[00:09:13] Bootstrap tree #81, logLikelihood: -3798.918144
[00:09:17] Bootstrap tree #82, logLikelihood: -3947.117747
[00:09:22] Bootstrap tree #83, logLikelihood: -3780.924568
[00:09:25] Bootstrap tree #84, logLikelihood: -3843.659594
[00:09:31] Bootstrap tree #85, logLikelihood: -3600.183768
[00:09:35] Bootstrap tree #86, logLikelihood: -3637.306744
[00:09:40] Bootstrap tree #87, logLikelihood: -3857.983740
[00:09:46] Bootstrap tree #88, logLikelihood: -3573.409353
[00:09:51] Bootstrap tree #89, logLikelihood: -3522.107223
[00:09:55] Bootstrap tree #90, logLikelihood: -3555.146918
[00:09:59] Bootstrap tree #91, logLikelihood: -3800.345666
[00:10:06] Bootstrap tree #92, logLikelihood: -3715.469606
[00:10:12] Bootstrap tree #93, logLikelihood: -3689.532879
[00:10:16] Bootstrap tree #94, logLikelihood: -3709.616073
[00:10:20] Bootstrap tree #95, logLikelihood: -3693.802508
[00:10:27] Bootstrap tree #96, logLikelihood: -4191.266830
[00:10:33] Bootstrap tree #97, logLikelihood: -4011.362065
[00:10:38] Bootstrap tree #98, logLikelihood: -4000.889450
[00:10:45] Bootstrap tree #99, logLikelihood: -3838.381638
[00:10:53] Bootstrap tree #100, logLikelihood: -3288.467262

Optimized model parameters:

   Partition 0: noname
   Rate heterogeneity: NONE
   Base frequencies (ML): 0.287343 0.272304 0.240949 0.199403 
   Substitution rates (ML): 1.027751 1.660986 1.231898 0.853574 3.146904 1.000000 

Final LogLikelihood: -3857.691488

All ML trees saved to: /home/morelbt/github/phd_experiments/results/multi-raxml/haswellrun/phyldog_example_supporttrees_0/raxmlrresults/HBG011003.raxml.mlTrees
Best ML tree saved to: /home/morelbt/github/phd_experiments/results/multi-raxml/haswellrun/phyldog_example_supporttrees_0/raxmlrresults/HBG011003.raxml.bestTree
Best ML tree with bootstrap support values saved to: /home/morelbt/github/phd_experiments/results/multi-raxml/haswellrun/phyldog_example_supporttrees_0/raxmlrresults/HBG011003.raxml.support
Optimized model saved to: /home/morelbt/github/phd_experiments/results/multi-raxml/haswellrun/phyldog_example_supporttrees_0/raxmlrresults/HBG011003.raxml.bestModel
Bootstrap trees saved to: /home/morelbt/github/phd_experiments/results/multi-raxml/haswellrun/phyldog_example_supporttrees_0/raxmlrresults/HBG011003.raxml.bootstraps

Execution log saved to: /home/morelbt/github/phd_experiments/results/multi-raxml/haswellrun/phyldog_example_supporttrees_0/raxmlrresults/HBG011003.raxml.log

Analysis started: 06-Feb-2018 13:59:07 / finished: 06-Feb-2018 14:10:01

Elapsed time: 654.669 seconds

