
RAxML-NG v. 0.6.0.dev BETA released on 09.01.2018 by The Exelixis Lab.
Authors: Alexey Kozlov, Alexandros Stamatakis, Diego Darriba, Tomas Flouri, Benoit Morel.
Latest version: https://github.com/amkozlov/raxml-ng
Questions/problems/suggestions? Please visit: https://groups.google.com/forum/#!forum/raxml

WARNING: This is a BETA release, please use at your own risk!

RAxML-NG was called as follows:



Analysis options:
  run mode: ML tree search + bootstrapping
  start tree(s): random (20)
  random seed: 1517920835
  tip-inner: OFF
  pattern compression: ON
  per-rate scalers: OFF
  site repeats: ON
  branch lengths: ML estimate (linked)
  SIMD kernels: AVX2
  parallelization: MPI (2 ranks)

[00:00:01] Reading alignment from file: /home/morelbt/github/raxdog/data/DataExample/FastaFiles/HBG011024.fasta
[00:00:01] Loaded alignment with 47 taxa and 1533 sites

Alignment comprises 1 partitions and 1291 patterns

Partition 0: noname
Model: GTR+FO
Alignment sites / patterns: 1533 / 1291
Gaps: 7.79 %
Invariant sites: 4.70 %


NOTE: Binary MSA file already exists: /home/morelbt/github/phd_experiments/results/multi-raxml/haswellrun/phyldog_example_supporttrees_0/raxmlrresults/HBG011024.raxml.rba

[00:00:01] Generating random starting tree(s) with 47 taxa
[00:00:01] Data distribution: partitions/thread: 1-1, patterns/thread: 645-646

Starting ML tree search with 20 distinct starting trees

[00:00:10] ML tree search #1, logLikelihood: -30079.546132
[00:00:20] ML tree search #2, logLikelihood: -30079.171391
[00:00:25] ML tree search #3, logLikelihood: -30079.181003
[00:00:32] ML tree search #4, logLikelihood: -30079.169409
[00:00:43] ML tree search #5, logLikelihood: -30079.546151
[00:00:54] ML tree search #6, logLikelihood: -30079.547150
[00:01:04] ML tree search #7, logLikelihood: -30079.546418
[00:01:14] ML tree search #8, logLikelihood: -30079.546177
[00:01:24] ML tree search #9, logLikelihood: -30079.546177
[00:01:34] ML tree search #10, logLikelihood: -30079.546298
[00:01:44] ML tree search #11, logLikelihood: -30079.546263
[00:01:54] ML tree search #12, logLikelihood: -30079.166755
[00:02:05] ML tree search #13, logLikelihood: -30079.546279
[00:02:15] ML tree search #14, logLikelihood: -30079.546232
[00:02:21] ML tree search #15, logLikelihood: -30079.170558
[00:02:26] ML tree search #16, logLikelihood: -30079.172478
[00:02:36] ML tree search #17, logLikelihood: -30079.171164
[00:02:47] ML tree search #18, logLikelihood: -30079.547193
[00:02:58] ML tree search #19, logLikelihood: -30079.546128
[00:03:09] ML tree search #20, logLikelihood: -30079.546018

[00:03:09] ML tree search completed, best tree logLH: -30079.166755

[00:03:09] Starting bootstrapping analysis with 100 replicates.

[00:03:14] Bootstrap tree #1, logLikelihood: -29713.265534
[00:03:19] Bootstrap tree #2, logLikelihood: -29382.806758
[00:03:26] Bootstrap tree #3, logLikelihood: -29881.406275
[00:03:31] Bootstrap tree #4, logLikelihood: -30392.818290
[00:03:40] Bootstrap tree #5, logLikelihood: -29511.309384
[00:03:45] Bootstrap tree #6, logLikelihood: -30182.555266
[00:03:51] Bootstrap tree #7, logLikelihood: -29485.128617
[00:04:01] Bootstrap tree #8, logLikelihood: -30009.678301
[00:04:09] Bootstrap tree #9, logLikelihood: -30115.147931
[00:04:17] Bootstrap tree #10, logLikelihood: -30988.021143
[00:04:22] Bootstrap tree #11, logLikelihood: -29495.768250
[00:04:30] Bootstrap tree #12, logLikelihood: -29642.164581
[00:04:39] Bootstrap tree #13, logLikelihood: -29741.599366
[00:04:44] Bootstrap tree #14, logLikelihood: -30227.729256
[00:04:49] Bootstrap tree #15, logLikelihood: -29572.737764
[00:04:56] Bootstrap tree #16, logLikelihood: -29939.830404
[00:05:05] Bootstrap tree #17, logLikelihood: -29106.359910
[00:05:13] Bootstrap tree #18, logLikelihood: -29065.332685
[00:05:21] Bootstrap tree #19, logLikelihood: -30369.287225
[00:05:28] Bootstrap tree #20, logLikelihood: -28711.368810
[00:05:37] Bootstrap tree #21, logLikelihood: -29515.942904
[00:05:45] Bootstrap tree #22, logLikelihood: -30360.518499
[00:05:52] Bootstrap tree #23, logLikelihood: -30490.872213
[00:06:00] Bootstrap tree #24, logLikelihood: -29604.681343
[00:06:09] Bootstrap tree #25, logLikelihood: -29413.401872
[00:06:17] Bootstrap tree #26, logLikelihood: -29887.999824
[00:06:23] Bootstrap tree #27, logLikelihood: -29285.073418
[00:06:29] Bootstrap tree #28, logLikelihood: -30360.202683
[00:06:34] Bootstrap tree #29, logLikelihood: -29582.573169
[00:06:40] Bootstrap tree #30, logLikelihood: -29890.045775
[00:06:46] Bootstrap tree #31, logLikelihood: -30394.028177
[00:06:55] Bootstrap tree #32, logLikelihood: -30329.430717
[00:07:02] Bootstrap tree #33, logLikelihood: -30141.768167
[00:07:10] Bootstrap tree #34, logLikelihood: -30108.139835
[00:07:17] Bootstrap tree #35, logLikelihood: -30202.951971
[00:07:26] Bootstrap tree #36, logLikelihood: -29782.729786
[00:07:32] Bootstrap tree #37, logLikelihood: -30474.700966
[00:07:38] Bootstrap tree #38, logLikelihood: -29852.730742
[00:07:45] Bootstrap tree #39, logLikelihood: -30052.618796
[00:07:55] Bootstrap tree #40, logLikelihood: -29884.326548
[00:08:04] Bootstrap tree #41, logLikelihood: -30809.110378
[00:08:11] Bootstrap tree #42, logLikelihood: -30008.952421
[00:08:17] Bootstrap tree #43, logLikelihood: -30069.150328
[00:08:26] Bootstrap tree #44, logLikelihood: -30693.314710
[00:08:34] Bootstrap tree #45, logLikelihood: -30950.211384
[00:08:43] Bootstrap tree #46, logLikelihood: -30285.270548
[00:08:57] Bootstrap tree #47, logLikelihood: -29098.350437
[00:09:10] Bootstrap tree #48, logLikelihood: -29932.547940
[00:09:18] Bootstrap tree #49, logLikelihood: -30115.484306
[00:09:26] Bootstrap tree #50, logLikelihood: -30435.335354
[00:09:36] Bootstrap tree #51, logLikelihood: -30458.240563
[00:09:45] Bootstrap tree #52, logLikelihood: -29410.106679
[00:10:00] Bootstrap tree #53, logLikelihood: -30417.855545
[00:10:11] Bootstrap tree #54, logLikelihood: -30080.506979
[00:10:22] Bootstrap tree #55, logLikelihood: -29432.717071
[00:10:30] Bootstrap tree #56, logLikelihood: -30704.146511
[00:10:39] Bootstrap tree #57, logLikelihood: -29922.299781
[00:10:56] Bootstrap tree #58, logLikelihood: -30012.534719
[00:11:10] Bootstrap tree #59, logLikelihood: -29798.918814
[00:11:20] Bootstrap tree #60, logLikelihood: -30716.602596
[00:11:38] Bootstrap tree #61, logLikelihood: -29751.075271
[00:11:48] Bootstrap tree #62, logLikelihood: -29836.817194
[00:12:00] Bootstrap tree #63, logLikelihood: -30370.409290
[00:12:19] Bootstrap tree #64, logLikelihood: -30466.419417
[00:12:35] Bootstrap tree #65, logLikelihood: -30341.029500
[00:12:51] Bootstrap tree #66, logLikelihood: -29926.403996
[00:13:06] Bootstrap tree #67, logLikelihood: -30433.790392
[00:13:17] Bootstrap tree #68, logLikelihood: -29386.188213
[00:13:27] Bootstrap tree #69, logLikelihood: -30185.300310
[00:13:36] Bootstrap tree #70, logLikelihood: -29877.307636
[00:13:45] Bootstrap tree #71, logLikelihood: -30070.521607
[00:13:53] Bootstrap tree #72, logLikelihood: -30864.765455
[00:14:02] Bootstrap tree #73, logLikelihood: -29488.565525
[00:14:09] Bootstrap tree #74, logLikelihood: -29832.895375
[00:14:17] Bootstrap tree #75, logLikelihood: -28978.688169
[00:14:26] Bootstrap tree #76, logLikelihood: -29522.056266
[00:14:42] Bootstrap tree #77, logLikelihood: -29097.223293
[00:14:50] Bootstrap tree #78, logLikelihood: -29877.937468
[00:14:58] Bootstrap tree #79, logLikelihood: -29987.940502
[00:15:09] Bootstrap tree #80, logLikelihood: -30752.689677
[00:15:19] Bootstrap tree #81, logLikelihood: -30246.838272
[00:15:29] Bootstrap tree #82, logLikelihood: -30140.281049
[00:15:37] Bootstrap tree #83, logLikelihood: -30025.003725
[00:15:46] Bootstrap tree #84, logLikelihood: -30080.655750
[00:15:55] Bootstrap tree #85, logLikelihood: -29911.354581
[00:16:09] Bootstrap tree #86, logLikelihood: -29641.902022
[00:16:16] Bootstrap tree #87, logLikelihood: -30102.978833
[00:16:28] Bootstrap tree #88, logLikelihood: -29707.057345
[00:16:36] Bootstrap tree #89, logLikelihood: -30684.632671
[00:16:45] Bootstrap tree #90, logLikelihood: -30337.946550
[00:16:59] Bootstrap tree #91, logLikelihood: -30888.757588
[00:17:14] Bootstrap tree #92, logLikelihood: -29707.164586
[00:17:25] Bootstrap tree #93, logLikelihood: -30281.567024
[00:17:35] Bootstrap tree #94, logLikelihood: -31022.844547
[00:17:43] Bootstrap tree #95, logLikelihood: -29108.998580
[00:17:52] Bootstrap tree #96, logLikelihood: -29649.856207
[00:18:01] Bootstrap tree #97, logLikelihood: -29651.060297
[00:18:09] Bootstrap tree #98, logLikelihood: -30365.217814
[00:18:19] Bootstrap tree #99, logLikelihood: -30167.900751
[00:18:32] Bootstrap tree #100, logLikelihood: -29707.716034

Optimized model parameters:

   Partition 0: noname
   Rate heterogeneity: NONE
   Base frequencies (ML): 0.263161 0.245733 0.257267 0.233838 
   Substitution rates (ML): 1.564857 3.178695 0.988335 1.257502 4.533422 1.000000 

Final LogLikelihood: -30079.166755

All ML trees saved to: /home/morelbt/github/phd_experiments/results/multi-raxml/haswellrun/phyldog_example_supporttrees_0/raxmlrresults/HBG011024.raxml.mlTrees
Best ML tree saved to: /home/morelbt/github/phd_experiments/results/multi-raxml/haswellrun/phyldog_example_supporttrees_0/raxmlrresults/HBG011024.raxml.bestTree
Best ML tree with bootstrap support values saved to: /home/morelbt/github/phd_experiments/results/multi-raxml/haswellrun/phyldog_example_supporttrees_0/raxmlrresults/HBG011024.raxml.support
Optimized model saved to: /home/morelbt/github/phd_experiments/results/multi-raxml/haswellrun/phyldog_example_supporttrees_0/raxmlrresults/HBG011024.raxml.bestModel
Bootstrap trees saved to: /home/morelbt/github/phd_experiments/results/multi-raxml/haswellrun/phyldog_example_supporttrees_0/raxmlrresults/HBG011024.raxml.bootstraps

Execution log saved to: /home/morelbt/github/phd_experiments/results/multi-raxml/haswellrun/phyldog_example_supporttrees_0/raxmlrresults/HBG011024.raxml.log

Analysis started: 06-Feb-2018 13:40:34 / finished: 06-Feb-2018 13:59:09

Elapsed time: 1114.899 seconds

