
RAxML-NG v. 0.6.0.dev BETA released on 09.01.2018 by The Exelixis Lab.
Authors: Alexey Kozlov, Alexandros Stamatakis, Diego Darriba, Tomas Flouri, Benoit Morel.
Latest version: https://github.com/amkozlov/raxml-ng
Questions/problems/suggestions? Please visit: https://groups.google.com/forum/#!forum/raxml

WARNING: This is a BETA release, please use at your own risk!

RAxML-NG was called as follows:



Analysis options:
  run mode: ML tree search + bootstrapping
  start tree(s): random (20)
  random seed: 1517921163
  tip-inner: OFF
  pattern compression: ON
  per-rate scalers: OFF
  site repeats: ON
  branch lengths: ML estimate (linked)
  SIMD kernels: AVX2
  parallelization: NONE/sequential

[00:00:00] Reading alignment from file: /home/morelbt/github/raxdog/data/DataExample/FastaFiles/HBG011014.fasta
[00:00:00] Loaded alignment with 55 taxa and 876 sites

Alignment comprises 1 partitions and 813 patterns

Partition 0: noname
Model: GTR+FO
Alignment sites / patterns: 876 / 813
Gaps: 9.91 %
Invariant sites: 7.42 %


NOTE: Binary MSA file already exists: /home/morelbt/github/phd_experiments/results/multi-raxml/haswellrun/phyldog_example_supporttrees_0/raxmlrresults/HBG011014.raxml.rba

[00:00:00] Generating random starting tree(s) with 55 taxa
[00:00:00] Data distribution: partitions/thread: 1-1, patterns/thread: 813-813

Starting ML tree search with 20 distinct starting trees

[00:00:08] ML tree search #1, logLikelihood: -18134.627763
[00:00:21] ML tree search #2, logLikelihood: -18136.100421
[00:00:30] ML tree search #3, logLikelihood: -18134.620292
[00:00:39] ML tree search #4, logLikelihood: -18134.643597
[00:00:53] ML tree search #5, logLikelihood: -18160.806874
[00:01:05] ML tree search #6, logLikelihood: -18160.805025
[00:01:12] ML tree search #7, logLikelihood: -18134.620639
[00:01:21] ML tree search #8, logLikelihood: -18134.622834
[00:01:32] ML tree search #9, logLikelihood: -18134.616965
[00:01:44] ML tree search #10, logLikelihood: -18136.104404
[00:01:53] ML tree search #11, logLikelihood: -18134.619873
[00:02:06] ML tree search #12, logLikelihood: -18134.617443
[00:02:24] ML tree search #13, logLikelihood: -18134.624158
[00:02:34] ML tree search #14, logLikelihood: -18161.400636
[00:02:45] ML tree search #15, logLikelihood: -18135.405461
[00:02:54] ML tree search #16, logLikelihood: -18134.626700
[00:03:07] ML tree search #17, logLikelihood: -18160.808055
[00:03:18] ML tree search #18, logLikelihood: -18134.616643
[00:03:26] ML tree search #19, logLikelihood: -18134.629404
[00:03:41] ML tree search #20, logLikelihood: -18134.620289

[00:03:41] ML tree search completed, best tree logLH: -18134.616643

[00:03:41] Starting bootstrapping analysis with 100 replicates.

[00:03:49] Bootstrap tree #1, logLikelihood: -17699.607924
[00:03:57] Bootstrap tree #2, logLikelihood: -18116.215378
[00:04:11] Bootstrap tree #3, logLikelihood: -17843.285507
[00:04:31] Bootstrap tree #4, logLikelihood: -17767.634332
[00:04:38] Bootstrap tree #5, logLikelihood: -17764.963505
[00:04:46] Bootstrap tree #6, logLikelihood: -17810.064329
[00:04:54] Bootstrap tree #7, logLikelihood: -18556.970023
[00:05:00] Bootstrap tree #8, logLikelihood: -17930.856516
[00:05:15] Bootstrap tree #9, logLikelihood: -17916.430902
[00:05:27] Bootstrap tree #10, logLikelihood: -17770.716679
[00:05:37] Bootstrap tree #11, logLikelihood: -17674.364654
[00:05:47] Bootstrap tree #12, logLikelihood: -18988.642910
[00:05:56] Bootstrap tree #13, logLikelihood: -17953.397544
[00:06:04] Bootstrap tree #14, logLikelihood: -18230.892130
[00:06:14] Bootstrap tree #15, logLikelihood: -17780.555816
[00:06:24] Bootstrap tree #16, logLikelihood: -18138.140061
[00:06:37] Bootstrap tree #17, logLikelihood: -17670.032303
[00:06:54] Bootstrap tree #18, logLikelihood: -18719.175986
[00:07:09] Bootstrap tree #19, logLikelihood: -18027.896758
[00:07:19] Bootstrap tree #20, logLikelihood: -18018.289295
[00:07:30] Bootstrap tree #21, logLikelihood: -18766.724538
[00:07:38] Bootstrap tree #22, logLikelihood: -18368.433063
[00:07:47] Bootstrap tree #23, logLikelihood: -17928.989744
[00:07:57] Bootstrap tree #24, logLikelihood: -18808.717515
[00:08:10] Bootstrap tree #25, logLikelihood: -17545.145685
[00:08:20] Bootstrap tree #26, logLikelihood: -18476.688946
[00:08:27] Bootstrap tree #27, logLikelihood: -18521.454292
[00:08:35] Bootstrap tree #28, logLikelihood: -17933.657928
[00:08:45] Bootstrap tree #29, logLikelihood: -18151.241571
[00:08:53] Bootstrap tree #30, logLikelihood: -18323.035476
[00:09:04] Bootstrap tree #31, logLikelihood: -18323.054726
[00:09:13] Bootstrap tree #32, logLikelihood: -18011.631928
[00:09:25] Bootstrap tree #33, logLikelihood: -18164.056876
[00:09:33] Bootstrap tree #34, logLikelihood: -17623.291428
[00:09:41] Bootstrap tree #35, logLikelihood: -18498.068107
[00:09:50] Bootstrap tree #36, logLikelihood: -18173.845646
[00:10:01] Bootstrap tree #37, logLikelihood: -18076.232093
[00:10:11] Bootstrap tree #38, logLikelihood: -17076.762027
[00:10:19] Bootstrap tree #39, logLikelihood: -17840.252339
[00:10:28] Bootstrap tree #40, logLikelihood: -18278.638233
[00:10:38] Bootstrap tree #41, logLikelihood: -17598.087881
[00:10:47] Bootstrap tree #42, logLikelihood: -18402.781801
[00:10:56] Bootstrap tree #43, logLikelihood: -18309.547698
[00:11:10] Bootstrap tree #44, logLikelihood: -18069.829536
[00:11:18] Bootstrap tree #45, logLikelihood: -18114.802968
[00:11:35] Bootstrap tree #46, logLikelihood: -17924.647213
[00:11:43] Bootstrap tree #47, logLikelihood: -17431.125347
[00:11:59] Bootstrap tree #48, logLikelihood: -17727.701232
[00:12:08] Bootstrap tree #49, logLikelihood: -18104.616236
[00:12:19] Bootstrap tree #50, logLikelihood: -16809.599785
[00:12:30] Bootstrap tree #51, logLikelihood: -17647.628739
[00:12:40] Bootstrap tree #52, logLikelihood: -18103.671437
[00:12:50] Bootstrap tree #53, logLikelihood: -17873.725483
[00:12:59] Bootstrap tree #54, logLikelihood: -18221.408974
[00:13:07] Bootstrap tree #55, logLikelihood: -17987.883190
[00:13:20] Bootstrap tree #56, logLikelihood: -18082.418917
[00:13:30] Bootstrap tree #57, logLikelihood: -17585.661431
[00:13:42] Bootstrap tree #58, logLikelihood: -18444.054179
[00:13:51] Bootstrap tree #59, logLikelihood: -18091.160291
[00:14:01] Bootstrap tree #60, logLikelihood: -17900.590340
[00:14:11] Bootstrap tree #61, logLikelihood: -18357.698542
[00:14:23] Bootstrap tree #62, logLikelihood: -17730.081201
[00:14:32] Bootstrap tree #63, logLikelihood: -18212.202447
[00:14:46] Bootstrap tree #64, logLikelihood: -17778.103236
[00:15:01] Bootstrap tree #65, logLikelihood: -18386.227645
[00:15:14] Bootstrap tree #66, logLikelihood: -18635.247092
[00:15:30] Bootstrap tree #67, logLikelihood: -18289.705966
[00:15:52] Bootstrap tree #68, logLikelihood: -17577.934957
[00:16:13] Bootstrap tree #69, logLikelihood: -18700.660819
[00:16:31] Bootstrap tree #70, logLikelihood: -17823.599844
[00:16:53] Bootstrap tree #71, logLikelihood: -17645.938361
[00:17:14] Bootstrap tree #72, logLikelihood: -18634.919594
[00:17:37] Bootstrap tree #73, logLikelihood: -17386.141476
[00:18:06] Bootstrap tree #74, logLikelihood: -17586.604893
[00:18:42] Bootstrap tree #75, logLikelihood: -17918.463016
[00:19:23] Bootstrap tree #76, logLikelihood: -17985.691505
[00:19:43] Bootstrap tree #77, logLikelihood: -17364.503326
[00:19:58] Bootstrap tree #78, logLikelihood: -17579.023576
[00:20:17] Bootstrap tree #79, logLikelihood: -18234.321253
[00:20:32] Bootstrap tree #80, logLikelihood: -18166.988319
[00:20:45] Bootstrap tree #81, logLikelihood: -18084.510943
[00:20:59] Bootstrap tree #82, logLikelihood: -18111.520841
[00:21:09] Bootstrap tree #83, logLikelihood: -18078.853550
[00:21:19] Bootstrap tree #84, logLikelihood: -17733.715299
[00:21:30] Bootstrap tree #85, logLikelihood: -18276.666356
[00:21:40] Bootstrap tree #86, logLikelihood: -18004.504067
[00:21:58] Bootstrap tree #87, logLikelihood: -17714.397154
[00:22:09] Bootstrap tree #88, logLikelihood: -18184.709135
[00:22:24] Bootstrap tree #89, logLikelihood: -17943.002654
[00:22:40] Bootstrap tree #90, logLikelihood: -17993.605515
[00:22:51] Bootstrap tree #91, logLikelihood: -17979.782268
[00:23:02] Bootstrap tree #92, logLikelihood: -18058.011465
[00:23:12] Bootstrap tree #93, logLikelihood: -18141.106890
[00:23:29] Bootstrap tree #94, logLikelihood: -18361.434712
[00:23:44] Bootstrap tree #95, logLikelihood: -17522.663892
[00:24:01] Bootstrap tree #96, logLikelihood: -17228.266422
[00:24:16] Bootstrap tree #97, logLikelihood: -18101.234734
[00:24:30] Bootstrap tree #98, logLikelihood: -17916.577885
[00:24:44] Bootstrap tree #99, logLikelihood: -17818.210878
[00:24:58] Bootstrap tree #100, logLikelihood: -17582.101802

Optimized model parameters:

   Partition 0: noname
   Rate heterogeneity: NONE
   Base frequencies (ML): 0.280201 0.234432 0.239103 0.246264 
   Substitution rates (ML): 1.907740 3.883086 1.350414 1.755408 5.631975 1.000000 

Final LogLikelihood: -18134.616643

All ML trees saved to: /home/morelbt/github/phd_experiments/results/multi-raxml/haswellrun/phyldog_example_supporttrees_0/raxmlrresults/HBG011014.raxml.mlTrees
Best ML tree saved to: /home/morelbt/github/phd_experiments/results/multi-raxml/haswellrun/phyldog_example_supporttrees_0/raxmlrresults/HBG011014.raxml.bestTree
Best ML tree with bootstrap support values saved to: /home/morelbt/github/phd_experiments/results/multi-raxml/haswellrun/phyldog_example_supporttrees_0/raxmlrresults/HBG011014.raxml.support
Optimized model saved to: /home/morelbt/github/phd_experiments/results/multi-raxml/haswellrun/phyldog_example_supporttrees_0/raxmlrresults/HBG011014.raxml.bestModel
Bootstrap trees saved to: /home/morelbt/github/phd_experiments/results/multi-raxml/haswellrun/phyldog_example_supporttrees_0/raxmlrresults/HBG011014.raxml.bootstraps

Execution log saved to: /home/morelbt/github/phd_experiments/results/multi-raxml/haswellrun/phyldog_example_supporttrees_0/raxmlrresults/HBG011014.raxml.log

Analysis started: 06-Feb-2018 13:46:03 / finished: 06-Feb-2018 14:11:03

Elapsed time: 1500.146 seconds

