
RAxML-NG v. 0.6.0.dev BETA released on 09.01.2018 by The Exelixis Lab.
Authors: Alexey Kozlov, Alexandros Stamatakis, Diego Darriba, Tomas Flouri, Benoit Morel.
Latest version: https://github.com/amkozlov/raxml-ng
Questions/problems/suggestions? Please visit: https://groups.google.com/forum/#!forum/raxml

WARNING: This is a BETA release, please use at your own risk!

RAxML-NG was called as follows:



Analysis options:
  run mode: ML tree search + bootstrapping
  start tree(s): random (20)
  random seed: 1517921850
  tip-inner: OFF
  pattern compression: ON
  per-rate scalers: OFF
  site repeats: ON
  branch lengths: ML estimate (linked)
  SIMD kernels: AVX2
  parallelization: NONE/sequential

[00:00:00] Reading alignment from file: /home/morelbt/github/raxdog/data/DataExample/FastaFiles/HBG011039.fasta
[00:00:00] Loaded alignment with 28 taxa and 495 sites

Alignment comprises 1 partitions and 423 patterns

Partition 0: noname
Model: GTR+FO
Alignment sites / patterns: 495 / 423
Gaps: 9.66 %
Invariant sites: 5.45 %


NOTE: Binary MSA file already exists: /home/morelbt/github/phd_experiments/results/multi-raxml/haswellrun/phyldog_example_supporttrees_0/raxmlrresults/HBG011039.raxml.rba

[00:00:00] Generating random starting tree(s) with 28 taxa
[00:00:00] Data distribution: partitions/thread: 1-1, patterns/thread: 423-423

Starting ML tree search with 20 distinct starting trees

[00:00:02] ML tree search #1, logLikelihood: -7149.323231
[00:00:03] ML tree search #2, logLikelihood: -7149.323627
[00:00:05] ML tree search #3, logLikelihood: -7149.326931
[00:00:06] ML tree search #4, logLikelihood: -7149.328505
[00:00:08] ML tree search #5, logLikelihood: -7149.326814
[00:00:10] ML tree search #6, logLikelihood: -7149.324498
[00:00:11] ML tree search #7, logLikelihood: -7149.330111
[00:00:13] ML tree search #8, logLikelihood: -7149.327263
[00:00:15] ML tree search #9, logLikelihood: -7149.329771
[00:00:16] ML tree search #10, logLikelihood: -7149.331431
[00:00:18] ML tree search #11, logLikelihood: -7149.325512
[00:00:20] ML tree search #12, logLikelihood: -7149.324667
[00:00:21] ML tree search #13, logLikelihood: -7149.329881
[00:00:24] ML tree search #14, logLikelihood: -7149.336263
[00:00:26] ML tree search #15, logLikelihood: -7149.325399
[00:00:28] ML tree search #16, logLikelihood: -7149.336073
[00:00:30] ML tree search #17, logLikelihood: -7149.324361
[00:00:32] ML tree search #18, logLikelihood: -7149.325875
[00:00:34] ML tree search #19, logLikelihood: -7149.325370
[00:00:36] ML tree search #20, logLikelihood: -7149.323195

[00:00:36] ML tree search completed, best tree logLH: -7149.323195

[00:00:36] Starting bootstrapping analysis with 100 replicates.

[00:00:38] Bootstrap tree #1, logLikelihood: -7316.088430
[00:00:40] Bootstrap tree #2, logLikelihood: -6952.138262
[00:00:41] Bootstrap tree #3, logLikelihood: -7063.444280
[00:00:43] Bootstrap tree #4, logLikelihood: -6940.866023
[00:00:45] Bootstrap tree #5, logLikelihood: -7167.865640
[00:00:47] Bootstrap tree #6, logLikelihood: -7118.097043
[00:00:48] Bootstrap tree #7, logLikelihood: -7000.721156
[00:00:50] Bootstrap tree #8, logLikelihood: -6716.865301
[00:00:52] Bootstrap tree #9, logLikelihood: -7168.923477
[00:00:54] Bootstrap tree #10, logLikelihood: -6878.423856
[00:00:56] Bootstrap tree #11, logLikelihood: -7063.743340
[00:00:59] Bootstrap tree #12, logLikelihood: -7369.933540
[00:01:00] Bootstrap tree #13, logLikelihood: -7026.559012
[00:01:02] Bootstrap tree #14, logLikelihood: -7277.382835
[00:01:04] Bootstrap tree #15, logLikelihood: -7281.033885
[00:01:06] Bootstrap tree #16, logLikelihood: -7203.231468
[00:01:08] Bootstrap tree #17, logLikelihood: -6658.747533
[00:01:10] Bootstrap tree #18, logLikelihood: -6732.123393
[00:01:12] Bootstrap tree #19, logLikelihood: -7048.985832
[00:01:14] Bootstrap tree #20, logLikelihood: -7058.983872
[00:01:16] Bootstrap tree #21, logLikelihood: -7036.885551
[00:01:19] Bootstrap tree #22, logLikelihood: -6758.038060
[00:01:22] Bootstrap tree #23, logLikelihood: -7078.530020
[00:01:24] Bootstrap tree #24, logLikelihood: -7052.743810
[00:01:27] Bootstrap tree #25, logLikelihood: -7441.300397
[00:01:29] Bootstrap tree #26, logLikelihood: -7027.328400
[00:01:31] Bootstrap tree #27, logLikelihood: -7175.858165
[00:01:33] Bootstrap tree #28, logLikelihood: -7177.549637
[00:01:35] Bootstrap tree #29, logLikelihood: -6934.723532
[00:01:37] Bootstrap tree #30, logLikelihood: -6822.119624
[00:01:39] Bootstrap tree #31, logLikelihood: -7250.362708
[00:01:41] Bootstrap tree #32, logLikelihood: -7096.477433
[00:01:44] Bootstrap tree #33, logLikelihood: -6832.902679
[00:01:46] Bootstrap tree #34, logLikelihood: -6851.089787
[00:01:48] Bootstrap tree #35, logLikelihood: -6952.195403
[00:01:51] Bootstrap tree #36, logLikelihood: -7005.741852
[00:01:53] Bootstrap tree #37, logLikelihood: -7032.508798
[00:01:55] Bootstrap tree #38, logLikelihood: -6901.861637
[00:01:58] Bootstrap tree #39, logLikelihood: -7140.898586
[00:02:01] Bootstrap tree #40, logLikelihood: -7187.410277
[00:02:03] Bootstrap tree #41, logLikelihood: -6731.998769
[00:02:05] Bootstrap tree #42, logLikelihood: -6844.476521
[00:02:09] Bootstrap tree #43, logLikelihood: -7607.754400
[00:02:11] Bootstrap tree #44, logLikelihood: -7198.238393
[00:02:14] Bootstrap tree #45, logLikelihood: -7314.479860
[00:02:16] Bootstrap tree #46, logLikelihood: -6766.457809
[00:02:18] Bootstrap tree #47, logLikelihood: -7110.167815
[00:02:21] Bootstrap tree #48, logLikelihood: -7357.246748
[00:02:24] Bootstrap tree #49, logLikelihood: -6750.668522
[00:02:27] Bootstrap tree #50, logLikelihood: -7520.634408
[00:02:30] Bootstrap tree #51, logLikelihood: -6920.092889
[00:02:32] Bootstrap tree #52, logLikelihood: -7061.526019
[00:02:36] Bootstrap tree #53, logLikelihood: -7012.709112
[00:02:39] Bootstrap tree #54, logLikelihood: -6753.250352
[00:02:42] Bootstrap tree #55, logLikelihood: -7005.943494
[00:02:45] Bootstrap tree #56, logLikelihood: -7168.256830
[00:02:48] Bootstrap tree #57, logLikelihood: -6936.409749
[00:02:51] Bootstrap tree #58, logLikelihood: -6975.156928
[00:02:54] Bootstrap tree #59, logLikelihood: -6973.138844
[00:02:56] Bootstrap tree #60, logLikelihood: -7274.671822
[00:02:59] Bootstrap tree #61, logLikelihood: -6990.760744
[00:03:02] Bootstrap tree #62, logLikelihood: -7099.703877
[00:03:05] Bootstrap tree #63, logLikelihood: -7144.892072
[00:03:07] Bootstrap tree #64, logLikelihood: -7133.100233
[00:03:10] Bootstrap tree #65, logLikelihood: -7029.090118
[00:03:13] Bootstrap tree #66, logLikelihood: -6877.674270
[00:03:16] Bootstrap tree #67, logLikelihood: -7084.126255
[00:03:19] Bootstrap tree #68, logLikelihood: -7048.813218
[00:03:22] Bootstrap tree #69, logLikelihood: -7215.518007
[00:03:25] Bootstrap tree #70, logLikelihood: -6875.238772
[00:03:28] Bootstrap tree #71, logLikelihood: -7213.062580
[00:03:31] Bootstrap tree #72, logLikelihood: -7180.289644
[00:03:33] Bootstrap tree #73, logLikelihood: -7191.422598
[00:03:38] Bootstrap tree #74, logLikelihood: -6818.551258
[00:03:43] Bootstrap tree #75, logLikelihood: -7320.350721
[00:03:46] Bootstrap tree #76, logLikelihood: -6873.268066
[00:03:49] Bootstrap tree #77, logLikelihood: -7252.697486
[00:03:52] Bootstrap tree #78, logLikelihood: -6650.123767
[00:04:00] Bootstrap tree #79, logLikelihood: -7210.431328
[00:04:05] Bootstrap tree #80, logLikelihood: -7209.515451
[00:04:09] Bootstrap tree #81, logLikelihood: -6908.157921
[00:04:14] Bootstrap tree #82, logLikelihood: -6912.810932
[00:04:25] Bootstrap tree #83, logLikelihood: -7106.128563
[00:04:31] Bootstrap tree #84, logLikelihood: -7084.886155
[00:04:37] Bootstrap tree #85, logLikelihood: -7551.475514
[00:04:41] Bootstrap tree #86, logLikelihood: -6666.173245
[00:04:46] Bootstrap tree #87, logLikelihood: -7089.944979
[00:04:50] Bootstrap tree #88, logLikelihood: -6980.662057
[00:04:56] Bootstrap tree #89, logLikelihood: -6952.026747
[00:05:04] Bootstrap tree #90, logLikelihood: -6896.822961
[00:05:15] Bootstrap tree #91, logLikelihood: -7132.028161
[00:05:21] Bootstrap tree #92, logLikelihood: -7139.966382
[00:05:29] Bootstrap tree #93, logLikelihood: -7262.043131
[00:05:41] Bootstrap tree #94, logLikelihood: -6998.518085
[00:05:52] Bootstrap tree #95, logLikelihood: -7134.857407
[00:06:04] Bootstrap tree #96, logLikelihood: -7013.375408
[00:06:12] Bootstrap tree #97, logLikelihood: -7375.364112
[00:06:24] Bootstrap tree #98, logLikelihood: -6919.274863
[00:06:35] Bootstrap tree #99, logLikelihood: -7138.918792
[00:06:47] Bootstrap tree #100, logLikelihood: -7296.759363

Optimized model parameters:

   Partition 0: noname
   Rate heterogeneity: NONE
   Base frequencies (ML): 0.222374 0.238853 0.252700 0.286073 
   Substitution rates (ML): 1.857416 3.789484 0.947289 2.701722 4.497353 1.000000 

Final LogLikelihood: -7149.323195

All ML trees saved to: /home/morelbt/github/phd_experiments/results/multi-raxml/haswellrun/phyldog_example_supporttrees_0/raxmlrresults/HBG011039.raxml.mlTrees
Best ML tree saved to: /home/morelbt/github/phd_experiments/results/multi-raxml/haswellrun/phyldog_example_supporttrees_0/raxmlrresults/HBG011039.raxml.bestTree
Best ML tree with bootstrap support values saved to: /home/morelbt/github/phd_experiments/results/multi-raxml/haswellrun/phyldog_example_supporttrees_0/raxmlrresults/HBG011039.raxml.support
Optimized model saved to: /home/morelbt/github/phd_experiments/results/multi-raxml/haswellrun/phyldog_example_supporttrees_0/raxmlrresults/HBG011039.raxml.bestModel
Bootstrap trees saved to: /home/morelbt/github/phd_experiments/results/multi-raxml/haswellrun/phyldog_example_supporttrees_0/raxmlrresults/HBG011039.raxml.bootstraps

Execution log saved to: /home/morelbt/github/phd_experiments/results/multi-raxml/haswellrun/phyldog_example_supporttrees_0/raxmlrresults/HBG011039.raxml.log

Analysis started: 06-Feb-2018 13:57:30 / finished: 06-Feb-2018 14:04:29

Elapsed time: 419.343 seconds

