
RAxML-NG v. 0.6.0.dev BETA released on 09.01.2018 by The Exelixis Lab.
Authors: Alexey Kozlov, Alexandros Stamatakis, Diego Darriba, Tomas Flouri, Benoit Morel.
Latest version: https://github.com/amkozlov/raxml-ng
Questions/problems/suggestions? Please visit: https://groups.google.com/forum/#!forum/raxml

WARNING: This is a BETA release, please use at your own risk!

RAxML-NG was called as follows:



Analysis options:
  run mode: ML tree search + bootstrapping
  start tree(s): random (20)
  random seed: 1517921163
  tip-inner: OFF
  pattern compression: ON
  per-rate scalers: OFF
  site repeats: ON
  branch lengths: ML estimate (linked)
  SIMD kernels: AVX2
  parallelization: NONE/sequential

[00:00:01] Reading alignment from file: /home/morelbt/github/raxdog/data/DataExample/FastaFiles/HBG011019.fasta
[00:00:01] Loaded alignment with 40 taxa and 876 sites

Alignment comprises 1 partitions and 750 patterns

Partition 0: noname
Model: GTR+FO
Alignment sites / patterns: 876 / 750
Gaps: 14.76 %
Invariant sites: 6.39 %


NOTE: Binary MSA file already exists: /home/morelbt/github/phd_experiments/results/multi-raxml/haswellrun/phyldog_example_supporttrees_0/raxmlrresults/HBG011019.raxml.rba

[00:00:02] Generating random starting tree(s) with 40 taxa
[00:00:02] Data distribution: partitions/thread: 1-1, patterns/thread: 750-750

Starting ML tree search with 20 distinct starting trees

[00:00:09] ML tree search #1, logLikelihood: -12523.784548
[00:00:14] ML tree search #2, logLikelihood: -12523.780189
[00:00:21] ML tree search #3, logLikelihood: -12523.778716
[00:00:25] ML tree search #4, logLikelihood: -12523.779590
[00:00:32] ML tree search #5, logLikelihood: -12523.778812
[00:00:38] ML tree search #6, logLikelihood: -12523.784211
[00:00:43] ML tree search #7, logLikelihood: -12523.782099
[00:00:48] ML tree search #8, logLikelihood: -12523.781553
[00:00:56] ML tree search #9, logLikelihood: -12523.782874
[00:01:01] ML tree search #10, logLikelihood: -12523.785099
[00:01:07] ML tree search #11, logLikelihood: -12523.778773
[00:01:13] ML tree search #12, logLikelihood: -12523.783398
[00:01:18] ML tree search #13, logLikelihood: -12523.781375
[00:01:23] ML tree search #14, logLikelihood: -12523.781705
[00:01:28] ML tree search #15, logLikelihood: -12523.779455
[00:01:32] ML tree search #16, logLikelihood: -12523.778245
[00:01:38] ML tree search #17, logLikelihood: -12523.779400
[00:01:44] ML tree search #18, logLikelihood: -12523.787924
[00:01:50] ML tree search #19, logLikelihood: -12523.779952
[00:01:55] ML tree search #20, logLikelihood: -12523.779600

[00:01:55] ML tree search completed, best tree logLH: -12523.778245

[00:01:55] Starting bootstrapping analysis with 100 replicates.

[00:01:59] Bootstrap tree #1, logLikelihood: -12195.924624
[00:02:02] Bootstrap tree #2, logLikelihood: -12136.901135
[00:02:07] Bootstrap tree #3, logLikelihood: -12542.893128
[00:02:12] Bootstrap tree #4, logLikelihood: -12472.766261
[00:02:19] Bootstrap tree #5, logLikelihood: -12461.947000
[00:02:24] Bootstrap tree #6, logLikelihood: -12433.906868
[00:02:35] Bootstrap tree #7, logLikelihood: -12699.668215
[00:02:41] Bootstrap tree #8, logLikelihood: -13006.573887
[00:02:46] Bootstrap tree #9, logLikelihood: -12131.754761
[00:02:51] Bootstrap tree #10, logLikelihood: -12701.745067
[00:02:55] Bootstrap tree #11, logLikelihood: -12614.219929
[00:02:59] Bootstrap tree #12, logLikelihood: -12451.273043
[00:03:05] Bootstrap tree #13, logLikelihood: -12378.525765
[00:03:09] Bootstrap tree #14, logLikelihood: -12494.268973
[00:03:15] Bootstrap tree #15, logLikelihood: -12640.580278
[00:03:21] Bootstrap tree #16, logLikelihood: -12365.179908
[00:03:31] Bootstrap tree #17, logLikelihood: -12869.011018
[00:03:37] Bootstrap tree #18, logLikelihood: -11927.405807
[00:03:43] Bootstrap tree #19, logLikelihood: -12891.032660
[00:03:49] Bootstrap tree #20, logLikelihood: -12358.185477
[00:03:54] Bootstrap tree #21, logLikelihood: -12766.974725
[00:04:01] Bootstrap tree #22, logLikelihood: -12487.866173
[00:04:08] Bootstrap tree #23, logLikelihood: -12112.440208
[00:04:16] Bootstrap tree #24, logLikelihood: -12187.339875
[00:04:22] Bootstrap tree #25, logLikelihood: -12291.349370
[00:04:30] Bootstrap tree #26, logLikelihood: -12557.870549
[00:04:35] Bootstrap tree #27, logLikelihood: -12191.093528
[00:04:41] Bootstrap tree #28, logLikelihood: -12201.328384
[00:04:49] Bootstrap tree #29, logLikelihood: -12769.208379
[00:04:57] Bootstrap tree #30, logLikelihood: -12058.243520
[00:05:02] Bootstrap tree #31, logLikelihood: -12551.656713
[00:05:07] Bootstrap tree #32, logLikelihood: -12435.002895
[00:05:14] Bootstrap tree #33, logLikelihood: -13067.430621
[00:05:21] Bootstrap tree #34, logLikelihood: -12042.056229
[00:05:28] Bootstrap tree #35, logLikelihood: -13175.684578
[00:05:36] Bootstrap tree #36, logLikelihood: -12935.468867
[00:05:47] Bootstrap tree #37, logLikelihood: -12427.850548
[00:05:54] Bootstrap tree #38, logLikelihood: -13060.789320
[00:06:02] Bootstrap tree #39, logLikelihood: -12786.845911
[00:06:14] Bootstrap tree #40, logLikelihood: -12782.877050
[00:06:22] Bootstrap tree #41, logLikelihood: -12150.458213
[00:06:30] Bootstrap tree #42, logLikelihood: -12385.595813
[00:06:38] Bootstrap tree #43, logLikelihood: -12479.859133
[00:06:47] Bootstrap tree #44, logLikelihood: -12637.156870
[00:06:58] Bootstrap tree #45, logLikelihood: -12002.653189
[00:07:06] Bootstrap tree #46, logLikelihood: -12262.205309
[00:07:14] Bootstrap tree #47, logLikelihood: -12302.937691
[00:07:24] Bootstrap tree #48, logLikelihood: -12585.840894
[00:07:36] Bootstrap tree #49, logLikelihood: -12024.303538
[00:07:44] Bootstrap tree #50, logLikelihood: -12519.436184
[00:07:50] Bootstrap tree #51, logLikelihood: -12489.639766
[00:07:59] Bootstrap tree #52, logLikelihood: -12423.897172
[00:08:06] Bootstrap tree #53, logLikelihood: -12825.875687
[00:08:12] Bootstrap tree #54, logLikelihood: -12804.653609
[00:08:18] Bootstrap tree #55, logLikelihood: -12396.401680
[00:08:25] Bootstrap tree #56, logLikelihood: -12928.748925
[00:08:31] Bootstrap tree #57, logLikelihood: -12687.308401
[00:08:37] Bootstrap tree #58, logLikelihood: -12229.590189
[00:08:44] Bootstrap tree #59, logLikelihood: -12699.627479
[00:08:48] Bootstrap tree #60, logLikelihood: -12200.854897
[00:08:54] Bootstrap tree #61, logLikelihood: -12522.387611
[00:09:02] Bootstrap tree #62, logLikelihood: -12573.409652
[00:09:09] Bootstrap tree #63, logLikelihood: -12788.846903
[00:09:15] Bootstrap tree #64, logLikelihood: -12711.191885
[00:09:21] Bootstrap tree #65, logLikelihood: -12787.308380
[00:09:26] Bootstrap tree #66, logLikelihood: -12450.823887
[00:09:32] Bootstrap tree #67, logLikelihood: -12661.287337
[00:09:38] Bootstrap tree #68, logLikelihood: -12742.093367
[00:09:44] Bootstrap tree #69, logLikelihood: -12119.769585
[00:09:51] Bootstrap tree #70, logLikelihood: -12260.389181
[00:10:00] Bootstrap tree #71, logLikelihood: -12384.254124
[00:10:06] Bootstrap tree #72, logLikelihood: -12698.320994
[00:10:12] Bootstrap tree #73, logLikelihood: -12818.363603
[00:10:23] Bootstrap tree #74, logLikelihood: -13288.233962
[00:10:31] Bootstrap tree #75, logLikelihood: -12340.950540
[00:10:39] Bootstrap tree #76, logLikelihood: -12487.110325
[00:10:46] Bootstrap tree #77, logLikelihood: -12684.332105
[00:10:52] Bootstrap tree #78, logLikelihood: -12225.049011
[00:10:57] Bootstrap tree #79, logLikelihood: -12136.535201
[00:11:05] Bootstrap tree #80, logLikelihood: -13010.425104
[00:11:12] Bootstrap tree #81, logLikelihood: -12472.355907
[00:11:19] Bootstrap tree #82, logLikelihood: -12496.382635
[00:11:26] Bootstrap tree #83, logLikelihood: -12765.014822
[00:11:33] Bootstrap tree #84, logLikelihood: -12734.220289
[00:11:40] Bootstrap tree #85, logLikelihood: -12611.727896
[00:11:46] Bootstrap tree #86, logLikelihood: -12613.822799
[00:11:51] Bootstrap tree #87, logLikelihood: -12178.408729
[00:11:58] Bootstrap tree #88, logLikelihood: -12382.529810
[00:12:05] Bootstrap tree #89, logLikelihood: -12304.226293
[00:12:13] Bootstrap tree #90, logLikelihood: -12196.904424
[00:12:22] Bootstrap tree #91, logLikelihood: -12468.723986
[00:12:29] Bootstrap tree #92, logLikelihood: -12655.200145
[00:12:39] Bootstrap tree #93, logLikelihood: -12753.163933
[00:12:46] Bootstrap tree #94, logLikelihood: -12994.043798
[00:12:54] Bootstrap tree #95, logLikelihood: -12144.975163
[00:13:00] Bootstrap tree #96, logLikelihood: -12456.732199
[00:13:07] Bootstrap tree #97, logLikelihood: -12477.152745
[00:13:14] Bootstrap tree #98, logLikelihood: -12876.347209
[00:13:21] Bootstrap tree #99, logLikelihood: -12354.185673
[00:13:30] Bootstrap tree #100, logLikelihood: -12709.679492

Optimized model parameters:

   Partition 0: noname
   Rate heterogeneity: NONE
   Base frequencies (ML): 0.264032 0.234466 0.284597 0.216906 
   Substitution rates (ML): 0.998050 2.261761 0.500813 1.542002 3.498379 1.000000 

Final LogLikelihood: -12523.778245

All ML trees saved to: /home/morelbt/github/phd_experiments/results/multi-raxml/haswellrun/phyldog_example_supporttrees_0/raxmlrresults/HBG011019.raxml.mlTrees
Best ML tree saved to: /home/morelbt/github/phd_experiments/results/multi-raxml/haswellrun/phyldog_example_supporttrees_0/raxmlrresults/HBG011019.raxml.bestTree
Best ML tree with bootstrap support values saved to: /home/morelbt/github/phd_experiments/results/multi-raxml/haswellrun/phyldog_example_supporttrees_0/raxmlrresults/HBG011019.raxml.support
Optimized model saved to: /home/morelbt/github/phd_experiments/results/multi-raxml/haswellrun/phyldog_example_supporttrees_0/raxmlrresults/HBG011019.raxml.bestModel
Bootstrap trees saved to: /home/morelbt/github/phd_experiments/results/multi-raxml/haswellrun/phyldog_example_supporttrees_0/raxmlrresults/HBG011019.raxml.bootstraps

Execution log saved to: /home/morelbt/github/phd_experiments/results/multi-raxml/haswellrun/phyldog_example_supporttrees_0/raxmlrresults/HBG011019.raxml.log

Analysis started: 06-Feb-2018 13:46:01 / finished: 06-Feb-2018 13:59:33

Elapsed time: 812.313 seconds

