
RAxML-NG v. 0.6.0.dev BETA released on 09.01.2018 by The Exelixis Lab.
Authors: Alexey Kozlov, Alexandros Stamatakis, Diego Darriba, Tomas Flouri, Benoit Morel.
Latest version: https://github.com/amkozlov/raxml-ng
Questions/problems/suggestions? Please visit: https://groups.google.com/forum/#!forum/raxml

WARNING: This is a BETA release, please use at your own risk!

RAxML-NG was called as follows:



Analysis options:
  run mode: ML tree search + bootstrapping
  start tree(s): random (20)
  random seed: 1517920557
  tip-inner: OFF
  pattern compression: ON
  per-rate scalers: OFF
  site repeats: ON
  branch lengths: ML estimate (linked)
  SIMD kernels: AVX2
  parallelization: MPI (2 ranks)

[00:00:00] Reading alignment from file: /home/morelbt/github/raxdog/data/DataExample/FastaFiles/HBG011008.fasta
[00:00:00] Loaded alignment with 104 taxa and 1305 sites

Alignment comprises 1 partitions and 1284 patterns

Partition 0: noname
Model: GTR+FO
Alignment sites / patterns: 1305 / 1284
Gaps: 15.68 %
Invariant sites: 3.22 %


NOTE: Binary MSA file already exists: /home/morelbt/github/phd_experiments/results/multi-raxml/haswellrun/phyldog_example_supporttrees_0/raxmlrresults/HBG011008.raxml.rba

[00:00:00] Generating random starting tree(s) with 104 taxa
[00:00:00] Data distribution: partitions/thread: 1-1, patterns/thread: 642-642

Starting ML tree search with 20 distinct starting trees

[00:00:24] ML tree search #1, logLikelihood: -56451.265491
[00:00:49] ML tree search #2, logLikelihood: -56457.282836
[00:01:15] ML tree search #3, logLikelihood: -56450.133360
[00:01:38] ML tree search #4, logLikelihood: -56450.561389
[00:02:05] ML tree search #5, logLikelihood: -56450.124487
[00:02:28] ML tree search #6, logLikelihood: -56450.159772
[00:02:54] ML tree search #7, logLikelihood: -56450.140870
[00:03:25] ML tree search #8, logLikelihood: -56450.523497
[00:03:51] ML tree search #9, logLikelihood: -56451.796821
[00:04:13] ML tree search #10, logLikelihood: -56461.153822
[00:04:39] ML tree search #11, logLikelihood: -56451.777780
[00:05:05] ML tree search #12, logLikelihood: -56450.179730
[00:05:28] ML tree search #13, logLikelihood: -56451.268346
[00:05:54] ML tree search #14, logLikelihood: -56451.272168
[00:06:17] ML tree search #15, logLikelihood: -56450.158120
[00:06:43] ML tree search #16, logLikelihood: -56450.128123
[00:07:08] ML tree search #17, logLikelihood: -56451.267339
[00:07:33] ML tree search #18, logLikelihood: -56450.134552
[00:07:58] ML tree search #19, logLikelihood: -56451.267852
[00:08:25] ML tree search #20, logLikelihood: -56450.525966

[00:08:25] ML tree search completed, best tree logLH: -56450.124487

[00:08:25] Starting bootstrapping analysis with 100 replicates.

[00:08:44] Bootstrap tree #1, logLikelihood: -55812.318867
[00:09:03] Bootstrap tree #2, logLikelihood: -55440.661964
[00:09:26] Bootstrap tree #3, logLikelihood: -55842.702935
[00:09:44] Bootstrap tree #4, logLikelihood: -57276.962876
[00:10:03] Bootstrap tree #5, logLikelihood: -57061.864722
[00:10:24] Bootstrap tree #6, logLikelihood: -55674.020353
[00:10:42] Bootstrap tree #7, logLikelihood: -55451.827221
[00:11:02] Bootstrap tree #8, logLikelihood: -55347.373435
[00:11:22] Bootstrap tree #9, logLikelihood: -57624.437831
[00:11:43] Bootstrap tree #10, logLikelihood: -56350.725414
[00:12:07] Bootstrap tree #11, logLikelihood: -55360.773287
[00:12:28] Bootstrap tree #12, logLikelihood: -55685.528665
[00:13:00] Bootstrap tree #13, logLikelihood: -55863.595942
[00:13:21] Bootstrap tree #14, logLikelihood: -57948.688850
[00:13:44] Bootstrap tree #15, logLikelihood: -55728.168298
[00:14:11] Bootstrap tree #16, logLikelihood: -55030.264590
[00:14:40] Bootstrap tree #17, logLikelihood: -55622.641789
[00:15:03] Bootstrap tree #18, logLikelihood: -56333.574693
[00:15:29] Bootstrap tree #19, logLikelihood: -56533.725986
[00:16:08] Bootstrap tree #20, logLikelihood: -57239.369434
[00:16:37] Bootstrap tree #21, logLikelihood: -56401.963077
[00:17:07] Bootstrap tree #22, logLikelihood: -56226.331904
[00:17:35] Bootstrap tree #23, logLikelihood: -56203.035437
[00:18:03] Bootstrap tree #24, logLikelihood: -56353.707979
[00:18:28] Bootstrap tree #25, logLikelihood: -56123.365319
[00:18:52] Bootstrap tree #26, logLikelihood: -56400.316888
[00:19:12] Bootstrap tree #27, logLikelihood: -54614.750423
[00:19:34] Bootstrap tree #28, logLikelihood: -55324.101203
[00:19:58] Bootstrap tree #29, logLikelihood: -55659.234442
[00:20:22] Bootstrap tree #30, logLikelihood: -56245.589839
[00:20:47] Bootstrap tree #31, logLikelihood: -55943.160736
[00:21:11] Bootstrap tree #32, logLikelihood: -55011.416456
[00:21:30] Bootstrap tree #33, logLikelihood: -56053.298010
[00:21:51] Bootstrap tree #34, logLikelihood: -56737.712078
[00:22:11] Bootstrap tree #35, logLikelihood: -57308.472150
[00:22:34] Bootstrap tree #36, logLikelihood: -55918.830457
[00:22:55] Bootstrap tree #37, logLikelihood: -56466.455912
[00:23:16] Bootstrap tree #38, logLikelihood: -55688.777987
[00:23:49] Bootstrap tree #39, logLikelihood: -55791.570229
[00:24:18] Bootstrap tree #40, logLikelihood: -56373.620347
[00:24:38] Bootstrap tree #41, logLikelihood: -56126.653793
[00:25:08] Bootstrap tree #42, logLikelihood: -56271.252570
[00:25:33] Bootstrap tree #43, logLikelihood: -55777.193164
[00:26:09] Bootstrap tree #44, logLikelihood: -57541.853349
[00:26:37] Bootstrap tree #45, logLikelihood: -55971.424431
[00:27:17] Bootstrap tree #46, logLikelihood: -56272.143620
[00:28:00] Bootstrap tree #47, logLikelihood: -57095.250015
[00:28:52] Bootstrap tree #48, logLikelihood: -57609.623157
[00:29:49] Bootstrap tree #49, logLikelihood: -56283.407977
[00:30:30] Bootstrap tree #50, logLikelihood: -56701.714303
[00:30:56] Bootstrap tree #51, logLikelihood: -56796.239843
[00:31:27] Bootstrap tree #52, logLikelihood: -57511.731657
[00:31:51] Bootstrap tree #53, logLikelihood: -54388.889626
[00:32:13] Bootstrap tree #54, logLikelihood: -57371.145028
[00:32:39] Bootstrap tree #55, logLikelihood: -56021.154742
[00:33:02] Bootstrap tree #56, logLikelihood: -55395.762205
[00:33:27] Bootstrap tree #57, logLikelihood: -53956.351565
[00:33:56] Bootstrap tree #58, logLikelihood: -57281.511410
[00:34:19] Bootstrap tree #59, logLikelihood: -54714.358228
[00:34:45] Bootstrap tree #60, logLikelihood: -55441.700738
[00:35:07] Bootstrap tree #61, logLikelihood: -56050.333975
[00:35:31] Bootstrap tree #62, logLikelihood: -56617.818303
[00:35:55] Bootstrap tree #63, logLikelihood: -55901.875568
[00:36:29] Bootstrap tree #64, logLikelihood: -57813.758621
[00:36:56] Bootstrap tree #65, logLikelihood: -57867.984791
[00:37:22] Bootstrap tree #66, logLikelihood: -55828.746787
[00:37:48] Bootstrap tree #67, logLikelihood: -56315.806453
[00:38:18] Bootstrap tree #68, logLikelihood: -55760.761980
[00:38:42] Bootstrap tree #69, logLikelihood: -55930.066152
[00:39:11] Bootstrap tree #70, logLikelihood: -55961.507828
[00:39:35] Bootstrap tree #71, logLikelihood: -55063.237441
[00:39:58] Bootstrap tree #72, logLikelihood: -56905.780152
[00:40:25] Bootstrap tree #73, logLikelihood: -56807.216967
[00:40:51] Bootstrap tree #74, logLikelihood: -55253.131755
[00:41:19] Bootstrap tree #75, logLikelihood: -55830.934546
[00:41:52] Bootstrap tree #76, logLikelihood: -56352.011977
[00:42:23] Bootstrap tree #77, logLikelihood: -56810.383636
[00:42:47] Bootstrap tree #78, logLikelihood: -55677.773832
[00:43:12] Bootstrap tree #79, logLikelihood: -57167.724170
[00:43:45] Bootstrap tree #80, logLikelihood: -56173.185728
[00:44:17] Bootstrap tree #81, logLikelihood: -56686.093466
[00:44:45] Bootstrap tree #82, logLikelihood: -55782.325313
[00:45:09] Bootstrap tree #83, logLikelihood: -56462.080244
[00:45:31] Bootstrap tree #84, logLikelihood: -56483.099593
[00:46:03] Bootstrap tree #85, logLikelihood: -55698.250019
[00:46:24] Bootstrap tree #86, logLikelihood: -56696.662767
[00:46:46] Bootstrap tree #87, logLikelihood: -56656.212851
[00:47:09] Bootstrap tree #88, logLikelihood: -56596.810845
[00:47:34] Bootstrap tree #89, logLikelihood: -56601.757857
[00:48:00] Bootstrap tree #90, logLikelihood: -55713.993024
[00:48:26] Bootstrap tree #91, logLikelihood: -56318.693856
[00:48:53] Bootstrap tree #92, logLikelihood: -57423.646456
[00:49:17] Bootstrap tree #93, logLikelihood: -57420.486400
[00:49:42] Bootstrap tree #94, logLikelihood: -57098.737083
[00:50:20] Bootstrap tree #95, logLikelihood: -57255.529103
[00:50:48] Bootstrap tree #96, logLikelihood: -55323.006610
[00:51:11] Bootstrap tree #97, logLikelihood: -57223.907610
[00:51:37] Bootstrap tree #98, logLikelihood: -55996.736150
[00:52:07] Bootstrap tree #99, logLikelihood: -57246.957813
[00:52:37] Bootstrap tree #100, logLikelihood: -57440.845306

Optimized model parameters:

   Partition 0: noname
   Rate heterogeneity: NONE
   Base frequencies (ML): 0.215608 0.219610 0.217873 0.346909 
   Substitution rates (ML): 2.193860 4.225154 1.013206 2.796410 4.202432 1.000000 

Final LogLikelihood: -56450.124487

All ML trees saved to: /home/morelbt/github/phd_experiments/results/multi-raxml/haswellrun/phyldog_example_supporttrees_0/raxmlrresults/HBG011008.raxml.mlTrees
Best ML tree saved to: /home/morelbt/github/phd_experiments/results/multi-raxml/haswellrun/phyldog_example_supporttrees_0/raxmlrresults/HBG011008.raxml.bestTree
Best ML tree with bootstrap support values saved to: /home/morelbt/github/phd_experiments/results/multi-raxml/haswellrun/phyldog_example_supporttrees_0/raxmlrresults/HBG011008.raxml.support
Optimized model saved to: /home/morelbt/github/phd_experiments/results/multi-raxml/haswellrun/phyldog_example_supporttrees_0/raxmlrresults/HBG011008.raxml.bestModel
Bootstrap trees saved to: /home/morelbt/github/phd_experiments/results/multi-raxml/haswellrun/phyldog_example_supporttrees_0/raxmlrresults/HBG011008.raxml.bootstraps

Execution log saved to: /home/morelbt/github/phd_experiments/results/multi-raxml/haswellrun/phyldog_example_supporttrees_0/raxmlrresults/HBG011008.raxml.log

Analysis started: 06-Feb-2018 13:35:57 / finished: 06-Feb-2018 14:28:35

Elapsed time: 3158.263 seconds

