
RAxML-NG v. 0.6.0.dev BETA released on 09.01.2018 by The Exelixis Lab.
Authors: Alexey Kozlov, Alexandros Stamatakis, Diego Darriba, Tomas Flouri, Benoit Morel.
Latest version: https://github.com/amkozlov/raxml-ng
Questions/problems/suggestions? Please visit: https://groups.google.com/forum/#!forum/raxml

WARNING: This is a BETA release, please use at your own risk!

RAxML-NG was called as follows:



Analysis options:
  run mode: ML tree search + bootstrapping
  start tree(s): random (20)
  random seed: 1517920935
  tip-inner: OFF
  pattern compression: ON
  per-rate scalers: OFF
  site repeats: ON
  branch lengths: ML estimate (linked)
  SIMD kernels: AVX2
  parallelization: NONE/sequential

[00:00:01] Reading alignment from file: /home/morelbt/github/raxdog/data/DataExample/FastaFiles/HBG011002.fasta
[00:00:01] Loaded alignment with 65 taxa and 927 sites

Alignment comprises 1 partitions and 886 patterns

Partition 0: noname
Model: GTR+FO
Alignment sites / patterns: 927 / 886
Gaps: 13.83 %
Invariant sites: 6.15 %


NOTE: Binary MSA file already exists: /home/morelbt/github/phd_experiments/results/multi-raxml/haswellrun/phyldog_example_supporttrees_0/raxmlrresults/HBG011002.raxml.rba

[00:00:01] Generating random starting tree(s) with 65 taxa
[00:00:02] Data distribution: partitions/thread: 1-1, patterns/thread: 886-886

Starting ML tree search with 20 distinct starting trees

[00:00:18] ML tree search #1, logLikelihood: -25957.458855
[00:00:31] ML tree search #2, logLikelihood: -25955.473092
[00:00:44] ML tree search #3, logLikelihood: -25957.026703
[00:00:58] ML tree search #4, logLikelihood: -25951.218844
[00:01:15] ML tree search #5, logLikelihood: -25953.189699
[00:01:28] ML tree search #6, logLikelihood: -25951.212576
[00:01:41] ML tree search #7, logLikelihood: -25957.020278
[00:01:54] ML tree search #8, logLikelihood: -25952.300487
[00:02:07] ML tree search #9, logLikelihood: -25959.127090
[00:02:19] ML tree search #10, logLikelihood: -25951.214594
[00:02:35] ML tree search #11, logLikelihood: -25957.425351
[00:02:50] ML tree search #12, logLikelihood: -25957.452086
[00:03:06] ML tree search #13, logLikelihood: -25958.722296
[00:03:23] ML tree search #14, logLikelihood: -25957.453547
[00:03:40] ML tree search #15, logLikelihood: -25951.211725
[00:03:54] ML tree search #16, logLikelihood: -25951.211774
[00:04:06] ML tree search #17, logLikelihood: -25952.306548
[00:04:22] ML tree search #18, logLikelihood: -25951.212921
[00:04:41] ML tree search #19, logLikelihood: -25957.453802
[00:04:56] ML tree search #20, logLikelihood: -25957.463590

[00:04:56] ML tree search completed, best tree logLH: -25951.211725

[00:04:56] Starting bootstrapping analysis with 100 replicates.

[00:05:10] Bootstrap tree #1, logLikelihood: -25744.649994
[00:05:20] Bootstrap tree #2, logLikelihood: -26024.876497
[00:05:31] Bootstrap tree #3, logLikelihood: -25785.878274
[00:05:41] Bootstrap tree #4, logLikelihood: -25574.542576
[00:05:56] Bootstrap tree #5, logLikelihood: -26357.469259
[00:06:11] Bootstrap tree #6, logLikelihood: -26473.024859
[00:06:23] Bootstrap tree #7, logLikelihood: -25947.592627
[00:06:34] Bootstrap tree #8, logLikelihood: -26149.917464
[00:06:44] Bootstrap tree #9, logLikelihood: -24890.514467
[00:06:53] Bootstrap tree #10, logLikelihood: -26210.808711
[00:07:03] Bootstrap tree #11, logLikelihood: -25637.882802
[00:07:21] Bootstrap tree #12, logLikelihood: -25230.691671
[00:07:37] Bootstrap tree #13, logLikelihood: -25150.432360
[00:07:49] Bootstrap tree #14, logLikelihood: -26162.757727
[00:08:01] Bootstrap tree #15, logLikelihood: -27045.752368
[00:08:16] Bootstrap tree #16, logLikelihood: -24818.156078
[00:08:28] Bootstrap tree #17, logLikelihood: -25869.706200
[00:08:42] Bootstrap tree #18, logLikelihood: -25718.528597
[00:08:54] Bootstrap tree #19, logLikelihood: -25884.147570
[00:09:10] Bootstrap tree #20, logLikelihood: -25959.527691
[00:09:26] Bootstrap tree #21, logLikelihood: -25791.037743
[00:09:39] Bootstrap tree #22, logLikelihood: -26299.903384
[00:09:52] Bootstrap tree #23, logLikelihood: -26067.306095
[00:10:07] Bootstrap tree #24, logLikelihood: -26557.553855
[00:10:21] Bootstrap tree #25, logLikelihood: -25856.441833
[00:10:34] Bootstrap tree #26, logLikelihood: -25636.708491
[00:10:50] Bootstrap tree #27, logLikelihood: -26617.464566
[00:11:03] Bootstrap tree #28, logLikelihood: -26050.652147
[00:11:17] Bootstrap tree #29, logLikelihood: -24998.997850
[00:11:36] Bootstrap tree #30, logLikelihood: -26123.575554
[00:11:55] Bootstrap tree #31, logLikelihood: -25397.419725
[00:12:08] Bootstrap tree #32, logLikelihood: -25850.152836
[00:12:19] Bootstrap tree #33, logLikelihood: -25840.518115
[00:12:40] Bootstrap tree #34, logLikelihood: -25078.316041
[00:12:56] Bootstrap tree #35, logLikelihood: -25172.988194
[00:13:05] Bootstrap tree #36, logLikelihood: -26239.268812
[00:13:16] Bootstrap tree #37, logLikelihood: -25129.619002
[00:13:30] Bootstrap tree #38, logLikelihood: -26742.810361
[00:13:45] Bootstrap tree #39, logLikelihood: -26486.774951
[00:13:57] Bootstrap tree #40, logLikelihood: -26506.485655
[00:14:21] Bootstrap tree #41, logLikelihood: -26243.735496
[00:14:41] Bootstrap tree #42, logLikelihood: -25762.916397
[00:14:53] Bootstrap tree #43, logLikelihood: -26082.746058
[00:15:07] Bootstrap tree #44, logLikelihood: -26335.535163
[00:15:22] Bootstrap tree #45, logLikelihood: -26843.830425
[00:15:34] Bootstrap tree #46, logLikelihood: -26500.827604
[00:15:47] Bootstrap tree #47, logLikelihood: -26600.363004
[00:15:59] Bootstrap tree #48, logLikelihood: -24901.317844
[00:16:12] Bootstrap tree #49, logLikelihood: -25805.700170
[00:16:24] Bootstrap tree #50, logLikelihood: -25562.648454
[00:16:39] Bootstrap tree #51, logLikelihood: -26479.705922
[00:16:59] Bootstrap tree #52, logLikelihood: -26006.606641
[00:17:13] Bootstrap tree #53, logLikelihood: -25772.870702
[00:17:26] Bootstrap tree #54, logLikelihood: -26606.423900
[00:17:39] Bootstrap tree #55, logLikelihood: -25927.033588
[00:17:52] Bootstrap tree #56, logLikelihood: -25900.246931
[00:18:11] Bootstrap tree #57, logLikelihood: -26197.826746
[00:18:24] Bootstrap tree #58, logLikelihood: -26288.180198
[00:18:39] Bootstrap tree #59, logLikelihood: -25341.042597
[00:18:59] Bootstrap tree #60, logLikelihood: -25651.896367
[00:19:15] Bootstrap tree #61, logLikelihood: -26446.342611
[00:19:30] Bootstrap tree #62, logLikelihood: -26561.641399
[00:19:57] Bootstrap tree #63, logLikelihood: -25978.385637
[00:20:14] Bootstrap tree #64, logLikelihood: -25509.945403
[00:20:41] Bootstrap tree #65, logLikelihood: -26025.741252
[00:21:09] Bootstrap tree #66, logLikelihood: -26178.046888
[00:21:40] Bootstrap tree #67, logLikelihood: -24866.198732
[00:22:22] Bootstrap tree #68, logLikelihood: -26082.298194
[00:22:55] Bootstrap tree #69, logLikelihood: -25807.453578
[00:23:30] Bootstrap tree #70, logLikelihood: -25910.311741
[00:23:46] Bootstrap tree #71, logLikelihood: -25075.723684
[00:24:07] Bootstrap tree #72, logLikelihood: -26185.976584
[00:24:27] Bootstrap tree #73, logLikelihood: -25371.119169
[00:24:43] Bootstrap tree #74, logLikelihood: -26149.536064
[00:24:59] Bootstrap tree #75, logLikelihood: -24717.669009
[00:25:14] Bootstrap tree #76, logLikelihood: -26266.302425
[00:25:30] Bootstrap tree #77, logLikelihood: -25179.977549
[00:25:46] Bootstrap tree #78, logLikelihood: -25706.012914
[00:26:00] Bootstrap tree #79, logLikelihood: -27141.318091
[00:26:18] Bootstrap tree #80, logLikelihood: -25581.888488
[00:26:38] Bootstrap tree #81, logLikelihood: -26235.980440
[00:26:52] Bootstrap tree #82, logLikelihood: -24717.231099
[00:27:04] Bootstrap tree #83, logLikelihood: -25440.047683
[00:27:17] Bootstrap tree #84, logLikelihood: -26191.295866
[00:27:33] Bootstrap tree #85, logLikelihood: -25493.746913
[00:27:51] Bootstrap tree #86, logLikelihood: -25959.108540
[00:28:07] Bootstrap tree #87, logLikelihood: -26614.918309
[00:28:38] Bootstrap tree #88, logLikelihood: -25791.737088
[00:28:52] Bootstrap tree #89, logLikelihood: -25181.775452
[00:29:08] Bootstrap tree #90, logLikelihood: -25891.059125
[00:29:24] Bootstrap tree #91, logLikelihood: -24509.789813
[00:29:36] Bootstrap tree #92, logLikelihood: -25909.596130
[00:29:51] Bootstrap tree #93, logLikelihood: -26351.151203
[00:30:06] Bootstrap tree #94, logLikelihood: -25965.880646
[00:30:22] Bootstrap tree #95, logLikelihood: -26035.497746
[00:30:36] Bootstrap tree #96, logLikelihood: -25293.955950
[00:30:52] Bootstrap tree #97, logLikelihood: -26390.852464
[00:31:11] Bootstrap tree #98, logLikelihood: -25486.512689
[00:31:23] Bootstrap tree #99, logLikelihood: -26036.262578
[00:31:40] Bootstrap tree #100, logLikelihood: -27045.192410

Optimized model parameters:

   Partition 0: noname
   Rate heterogeneity: NONE
   Base frequencies (ML): 0.243813 0.270648 0.276244 0.209295 
   Substitution rates (ML): 1.298467 2.685360 1.237246 1.088505 3.548445 1.000000 

Final LogLikelihood: -25951.211725

All ML trees saved to: /home/morelbt/github/phd_experiments/results/multi-raxml/haswellrun/phyldog_example_supporttrees_0/raxmlrresults/HBG011002.raxml.mlTrees
Best ML tree saved to: /home/morelbt/github/phd_experiments/results/multi-raxml/haswellrun/phyldog_example_supporttrees_0/raxmlrresults/HBG011002.raxml.bestTree
Best ML tree with bootstrap support values saved to: /home/morelbt/github/phd_experiments/results/multi-raxml/haswellrun/phyldog_example_supporttrees_0/raxmlrresults/HBG011002.raxml.support
Optimized model saved to: /home/morelbt/github/phd_experiments/results/multi-raxml/haswellrun/phyldog_example_supporttrees_0/raxmlrresults/HBG011002.raxml.bestModel
Bootstrap trees saved to: /home/morelbt/github/phd_experiments/results/multi-raxml/haswellrun/phyldog_example_supporttrees_0/raxmlrresults/HBG011002.raxml.bootstraps

Execution log saved to: /home/morelbt/github/phd_experiments/results/multi-raxml/haswellrun/phyldog_example_supporttrees_0/raxmlrresults/HBG011002.raxml.log

Analysis started: 06-Feb-2018 13:42:13 / finished: 06-Feb-2018 14:13:55

Elapsed time: 1901.937 seconds

