
RAxML-NG v. 0.6.0.dev BETA released on 09.01.2018 by The Exelixis Lab.
Authors: Alexey Kozlov, Alexandros Stamatakis, Diego Darriba, Tomas Flouri, Benoit Morel.
Latest version: https://github.com/amkozlov/raxml-ng
Questions/problems/suggestions? Please visit: https://groups.google.com/forum/#!forum/raxml

WARNING: This is a BETA release, please use at your own risk!

RAxML-NG was called as follows:



Analysis options:
  run mode: ML tree search + bootstrapping
  start tree(s): random (20)
  random seed: 1517919677
  tip-inner: OFF
  pattern compression: ON
  per-rate scalers: OFF
  site repeats: ON
  branch lengths: ML estimate (linked)
  SIMD kernels: AVX2
  parallelization: MPI (8 ranks)

[00:00:00] Reading alignment from file: /home/morelbt/github/raxdog/data/DataExample/FastaFiles/HBG011006.fasta
[00:00:00] Loaded alignment with 58 taxa and 4386 sites

Alignment comprises 1 partitions and 4151 patterns

Partition 0: noname
Model: GTR+FO
Alignment sites / patterns: 4386 / 4151
Gaps: 21.44 %
Invariant sites: 5.91 %


NOTE: Binary MSA file already exists: /home/morelbt/github/phd_experiments/results/multi-raxml/haswellrun/phyldog_example_supporttrees_0/raxmlrresults/HBG011006.raxml.rba

[00:00:00] Generating random starting tree(s) with 58 taxa
[00:00:00] Data distribution: partitions/thread: 1-1, patterns/thread: 518-519

Starting ML tree search with 20 distinct starting trees

[00:00:11] ML tree search #1, logLikelihood: -88211.911318
[00:00:29] ML tree search #2, logLikelihood: -88211.913952
[00:00:40] ML tree search #3, logLikelihood: -88211.905145
[00:00:58] ML tree search #4, logLikelihood: -88210.866784
[00:01:21] ML tree search #5, logLikelihood: -88212.004462
[00:01:32] ML tree search #6, logLikelihood: -88211.914408
[00:01:55] ML tree search #7, logLikelihood: -88212.005113
[00:02:05] ML tree search #8, logLikelihood: -88210.869483
[00:02:28] ML tree search #9, logLikelihood: -88210.992515
[00:02:39] ML tree search #10, logLikelihood: -88210.872581
[00:02:51] ML tree search #11, logLikelihood: -88210.869015
[00:03:12] ML tree search #12, logLikelihood: -88210.990517
[00:03:22] ML tree search #13, logLikelihood: -88217.332236
[00:03:33] ML tree search #14, logLikelihood: -88210.874030
[00:03:43] ML tree search #15, logLikelihood: -88210.856104
[00:03:52] ML tree search #16, logLikelihood: -88211.905337
[00:04:03] ML tree search #17, logLikelihood: -88210.870666
[00:04:15] ML tree search #18, logLikelihood: -88211.913981
[00:04:26] ML tree search #19, logLikelihood: -88211.907418
[00:04:37] ML tree search #20, logLikelihood: -88211.915359

[00:04:37] ML tree search completed, best tree logLH: -88210.856104

[00:04:37] Starting bootstrapping analysis with 100 replicates.

[00:04:44] Bootstrap tree #1, logLikelihood: -87481.361754
[00:04:55] Bootstrap tree #2, logLikelihood: -87156.455967
[00:05:07] Bootstrap tree #3, logLikelihood: -88860.827615
[00:05:16] Bootstrap tree #4, logLikelihood: -88063.673226
[00:05:24] Bootstrap tree #5, logLikelihood: -88205.528849
[00:05:34] Bootstrap tree #6, logLikelihood: -87162.403563
[00:05:46] Bootstrap tree #7, logLikelihood: -87572.814159
[00:06:00] Bootstrap tree #8, logLikelihood: -88542.472175
[00:06:10] Bootstrap tree #9, logLikelihood: -88978.329720
[00:06:21] Bootstrap tree #10, logLikelihood: -87675.858703
[00:06:30] Bootstrap tree #11, logLikelihood: -87194.978828
[00:06:37] Bootstrap tree #12, logLikelihood: -88300.617606
[00:06:49] Bootstrap tree #13, logLikelihood: -86993.702700
[00:06:59] Bootstrap tree #14, logLikelihood: -87770.748560
[00:07:10] Bootstrap tree #15, logLikelihood: -87180.259180
[00:07:18] Bootstrap tree #16, logLikelihood: -89025.035519
[00:07:27] Bootstrap tree #17, logLikelihood: -87858.745233
[00:07:36] Bootstrap tree #18, logLikelihood: -88045.125546
[00:07:43] Bootstrap tree #19, logLikelihood: -88290.007887
[00:07:54] Bootstrap tree #20, logLikelihood: -87963.795970
[00:08:02] Bootstrap tree #21, logLikelihood: -86380.280469
[00:08:11] Bootstrap tree #22, logLikelihood: -88510.813415
[00:08:18] Bootstrap tree #23, logLikelihood: -88972.150500
[00:08:27] Bootstrap tree #24, logLikelihood: -86349.223091
[00:08:36] Bootstrap tree #25, logLikelihood: -88491.909735
[00:08:49] Bootstrap tree #26, logLikelihood: -87657.137010
[00:09:03] Bootstrap tree #27, logLikelihood: -88462.781501
[00:09:10] Bootstrap tree #28, logLikelihood: -88213.819299
[00:09:20] Bootstrap tree #29, logLikelihood: -88714.724394
[00:09:37] Bootstrap tree #30, logLikelihood: -87815.286608
[00:09:48] Bootstrap tree #31, logLikelihood: -89328.901009
[00:10:06] Bootstrap tree #32, logLikelihood: -89050.075442
[00:10:19] Bootstrap tree #33, logLikelihood: -87344.090138
[00:10:34] Bootstrap tree #34, logLikelihood: -88662.267060
[00:10:49] Bootstrap tree #35, logLikelihood: -88726.475624
[00:11:06] Bootstrap tree #36, logLikelihood: -88922.989169
[00:11:19] Bootstrap tree #37, logLikelihood: -87382.539403
[00:11:36] Bootstrap tree #38, logLikelihood: -87805.088041
[00:11:47] Bootstrap tree #39, logLikelihood: -87246.688066
[00:11:58] Bootstrap tree #40, logLikelihood: -87512.110548
[00:12:12] Bootstrap tree #41, logLikelihood: -89283.588757
[00:12:23] Bootstrap tree #42, logLikelihood: -87060.150346
[00:12:34] Bootstrap tree #43, logLikelihood: -86769.542823
[00:12:44] Bootstrap tree #44, logLikelihood: -88297.675847
[00:12:54] Bootstrap tree #45, logLikelihood: -89643.461646
[00:13:04] Bootstrap tree #46, logLikelihood: -89447.422044
[00:13:22] Bootstrap tree #47, logLikelihood: -87638.106739
[00:13:43] Bootstrap tree #48, logLikelihood: -89010.594194
[00:13:55] Bootstrap tree #49, logLikelihood: -87659.197017
[00:14:07] Bootstrap tree #50, logLikelihood: -88859.483854
[00:14:17] Bootstrap tree #51, logLikelihood: -87879.884164
[00:14:28] Bootstrap tree #52, logLikelihood: -89127.017268
[00:14:38] Bootstrap tree #53, logLikelihood: -88029.707153
[00:14:49] Bootstrap tree #54, logLikelihood: -89395.386199
[00:15:01] Bootstrap tree #55, logLikelihood: -86781.848366
[00:15:13] Bootstrap tree #56, logLikelihood: -88448.012112
[00:15:23] Bootstrap tree #57, logLikelihood: -87991.903936
[00:15:34] Bootstrap tree #58, logLikelihood: -88163.113228
[00:15:44] Bootstrap tree #59, logLikelihood: -87304.995075
[00:15:54] Bootstrap tree #60, logLikelihood: -88695.417411
[00:16:05] Bootstrap tree #61, logLikelihood: -88517.737466
[00:16:14] Bootstrap tree #62, logLikelihood: -88049.795731
[00:16:24] Bootstrap tree #63, logLikelihood: -89032.411906
[00:16:36] Bootstrap tree #64, logLikelihood: -88207.190893
[00:16:49] Bootstrap tree #65, logLikelihood: -88693.301875
[00:17:00] Bootstrap tree #66, logLikelihood: -87533.421422
[00:17:18] Bootstrap tree #67, logLikelihood: -87262.248628
[00:17:31] Bootstrap tree #68, logLikelihood: -87742.988948
[00:17:47] Bootstrap tree #69, logLikelihood: -87889.938210
[00:17:58] Bootstrap tree #70, logLikelihood: -88536.311619
[00:18:11] Bootstrap tree #71, logLikelihood: -88147.187167
[00:18:21] Bootstrap tree #72, logLikelihood: -88607.835286
[00:18:33] Bootstrap tree #73, logLikelihood: -89174.468663
[00:18:42] Bootstrap tree #74, logLikelihood: -89220.595005
[00:18:53] Bootstrap tree #75, logLikelihood: -87927.388232
[00:19:05] Bootstrap tree #76, logLikelihood: -87255.769718
[00:19:27] Bootstrap tree #77, logLikelihood: -89876.005568
[00:19:38] Bootstrap tree #78, logLikelihood: -86620.849812
[00:19:50] Bootstrap tree #79, logLikelihood: -87655.833983
[00:20:12] Bootstrap tree #80, logLikelihood: -89772.355303
[00:20:24] Bootstrap tree #81, logLikelihood: -87337.572075
[00:20:36] Bootstrap tree #82, logLikelihood: -88078.127800
[00:20:47] Bootstrap tree #83, logLikelihood: -85982.584174
[00:20:59] Bootstrap tree #84, logLikelihood: -88083.339306
[00:21:09] Bootstrap tree #85, logLikelihood: -87145.974256
[00:21:23] Bootstrap tree #86, logLikelihood: -89004.344992
[00:21:36] Bootstrap tree #87, logLikelihood: -86575.031772
[00:21:46] Bootstrap tree #88, logLikelihood: -86881.296955
[00:22:01] Bootstrap tree #89, logLikelihood: -88574.452129
[00:22:13] Bootstrap tree #90, logLikelihood: -88701.476498
[00:22:37] Bootstrap tree #91, logLikelihood: -89579.925191
[00:22:48] Bootstrap tree #92, logLikelihood: -88968.925341
[00:23:01] Bootstrap tree #93, logLikelihood: -88060.473057
[00:23:17] Bootstrap tree #94, logLikelihood: -88368.044223
[00:23:34] Bootstrap tree #95, logLikelihood: -87625.564276
[00:23:47] Bootstrap tree #96, logLikelihood: -86974.080650
[00:24:03] Bootstrap tree #97, logLikelihood: -88720.046788
[00:24:16] Bootstrap tree #98, logLikelihood: -88140.239206
[00:24:28] Bootstrap tree #99, logLikelihood: -89159.059568
[00:24:44] Bootstrap tree #100, logLikelihood: -88875.491496

Optimized model parameters:

   Partition 0: noname
   Rate heterogeneity: NONE
   Base frequencies (ML): 0.262688 0.237412 0.234016 0.265884 
   Substitution rates (ML): 1.629881 3.286463 0.927108 1.371550 3.797869 1.000000 

Final LogLikelihood: -88210.856104

All ML trees saved to: /home/morelbt/github/phd_experiments/results/multi-raxml/haswellrun/phyldog_example_supporttrees_0/raxmlrresults/HBG011006.raxml.mlTrees
Best ML tree saved to: /home/morelbt/github/phd_experiments/results/multi-raxml/haswellrun/phyldog_example_supporttrees_0/raxmlrresults/HBG011006.raxml.bestTree
Best ML tree with bootstrap support values saved to: /home/morelbt/github/phd_experiments/results/multi-raxml/haswellrun/phyldog_example_supporttrees_0/raxmlrresults/HBG011006.raxml.support
Optimized model saved to: /home/morelbt/github/phd_experiments/results/multi-raxml/haswellrun/phyldog_example_supporttrees_0/raxmlrresults/HBG011006.raxml.bestModel
Bootstrap trees saved to: /home/morelbt/github/phd_experiments/results/multi-raxml/haswellrun/phyldog_example_supporttrees_0/raxmlrresults/HBG011006.raxml.bootstraps

Execution log saved to: /home/morelbt/github/phd_experiments/results/multi-raxml/haswellrun/phyldog_example_supporttrees_0/raxmlrresults/HBG011006.raxml.log

Analysis started: 06-Feb-2018 13:21:16 / finished: 06-Feb-2018 13:46:03

Elapsed time: 1486.342 seconds

