
RAxML-NG v. 0.6.0.dev BETA released on 09.01.2018 by The Exelixis Lab.
Authors: Alexey Kozlov, Alexandros Stamatakis, Diego Darriba, Tomas Flouri, Benoit Morel.
Latest version: https://github.com/amkozlov/raxml-ng
Questions/problems/suggestions? Please visit: https://groups.google.com/forum/#!forum/raxml

WARNING: This is a BETA release, please use at your own risk!

RAxML-NG was called as follows:



Analysis options:
  run mode: ML tree search + bootstrapping
  start tree(s): random (20)
  random seed: 1517921973
  tip-inner: OFF
  pattern compression: ON
  per-rate scalers: OFF
  site repeats: ON
  branch lengths: ML estimate (linked)
  SIMD kernels: AVX2
  parallelization: NONE/sequential

[00:00:00] Reading alignment from file: /home/morelbt/github/raxdog/data/DataExample/FastaFiles/HBG011025.fasta
[00:00:00] Loaded alignment with 23 taxa and 177 sites

WARNING: Duplicate sequences found: 5
WARNING: Sequences ENSGGOP00000016835 and ENSPTRP00000055510 are exactly identical!
WARNING: Sequences ENSGGOP00000016835 and ENSGGOP00000020850 are exactly identical!
WARNING: Sequences ENSGGOP00000016835 and ENSPPYP00000020092 are exactly identical!
WARNING: Sequences ENSGGOP00000016835 and ENSP00000380871 are exactly identical!
WARNING: Sequences ENSGGOP00000016835 and ENSGGOP00000003027 are exactly identical!

Alignment comprises 1 partitions and 98 patterns

Partition 0: noname
Model: GTR+FO
Alignment sites / patterns: 177 / 98
Gaps: 1.47 %
Invariant sites: 7.34 %


NOTE: Binary MSA file already exists: /home/morelbt/github/phd_experiments/results/multi-raxml/haswellrun/phyldog_example_supporttrees_0/raxmlrresults/HBG011025.raxml.rba

[00:00:00] Generating random starting tree(s) with 23 taxa
[00:00:00] Data distribution: partitions/thread: 1-1, patterns/thread: 98-98

Starting ML tree search with 20 distinct starting trees

[00:00:00] ML tree search #1, logLikelihood: -1064.710717
[00:00:01] ML tree search #2, logLikelihood: -1058.406410
[00:00:01] ML tree search #3, logLikelihood: -1064.820585
[00:00:01] ML tree search #4, logLikelihood: -1058.405903
[00:00:02] ML tree search #5, logLikelihood: -1058.407322
[00:00:03] ML tree search #6, logLikelihood: -1058.407082
[00:00:03] ML tree search #7, logLikelihood: -1058.409579
[00:00:04] ML tree search #8, logLikelihood: -1058.408316
[00:00:05] ML tree search #9, logLikelihood: -1058.407573
[00:00:06] ML tree search #10, logLikelihood: -1058.407284
[00:00:07] ML tree search #11, logLikelihood: -1058.406390
[00:00:07] ML tree search #12, logLikelihood: -1064.711696
[00:00:08] ML tree search #13, logLikelihood: -1058.406300
[00:00:08] ML tree search #14, logLikelihood: -1063.310694
[00:00:09] ML tree search #15, logLikelihood: -1058.406326
[00:00:09] ML tree search #16, logLikelihood: -1064.710580
[00:00:10] ML tree search #17, logLikelihood: -1058.406818
[00:00:10] ML tree search #18, logLikelihood: -1058.406413
[00:00:11] ML tree search #19, logLikelihood: -1063.311618
[00:00:12] ML tree search #20, logLikelihood: -1058.406489

[00:00:12] ML tree search completed, best tree logLH: -1058.405903

[00:00:12] Starting bootstrapping analysis with 100 replicates.

[00:00:12] Bootstrap tree #1, logLikelihood: -940.587775
[00:00:13] Bootstrap tree #2, logLikelihood: -1083.375232
[00:00:13] Bootstrap tree #3, logLikelihood: -1044.997292
[00:00:14] Bootstrap tree #4, logLikelihood: -1066.670006
[00:00:15] Bootstrap tree #5, logLikelihood: -1068.494775
[00:00:16] Bootstrap tree #6, logLikelihood: -1002.493270
[00:00:16] Bootstrap tree #7, logLikelihood: -1004.581046
[00:00:17] Bootstrap tree #8, logLikelihood: -1006.848988
[00:00:18] Bootstrap tree #9, logLikelihood: -941.999453
[00:00:19] Bootstrap tree #10, logLikelihood: -1052.246179
[00:00:20] Bootstrap tree #11, logLikelihood: -1085.459197
[00:00:20] Bootstrap tree #12, logLikelihood: -997.675013
[00:00:21] Bootstrap tree #13, logLikelihood: -1080.524882
[00:00:22] Bootstrap tree #14, logLikelihood: -1032.630794
[00:00:23] Bootstrap tree #15, logLikelihood: -1048.243861
[00:00:24] Bootstrap tree #16, logLikelihood: -975.468736
[00:00:25] Bootstrap tree #17, logLikelihood: -1108.600162
[00:00:26] Bootstrap tree #18, logLikelihood: -1025.301509
[00:00:27] Bootstrap tree #19, logLikelihood: -1053.549324
[00:00:28] Bootstrap tree #20, logLikelihood: -931.909068
[00:00:29] Bootstrap tree #21, logLikelihood: -1053.481552
[00:00:30] Bootstrap tree #22, logLikelihood: -990.944491
[00:00:32] Bootstrap tree #23, logLikelihood: -1066.706268
[00:00:34] Bootstrap tree #24, logLikelihood: -941.071425
[00:00:35] Bootstrap tree #25, logLikelihood: -999.831890
[00:00:36] Bootstrap tree #26, logLikelihood: -1030.766254
[00:00:37] Bootstrap tree #27, logLikelihood: -1067.962349
[00:00:38] Bootstrap tree #28, logLikelihood: -1038.829000
[00:00:39] Bootstrap tree #29, logLikelihood: -1117.181447
[00:00:41] Bootstrap tree #30, logLikelihood: -893.753945
[00:00:42] Bootstrap tree #31, logLikelihood: -966.031442
[00:00:43] Bootstrap tree #32, logLikelihood: -1069.869593
[00:00:44] Bootstrap tree #33, logLikelihood: -974.773490
[00:00:45] Bootstrap tree #34, logLikelihood: -1047.267709
[00:00:47] Bootstrap tree #35, logLikelihood: -941.579228
[00:00:48] Bootstrap tree #36, logLikelihood: -917.019192
[00:00:50] Bootstrap tree #37, logLikelihood: -1058.976320
[00:00:51] Bootstrap tree #38, logLikelihood: -1000.215833
[00:00:52] Bootstrap tree #39, logLikelihood: -1119.855001
[00:00:54] Bootstrap tree #40, logLikelihood: -988.597765
[00:00:55] Bootstrap tree #41, logLikelihood: -1126.364794
[00:00:56] Bootstrap tree #42, logLikelihood: -1035.254143
[00:00:57] Bootstrap tree #43, logLikelihood: -1133.526876
[00:00:58] Bootstrap tree #44, logLikelihood: -1066.049065
[00:00:59] Bootstrap tree #45, logLikelihood: -1006.190524
[00:01:01] Bootstrap tree #46, logLikelihood: -948.307270
[00:01:02] Bootstrap tree #47, logLikelihood: -1020.037950
[00:01:03] Bootstrap tree #48, logLikelihood: -1058.108881
[00:01:04] Bootstrap tree #49, logLikelihood: -1079.323642
[00:01:06] Bootstrap tree #50, logLikelihood: -927.095356
[00:01:07] Bootstrap tree #51, logLikelihood: -1019.990196
[00:01:09] Bootstrap tree #52, logLikelihood: -995.764995
[00:01:10] Bootstrap tree #53, logLikelihood: -1132.129110
[00:01:12] Bootstrap tree #54, logLikelihood: -957.073035
[00:01:13] Bootstrap tree #55, logLikelihood: -1075.330994
[00:01:15] Bootstrap tree #56, logLikelihood: -951.567928
[00:01:16] Bootstrap tree #57, logLikelihood: -911.776702
[00:01:17] Bootstrap tree #58, logLikelihood: -1050.311405
[00:01:19] Bootstrap tree #59, logLikelihood: -1067.941167
[00:01:20] Bootstrap tree #60, logLikelihood: -1032.483508
[00:01:22] Bootstrap tree #61, logLikelihood: -1093.497994
[00:01:23] Bootstrap tree #62, logLikelihood: -944.009546
[00:01:25] Bootstrap tree #63, logLikelihood: -1045.407948
[00:01:26] Bootstrap tree #64, logLikelihood: -987.891381
[00:01:28] Bootstrap tree #65, logLikelihood: -1038.500295
[00:01:29] Bootstrap tree #66, logLikelihood: -1066.471135
[00:01:31] Bootstrap tree #67, logLikelihood: -930.038192
[00:01:33] Bootstrap tree #68, logLikelihood: -1024.078055
[00:01:36] Bootstrap tree #69, logLikelihood: -961.262981
[00:01:38] Bootstrap tree #70, logLikelihood: -1020.480911
[00:01:40] Bootstrap tree #71, logLikelihood: -906.642918
[00:01:41] Bootstrap tree #72, logLikelihood: -1127.226706
[00:01:43] Bootstrap tree #73, logLikelihood: -1019.947273
[00:01:45] Bootstrap tree #74, logLikelihood: -1098.618552
[00:01:46] Bootstrap tree #75, logLikelihood: -1008.068044
[00:01:49] Bootstrap tree #76, logLikelihood: -1040.040682
[00:01:55] Bootstrap tree #77, logLikelihood: -999.132590
[00:01:58] Bootstrap tree #78, logLikelihood: -952.477049
[00:02:00] Bootstrap tree #79, logLikelihood: -997.689985
[00:02:03] Bootstrap tree #80, logLikelihood: -1018.476577
[00:02:05] Bootstrap tree #81, logLikelihood: -1002.108560
[00:02:08] Bootstrap tree #82, logLikelihood: -1032.259431
[00:02:11] Bootstrap tree #83, logLikelihood: -973.534634
[00:02:17] Bootstrap tree #84, logLikelihood: -926.924675
[00:02:23] Bootstrap tree #85, logLikelihood: -1072.275362
[00:02:27] Bootstrap tree #86, logLikelihood: -999.443713
[00:02:30] Bootstrap tree #87, logLikelihood: -1054.176078
[00:02:34] Bootstrap tree #88, logLikelihood: -1029.486119
[00:02:38] Bootstrap tree #89, logLikelihood: -1051.870550
[00:02:40] Bootstrap tree #90, logLikelihood: -1042.076548
[00:02:44] Bootstrap tree #91, logLikelihood: -953.839857
[00:02:47] Bootstrap tree #92, logLikelihood: -994.248591
[00:02:49] Bootstrap tree #93, logLikelihood: -964.693065
[00:02:52] Bootstrap tree #94, logLikelihood: -1064.377620
[00:02:58] Bootstrap tree #95, logLikelihood: -1046.819981
[00:03:05] Bootstrap tree #96, logLikelihood: -876.408366
[00:03:14] Bootstrap tree #97, logLikelihood: -1017.127878
[00:03:18] Bootstrap tree #98, logLikelihood: -959.780700
[00:03:23] Bootstrap tree #99, logLikelihood: -1138.544218
[00:03:27] Bootstrap tree #100, logLikelihood: -1054.753088

Optimized model parameters:

   Partition 0: noname
   Rate heterogeneity: NONE
   Base frequencies (ML): 0.177038 0.242709 0.296374 0.283879 
   Substitution rates (ML): 2.256544 4.339228 0.817911 0.737125 3.344333 1.000000 

Final LogLikelihood: -1058.405903

All ML trees saved to: /home/morelbt/github/phd_experiments/results/multi-raxml/haswellrun/phyldog_example_supporttrees_0/raxmlrresults/HBG011025.raxml.mlTrees
Best ML tree saved to: /home/morelbt/github/phd_experiments/results/multi-raxml/haswellrun/phyldog_example_supporttrees_0/raxmlrresults/HBG011025.raxml.bestTree
Best ML tree with bootstrap support values saved to: /home/morelbt/github/phd_experiments/results/multi-raxml/haswellrun/phyldog_example_supporttrees_0/raxmlrresults/HBG011025.raxml.support
Optimized model saved to: /home/morelbt/github/phd_experiments/results/multi-raxml/haswellrun/phyldog_example_supporttrees_0/raxmlrresults/HBG011025.raxml.bestModel
Bootstrap trees saved to: /home/morelbt/github/phd_experiments/results/multi-raxml/haswellrun/phyldog_example_supporttrees_0/raxmlrresults/HBG011025.raxml.bootstraps

Execution log saved to: /home/morelbt/github/phd_experiments/results/multi-raxml/haswellrun/phyldog_example_supporttrees_0/raxmlrresults/HBG011025.raxml.log

Analysis started: 06-Feb-2018 13:59:33 / finished: 06-Feb-2018 14:03:03

Elapsed time: 209.658 seconds

