
RAxML-NG v. 0.6.0.dev BETA released on 09.01.2018 by The Exelixis Lab.
Authors: Alexey Kozlov, Alexandros Stamatakis, Diego Darriba, Tomas Flouri, Benoit Morel.
Latest version: https://github.com/amkozlov/raxml-ng
Questions/problems/suggestions? Please visit: https://groups.google.com/forum/#!forum/raxml

WARNING: This is a BETA release, please use at your own risk!

RAxML-NG was called as follows:



Analysis options:
  run mode: ML tree search + bootstrapping
  start tree(s): random (20)
  random seed: 1517921949
  tip-inner: OFF
  pattern compression: ON
  per-rate scalers: OFF
  site repeats: ON
  branch lengths: ML estimate (linked)
  SIMD kernels: AVX2
  parallelization: NONE/sequential

[00:00:00] Reading alignment from file: /home/morelbt/github/raxdog/data/DataExample/FastaFiles/HBG011001.fasta
[00:00:00] Loaded alignment with 35 taxa and 342 sites

Alignment comprises 1 partitions and 310 patterns

Partition 0: noname
Model: GTR+FO
Alignment sites / patterns: 342 / 310
Gaps: 7.03 %
Invariant sites: 7.02 %


NOTE: Binary MSA file already exists: /home/morelbt/github/phd_experiments/results/multi-raxml/haswellrun/phyldog_example_supporttrees_0/raxmlrresults/HBG011001.raxml.rba

[00:00:00] Generating random starting tree(s) with 35 taxa
[00:00:00] Data distribution: partitions/thread: 1-1, patterns/thread: 310-310

Starting ML tree search with 20 distinct starting trees

[00:00:01] ML tree search #1, logLikelihood: -5071.929100
[00:00:03] ML tree search #2, logLikelihood: -5072.274701
[00:00:05] ML tree search #3, logLikelihood: -5071.963242
[00:00:08] ML tree search #4, logLikelihood: -5072.838335
[00:00:09] ML tree search #5, logLikelihood: -5072.236237
[00:00:11] ML tree search #6, logLikelihood: -5071.963402
[00:00:13] ML tree search #7, logLikelihood: -5071.963649
[00:00:15] ML tree search #8, logLikelihood: -5071.932879
[00:00:17] ML tree search #9, logLikelihood: -5072.832049
[00:00:18] ML tree search #10, logLikelihood: -5072.275143
[00:00:21] ML tree search #11, logLikelihood: -5072.836087
[00:00:24] ML tree search #12, logLikelihood: -5071.962225
[00:00:25] ML tree search #13, logLikelihood: -5072.837157
[00:00:29] ML tree search #14, logLikelihood: -5072.831910
[00:00:32] ML tree search #15, logLikelihood: -5072.834666
[00:00:34] ML tree search #16, logLikelihood: -5071.963576
[00:00:36] ML tree search #17, logLikelihood: -5071.928405
[00:00:39] ML tree search #18, logLikelihood: -5072.539003
[00:00:41] ML tree search #19, logLikelihood: -5071.962243
[00:00:43] ML tree search #20, logLikelihood: -5071.931021

[00:00:43] ML tree search completed, best tree logLH: -5071.928405

[00:00:43] Starting bootstrapping analysis with 100 replicates.

[00:00:45] Bootstrap tree #1, logLikelihood: -5024.889273
[00:00:47] Bootstrap tree #2, logLikelihood: -4953.354305
[00:00:49] Bootstrap tree #3, logLikelihood: -5342.442844
[00:00:51] Bootstrap tree #4, logLikelihood: -5003.024252
[00:00:53] Bootstrap tree #5, logLikelihood: -4983.740696
[00:00:55] Bootstrap tree #6, logLikelihood: -4944.555711
[00:00:59] Bootstrap tree #7, logLikelihood: -4792.631851
[00:01:01] Bootstrap tree #8, logLikelihood: -4844.803152
[00:01:04] Bootstrap tree #9, logLikelihood: -4597.491876
[00:01:06] Bootstrap tree #10, logLikelihood: -4872.654017
[00:01:10] Bootstrap tree #11, logLikelihood: -4870.502255
[00:01:12] Bootstrap tree #12, logLikelihood: -4839.917525
[00:01:14] Bootstrap tree #13, logLikelihood: -4835.322192
[00:01:16] Bootstrap tree #14, logLikelihood: -5113.649733
[00:01:19] Bootstrap tree #15, logLikelihood: -5030.656126
[00:01:22] Bootstrap tree #16, logLikelihood: -5002.119292
[00:01:24] Bootstrap tree #17, logLikelihood: -4903.577085
[00:01:26] Bootstrap tree #18, logLikelihood: -5036.223733
[00:01:28] Bootstrap tree #19, logLikelihood: -4791.122318
[00:01:31] Bootstrap tree #20, logLikelihood: -4845.035748
[00:01:33] Bootstrap tree #21, logLikelihood: -5128.381366
[00:01:36] Bootstrap tree #22, logLikelihood: -5017.994436
[00:01:38] Bootstrap tree #23, logLikelihood: -4963.234503
[00:01:40] Bootstrap tree #24, logLikelihood: -4578.711922
[00:01:43] Bootstrap tree #25, logLikelihood: -5206.339405
[00:01:47] Bootstrap tree #26, logLikelihood: -4826.952416
[00:01:49] Bootstrap tree #27, logLikelihood: -4849.811057
[00:01:52] Bootstrap tree #28, logLikelihood: -4861.775758
[00:01:54] Bootstrap tree #29, logLikelihood: -4632.527782
[00:01:57] Bootstrap tree #30, logLikelihood: -4788.117637
[00:02:00] Bootstrap tree #31, logLikelihood: -4963.033160
[00:02:04] Bootstrap tree #32, logLikelihood: -4965.345739
[00:02:06] Bootstrap tree #33, logLikelihood: -5293.803049
[00:02:10] Bootstrap tree #34, logLikelihood: -5092.597456
[00:02:12] Bootstrap tree #35, logLikelihood: -4894.273464
[00:02:20] Bootstrap tree #36, logLikelihood: -5289.862331
[00:02:26] Bootstrap tree #37, logLikelihood: -5020.919067
[00:02:30] Bootstrap tree #38, logLikelihood: -4980.363559
[00:02:34] Bootstrap tree #39, logLikelihood: -4848.635076
[00:02:43] Bootstrap tree #40, logLikelihood: -5145.815009
[00:02:50] Bootstrap tree #41, logLikelihood: -5214.887869
[00:02:55] Bootstrap tree #42, logLikelihood: -5144.288495
[00:03:00] Bootstrap tree #43, logLikelihood: -4979.407293
[00:03:04] Bootstrap tree #44, logLikelihood: -5049.673866
[00:03:08] Bootstrap tree #45, logLikelihood: -4871.756909
[00:03:12] Bootstrap tree #46, logLikelihood: -5040.015098
[00:03:17] Bootstrap tree #47, logLikelihood: -4872.015371
[00:03:24] Bootstrap tree #48, logLikelihood: -4956.777474
[00:03:32] Bootstrap tree #49, logLikelihood: -4834.768624
[00:03:40] Bootstrap tree #50, logLikelihood: -5021.472387
[00:03:47] Bootstrap tree #51, logLikelihood: -5367.199423
[00:03:54] Bootstrap tree #52, logLikelihood: -5092.789895
[00:04:05] Bootstrap tree #53, logLikelihood: -5124.127095
[00:04:12] Bootstrap tree #54, logLikelihood: -4951.381998
[00:04:23] Bootstrap tree #55, logLikelihood: -4787.809311
[00:04:33] Bootstrap tree #56, logLikelihood: -5171.458804
[00:04:43] Bootstrap tree #57, logLikelihood: -5111.843088
[00:04:53] Bootstrap tree #58, logLikelihood: -4969.356593
[00:05:05] Bootstrap tree #59, logLikelihood: -4835.781336
[00:05:23] Bootstrap tree #60, logLikelihood: -4594.034260
[00:05:35] Bootstrap tree #61, logLikelihood: -5046.094445
[00:05:53] Bootstrap tree #62, logLikelihood: -4718.606851
[00:06:08] Bootstrap tree #63, logLikelihood: -5123.765740
[00:06:17] Bootstrap tree #64, logLikelihood: -5059.425202
[00:06:29] Bootstrap tree #65, logLikelihood: -5023.887890
[00:06:36] Bootstrap tree #66, logLikelihood: -4886.520953
[00:06:42] Bootstrap tree #67, logLikelihood: -4996.755732
[00:06:47] Bootstrap tree #68, logLikelihood: -5120.727959
[00:06:54] Bootstrap tree #69, logLikelihood: -5212.312531
[00:06:59] Bootstrap tree #70, logLikelihood: -5080.995658
[00:07:03] Bootstrap tree #71, logLikelihood: -4750.954566
[00:07:08] Bootstrap tree #72, logLikelihood: -5305.602191
[00:07:13] Bootstrap tree #73, logLikelihood: -5070.237108
[00:07:22] Bootstrap tree #74, logLikelihood: -5061.160378
[00:07:27] Bootstrap tree #75, logLikelihood: -4781.313093
[00:07:31] Bootstrap tree #76, logLikelihood: -5320.412434
[00:07:36] Bootstrap tree #77, logLikelihood: -5142.982840
[00:07:40] Bootstrap tree #78, logLikelihood: -4994.949954
[00:07:45] Bootstrap tree #79, logLikelihood: -5032.565158
[00:07:51] Bootstrap tree #80, logLikelihood: -4989.950715
[00:07:56] Bootstrap tree #81, logLikelihood: -4576.143133
[00:08:01] Bootstrap tree #82, logLikelihood: -5218.666727
[00:08:05] Bootstrap tree #83, logLikelihood: -4702.283185
[00:08:10] Bootstrap tree #84, logLikelihood: -5065.716360
[00:08:16] Bootstrap tree #85, logLikelihood: -4846.550270
[00:08:21] Bootstrap tree #86, logLikelihood: -4833.015322
[00:08:25] Bootstrap tree #87, logLikelihood: -4687.475547
[00:08:30] Bootstrap tree #88, logLikelihood: -5045.389047
[00:08:35] Bootstrap tree #89, logLikelihood: -5030.791980
[00:08:39] Bootstrap tree #90, logLikelihood: -4791.093333
[00:08:42] Bootstrap tree #91, logLikelihood: -4973.779960
[00:08:46] Bootstrap tree #92, logLikelihood: -5273.288816
[00:08:49] Bootstrap tree #93, logLikelihood: -5021.234532
[00:08:53] Bootstrap tree #94, logLikelihood: -4978.722268
[00:08:57] Bootstrap tree #95, logLikelihood: -5062.172270
[00:09:01] Bootstrap tree #96, logLikelihood: -4920.130772
[00:09:04] Bootstrap tree #97, logLikelihood: -4982.722056
[00:09:08] Bootstrap tree #98, logLikelihood: -5089.771040
[00:09:13] Bootstrap tree #99, logLikelihood: -5258.773189
[00:09:17] Bootstrap tree #100, logLikelihood: -4993.554458

Optimized model parameters:

   Partition 0: noname
   Rate heterogeneity: NONE
   Base frequencies (ML): 0.286572 0.236512 0.275024 0.201892 
   Substitution rates (ML): 1.490581 4.262286 0.659836 2.199370 6.862086 1.000000 

Final LogLikelihood: -5071.928405

All ML trees saved to: /home/morelbt/github/phd_experiments/results/multi-raxml/haswellrun/phyldog_example_supporttrees_0/raxmlrresults/HBG011001.raxml.mlTrees
Best ML tree saved to: /home/morelbt/github/phd_experiments/results/multi-raxml/haswellrun/phyldog_example_supporttrees_0/raxmlrresults/HBG011001.raxml.bestTree
Best ML tree with bootstrap support values saved to: /home/morelbt/github/phd_experiments/results/multi-raxml/haswellrun/phyldog_example_supporttrees_0/raxmlrresults/HBG011001.raxml.support
Optimized model saved to: /home/morelbt/github/phd_experiments/results/multi-raxml/haswellrun/phyldog_example_supporttrees_0/raxmlrresults/HBG011001.raxml.bestModel
Bootstrap trees saved to: /home/morelbt/github/phd_experiments/results/multi-raxml/haswellrun/phyldog_example_supporttrees_0/raxmlrresults/HBG011001.raxml.bootstraps

Execution log saved to: /home/morelbt/github/phd_experiments/results/multi-raxml/haswellrun/phyldog_example_supporttrees_0/raxmlrresults/HBG011001.raxml.log

Analysis started: 06-Feb-2018 13:59:09 / finished: 06-Feb-2018 14:08:27

Elapsed time: 558.556 seconds

