
RAxML-NG v. 0.6.0.dev BETA released on 09.01.2018 by The Exelixis Lab.
Authors: Alexey Kozlov, Alexandros Stamatakis, Diego Darriba, Tomas Flouri, Benoit Morel.
Latest version: https://github.com/amkozlov/raxml-ng
Questions/problems/suggestions? Please visit: https://groups.google.com/forum/#!forum/raxml

WARNING: This is a BETA release, please use at your own risk!

RAxML-NG was called as follows:



Analysis options:
  run mode: ML tree search + bootstrapping
  start tree(s): random (20)
  random seed: 1517921015
  tip-inner: OFF
  pattern compression: ON
  per-rate scalers: OFF
  site repeats: ON
  branch lengths: ML estimate (linked)
  SIMD kernels: AVX2
  parallelization: NONE/sequential

[00:00:01] Reading alignment from file: /home/morelbt/github/raxdog/data/DataExample/FastaFiles/HBG011012.fasta
[00:00:01] Loaded alignment with 56 taxa and 852 sites

WARNING: Duplicate sequences found: 1
WARNING: Sequences ENSP00000308533 and ENSPTRP00000010668 are exactly identical!

Alignment comprises 1 partitions and 807 patterns

Partition 0: noname
Model: GTR+FO
Alignment sites / patterns: 852 / 807
Gaps: 12.24 %
Invariant sites: 5.52 %


NOTE: Binary MSA file already exists: /home/morelbt/github/phd_experiments/results/multi-raxml/haswellrun/phyldog_example_supporttrees_0/raxmlrresults/HBG011012.raxml.rba

[00:00:01] Generating random starting tree(s) with 56 taxa
[00:00:01] Data distribution: partitions/thread: 1-1, patterns/thread: 807-807

Starting ML tree search with 20 distinct starting trees

[00:00:11] ML tree search #1, logLikelihood: -17936.761869
[00:00:20] ML tree search #2, logLikelihood: -17936.899194
[00:00:29] ML tree search #3, logLikelihood: -17936.500192
[00:00:39] ML tree search #4, logLikelihood: -17936.682612
[00:00:48] ML tree search #5, logLikelihood: -17935.685363
[00:00:56] ML tree search #6, logLikelihood: -17936.761901
[00:01:06] ML tree search #7, logLikelihood: -17936.499728
[00:01:15] ML tree search #8, logLikelihood: -17936.500065
[00:01:25] ML tree search #9, logLikelihood: -17936.308866
[00:01:34] ML tree search #10, logLikelihood: -17936.203078
[00:01:42] ML tree search #11, logLikelihood: -17936.761715
[00:01:50] ML tree search #12, logLikelihood: -17939.921111
[00:02:00] ML tree search #13, logLikelihood: -17938.626461
[00:02:10] ML tree search #14, logLikelihood: -17936.599482
[00:02:19] ML tree search #15, logLikelihood: -17940.262502
[00:02:28] ML tree search #16, logLikelihood: -17936.682969
[00:02:37] ML tree search #17, logLikelihood: -17940.096644
[00:02:47] ML tree search #18, logLikelihood: -17936.499331
[00:02:58] ML tree search #19, logLikelihood: -17938.627243
[00:03:08] ML tree search #20, logLikelihood: -17936.598491

[00:03:08] ML tree search completed, best tree logLH: -17935.685363

[00:03:08] Starting bootstrapping analysis with 100 replicates.

[00:03:16] Bootstrap tree #1, logLikelihood: -17953.510798
[00:03:23] Bootstrap tree #2, logLikelihood: -17970.685375
[00:03:31] Bootstrap tree #3, logLikelihood: -17834.649366
[00:03:37] Bootstrap tree #4, logLikelihood: -17681.214016
[00:03:49] Bootstrap tree #5, logLikelihood: -17514.151008
[00:03:57] Bootstrap tree #6, logLikelihood: -17830.746445
[00:04:04] Bootstrap tree #7, logLikelihood: -18130.067640
[00:04:11] Bootstrap tree #8, logLikelihood: -17033.523186
[00:04:18] Bootstrap tree #9, logLikelihood: -17897.257324
[00:04:25] Bootstrap tree #10, logLikelihood: -17630.231461
[00:04:34] Bootstrap tree #11, logLikelihood: -17927.386026
[00:04:42] Bootstrap tree #12, logLikelihood: -18090.192520
[00:04:50] Bootstrap tree #13, logLikelihood: -18130.978262
[00:04:58] Bootstrap tree #14, logLikelihood: -17586.691779
[00:05:05] Bootstrap tree #15, logLikelihood: -18140.740701
[00:05:14] Bootstrap tree #16, logLikelihood: -17812.549655
[00:05:23] Bootstrap tree #17, logLikelihood: -17795.192949
[00:05:32] Bootstrap tree #18, logLikelihood: -18083.441598
[00:05:41] Bootstrap tree #19, logLikelihood: -17917.036266
[00:05:48] Bootstrap tree #20, logLikelihood: -18208.693804
[00:05:56] Bootstrap tree #21, logLikelihood: -18144.277061
[00:06:11] Bootstrap tree #22, logLikelihood: -18264.892173
[00:06:20] Bootstrap tree #23, logLikelihood: -18176.579669
[00:06:31] Bootstrap tree #24, logLikelihood: -17828.524647
[00:06:40] Bootstrap tree #25, logLikelihood: -18349.601453
[00:06:51] Bootstrap tree #26, logLikelihood: -17584.547935
[00:07:05] Bootstrap tree #27, logLikelihood: -17151.307155
[00:07:19] Bootstrap tree #28, logLikelihood: -17668.000389
[00:07:28] Bootstrap tree #29, logLikelihood: -17971.275103
[00:07:43] Bootstrap tree #30, logLikelihood: -17969.265661
[00:07:54] Bootstrap tree #31, logLikelihood: -17650.667535
[00:08:07] Bootstrap tree #32, logLikelihood: -18013.172185
[00:08:17] Bootstrap tree #33, logLikelihood: -18567.526826
[00:08:36] Bootstrap tree #34, logLikelihood: -18034.452544
[00:08:49] Bootstrap tree #35, logLikelihood: -17508.591715
[00:09:02] Bootstrap tree #36, logLikelihood: -18165.983371
[00:09:14] Bootstrap tree #37, logLikelihood: -17621.378851
[00:09:32] Bootstrap tree #38, logLikelihood: -18330.003589
[00:09:47] Bootstrap tree #39, logLikelihood: -18469.280592
[00:10:00] Bootstrap tree #40, logLikelihood: -18176.764954
[00:10:13] Bootstrap tree #41, logLikelihood: -18373.476459
[00:10:23] Bootstrap tree #42, logLikelihood: -17697.555413
[00:10:33] Bootstrap tree #43, logLikelihood: -17423.760617
[00:10:44] Bootstrap tree #44, logLikelihood: -18292.777346
[00:10:56] Bootstrap tree #45, logLikelihood: -17982.158898
[00:11:08] Bootstrap tree #46, logLikelihood: -17962.602984
[00:11:20] Bootstrap tree #47, logLikelihood: -17585.919657
[00:11:30] Bootstrap tree #48, logLikelihood: -18351.541617
[00:11:39] Bootstrap tree #49, logLikelihood: -18158.530992
[00:11:47] Bootstrap tree #50, logLikelihood: -18572.344363
[00:11:56] Bootstrap tree #51, logLikelihood: -17930.260013
[00:12:05] Bootstrap tree #52, logLikelihood: -17452.724045
[00:12:15] Bootstrap tree #53, logLikelihood: -17616.263588
[00:12:25] Bootstrap tree #54, logLikelihood: -18184.515796
[00:12:35] Bootstrap tree #55, logLikelihood: -17315.253026
[00:12:48] Bootstrap tree #56, logLikelihood: -18170.631245
[00:13:00] Bootstrap tree #57, logLikelihood: -17993.570291
[00:13:09] Bootstrap tree #58, logLikelihood: -17601.611798
[00:13:21] Bootstrap tree #59, logLikelihood: -17603.550920
[00:13:34] Bootstrap tree #60, logLikelihood: -17396.308603
[00:13:46] Bootstrap tree #61, logLikelihood: -17862.079118
[00:13:54] Bootstrap tree #62, logLikelihood: -17246.362627
[00:14:10] Bootstrap tree #63, logLikelihood: -17773.750106
[00:14:20] Bootstrap tree #64, logLikelihood: -17814.745430
[00:14:31] Bootstrap tree #65, logLikelihood: -17824.183895
[00:14:41] Bootstrap tree #66, logLikelihood: -17675.472841
[00:14:51] Bootstrap tree #67, logLikelihood: -18116.856179
[00:15:01] Bootstrap tree #68, logLikelihood: -18709.339457
[00:15:12] Bootstrap tree #69, logLikelihood: -17584.591698
[00:15:20] Bootstrap tree #70, logLikelihood: -17251.263759
[00:15:33] Bootstrap tree #71, logLikelihood: -17103.576245
[00:15:45] Bootstrap tree #72, logLikelihood: -17290.275778
[00:15:57] Bootstrap tree #73, logLikelihood: -17822.374074
[00:16:07] Bootstrap tree #74, logLikelihood: -18705.149143
[00:16:17] Bootstrap tree #75, logLikelihood: -17780.873482
[00:16:26] Bootstrap tree #76, logLikelihood: -18287.211754
[00:16:40] Bootstrap tree #77, logLikelihood: -17882.680139
[00:16:52] Bootstrap tree #78, logLikelihood: -17882.273306
[00:17:02] Bootstrap tree #79, logLikelihood: -17374.375368
[00:17:13] Bootstrap tree #80, logLikelihood: -17794.508003
[00:17:24] Bootstrap tree #81, logLikelihood: -18235.517256
[00:17:34] Bootstrap tree #82, logLikelihood: -18134.225602
[00:17:46] Bootstrap tree #83, logLikelihood: -17623.181311
[00:18:06] Bootstrap tree #84, logLikelihood: -18173.877163
[00:18:25] Bootstrap tree #85, logLikelihood: -17530.709361
[00:18:42] Bootstrap tree #86, logLikelihood: -17833.634492
[00:19:00] Bootstrap tree #87, logLikelihood: -18039.979269
[00:19:25] Bootstrap tree #88, logLikelihood: -18143.231191
[00:19:49] Bootstrap tree #89, logLikelihood: -18089.246348
[00:20:18] Bootstrap tree #90, logLikelihood: -17800.079184
[00:20:45] Bootstrap tree #91, logLikelihood: -17740.195905
[00:21:18] Bootstrap tree #92, logLikelihood: -18656.467754
[00:21:50] Bootstrap tree #93, logLikelihood: -17770.112042
[00:22:13] Bootstrap tree #94, logLikelihood: -17505.784038
[00:22:30] Bootstrap tree #95, logLikelihood: -17966.368994
[00:22:52] Bootstrap tree #96, logLikelihood: -17397.232096
[00:23:09] Bootstrap tree #97, logLikelihood: -18396.822595
[00:23:21] Bootstrap tree #98, logLikelihood: -17869.226450
[00:23:37] Bootstrap tree #99, logLikelihood: -17902.715504
[00:23:47] Bootstrap tree #100, logLikelihood: -18108.090416

Optimized model parameters:

   Partition 0: noname
   Rate heterogeneity: NONE
   Base frequencies (ML): 0.266407 0.245997 0.237214 0.250382 
   Substitution rates (ML): 1.549330 3.227076 1.180614 1.231964 3.725990 1.000000 

Final LogLikelihood: -17935.685363

All ML trees saved to: /home/morelbt/github/phd_experiments/results/multi-raxml/haswellrun/phyldog_example_supporttrees_0/raxmlrresults/HBG011012.raxml.mlTrees
Best ML tree saved to: /home/morelbt/github/phd_experiments/results/multi-raxml/haswellrun/phyldog_example_supporttrees_0/raxmlrresults/HBG011012.raxml.bestTree
Best ML tree with bootstrap support values saved to: /home/morelbt/github/phd_experiments/results/multi-raxml/haswellrun/phyldog_example_supporttrees_0/raxmlrresults/HBG011012.raxml.support
Optimized model saved to: /home/morelbt/github/phd_experiments/results/multi-raxml/haswellrun/phyldog_example_supporttrees_0/raxmlrresults/HBG011012.raxml.bestModel
Bootstrap trees saved to: /home/morelbt/github/phd_experiments/results/multi-raxml/haswellrun/phyldog_example_supporttrees_0/raxmlrresults/HBG011012.raxml.bootstraps

Execution log saved to: /home/morelbt/github/phd_experiments/results/multi-raxml/haswellrun/phyldog_example_supporttrees_0/raxmlrresults/HBG011012.raxml.log

Analysis started: 06-Feb-2018 13:43:33 / finished: 06-Feb-2018 14:07:24

Elapsed time: 1430.319 seconds

