
RAxML-NG v. 0.6.0.dev BETA released on 09.01.2018 by The Exelixis Lab.
Authors: Alexey Kozlov, Alexandros Stamatakis, Diego Darriba, Tomas Flouri, Benoit Morel.
Latest version: https://github.com/amkozlov/raxml-ng
Questions/problems/suggestions? Please visit: https://groups.google.com/forum/#!forum/raxml

WARNING: This is a BETA release, please use at your own risk!

RAxML-NG was called as follows:



Analysis options:
  run mode: ML tree search + bootstrapping
  start tree(s): random (20)
  random seed: 1517919677
  tip-inner: OFF
  pattern compression: ON
  per-rate scalers: OFF
  site repeats: ON
  branch lengths: ML estimate (linked)
  SIMD kernels: AVX2
  parallelization: MPI (4 ranks)

[00:00:00] Reading alignment from file: /home/morelbt/github/raxdog/data/DataExample/FastaFiles/HBG011028.fasta
[00:00:00] Loaded alignment with 50 taxa and 2427 sites

Alignment comprises 1 partitions and 2012 patterns

Partition 0: noname
Model: GTR+FO
Alignment sites / patterns: 2427 / 2012
Gaps: 14.44 %
Invariant sites: 7.05 %


NOTE: Binary MSA file already exists: /home/morelbt/github/phd_experiments/results/multi-raxml/haswellrun/phyldog_example_supporttrees_0/raxmlrresults/HBG011028.raxml.rba

[00:00:00] Generating random starting tree(s) with 50 taxa
[00:00:00] Data distribution: partitions/thread: 1-1, patterns/thread: 503-503

Starting ML tree search with 20 distinct starting trees

[00:00:08] ML tree search #1, logLikelihood: -37080.947257
[00:00:13] ML tree search #2, logLikelihood: -37081.710916
[00:00:24] ML tree search #3, logLikelihood: -37081.714255
[00:00:31] ML tree search #4, logLikelihood: -37080.948470
[00:00:37] ML tree search #5, logLikelihood: -37080.946724
[00:00:43] ML tree search #6, logLikelihood: -37081.716887
[00:00:58] ML tree search #7, logLikelihood: -37080.948089
[00:01:08] ML tree search #8, logLikelihood: -37081.715244
[00:01:14] ML tree search #9, logLikelihood: -37081.715232
[00:01:23] ML tree search #10, logLikelihood: -37080.944935
[00:01:31] ML tree search #11, logLikelihood: -37080.947883
[00:01:37] ML tree search #12, logLikelihood: -37081.717715
[00:01:45] ML tree search #13, logLikelihood: -37080.947492
[00:01:54] ML tree search #14, logLikelihood: -37080.947996
[00:02:02] ML tree search #15, logLikelihood: -37080.955678
[00:02:10] ML tree search #16, logLikelihood: -37080.951819
[00:02:15] ML tree search #17, logLikelihood: -37081.718552
[00:02:22] ML tree search #18, logLikelihood: -37081.718374
[00:02:28] ML tree search #19, logLikelihood: -37081.706530
[00:02:35] ML tree search #20, logLikelihood: -37081.709354

[00:02:35] ML tree search completed, best tree logLH: -37080.944935

[00:02:35] Starting bootstrapping analysis with 100 replicates.

[00:02:40] Bootstrap tree #1, logLikelihood: -36786.962325
[00:02:44] Bootstrap tree #2, logLikelihood: -37107.460258
[00:02:48] Bootstrap tree #3, logLikelihood: -37371.839290
[00:02:53] Bootstrap tree #4, logLikelihood: -37316.903373
[00:02:58] Bootstrap tree #5, logLikelihood: -36348.146569
[00:03:04] Bootstrap tree #6, logLikelihood: -37498.157987
[00:03:10] Bootstrap tree #7, logLikelihood: -37196.141070
[00:03:20] Bootstrap tree #8, logLikelihood: -37306.800517
[00:03:25] Bootstrap tree #9, logLikelihood: -37509.794444
[00:03:32] Bootstrap tree #10, logLikelihood: -37297.763326
[00:03:38] Bootstrap tree #11, logLikelihood: -37245.216951
[00:03:43] Bootstrap tree #12, logLikelihood: -37388.264086
[00:03:50] Bootstrap tree #13, logLikelihood: -37137.768830
[00:03:55] Bootstrap tree #14, logLikelihood: -36349.726407
[00:04:01] Bootstrap tree #15, logLikelihood: -37086.786104
[00:04:07] Bootstrap tree #16, logLikelihood: -37849.360742
[00:04:13] Bootstrap tree #17, logLikelihood: -36569.280779
[00:04:17] Bootstrap tree #18, logLikelihood: -36281.051683
[00:04:24] Bootstrap tree #19, logLikelihood: -36458.176222
[00:04:29] Bootstrap tree #20, logLikelihood: -36600.361178
[00:04:34] Bootstrap tree #21, logLikelihood: -37846.991818
[00:04:40] Bootstrap tree #22, logLikelihood: -37750.560146
[00:04:46] Bootstrap tree #23, logLikelihood: -37718.700017
[00:04:54] Bootstrap tree #24, logLikelihood: -37526.211579
[00:05:00] Bootstrap tree #25, logLikelihood: -37070.109191
[00:05:04] Bootstrap tree #26, logLikelihood: -36176.201090
[00:05:11] Bootstrap tree #27, logLikelihood: -36689.882652
[00:05:16] Bootstrap tree #28, logLikelihood: -36231.290649
[00:05:23] Bootstrap tree #29, logLikelihood: -37647.963184
[00:05:28] Bootstrap tree #30, logLikelihood: -36733.092903
[00:05:35] Bootstrap tree #31, logLikelihood: -36456.507860
[00:05:41] Bootstrap tree #32, logLikelihood: -37482.486536
[00:05:47] Bootstrap tree #33, logLikelihood: -35452.012048
[00:05:53] Bootstrap tree #34, logLikelihood: -38116.771700
[00:05:59] Bootstrap tree #35, logLikelihood: -37439.387729
[00:06:06] Bootstrap tree #36, logLikelihood: -37180.249058
[00:06:13] Bootstrap tree #37, logLikelihood: -37299.115659
[00:06:19] Bootstrap tree #38, logLikelihood: -37110.116185
[00:06:25] Bootstrap tree #39, logLikelihood: -36996.039755
[00:06:32] Bootstrap tree #40, logLikelihood: -38030.635960
[00:06:42] Bootstrap tree #41, logLikelihood: -37274.533492
[00:06:48] Bootstrap tree #42, logLikelihood: -36981.495415
[00:06:54] Bootstrap tree #43, logLikelihood: -37667.879494
[00:06:59] Bootstrap tree #44, logLikelihood: -37507.880191
[00:07:05] Bootstrap tree #45, logLikelihood: -36312.963245
[00:07:10] Bootstrap tree #46, logLikelihood: -36650.725776
[00:07:17] Bootstrap tree #47, logLikelihood: -36350.906663
[00:07:23] Bootstrap tree #48, logLikelihood: -36998.191663
[00:07:28] Bootstrap tree #49, logLikelihood: -37237.740185
[00:07:34] Bootstrap tree #50, logLikelihood: -37088.659310
[00:07:41] Bootstrap tree #51, logLikelihood: -37131.473676
[00:07:47] Bootstrap tree #52, logLikelihood: -36430.342916
[00:07:53] Bootstrap tree #53, logLikelihood: -37752.861810
[00:07:59] Bootstrap tree #54, logLikelihood: -36323.468739
[00:08:05] Bootstrap tree #55, logLikelihood: -36413.371133
[00:08:12] Bootstrap tree #56, logLikelihood: -37111.503076
[00:08:17] Bootstrap tree #57, logLikelihood: -37144.551162
[00:08:23] Bootstrap tree #58, logLikelihood: -36662.505949
[00:08:32] Bootstrap tree #59, logLikelihood: -36494.919940
[00:08:42] Bootstrap tree #60, logLikelihood: -37975.891529
[00:08:49] Bootstrap tree #61, logLikelihood: -37661.399969
[00:08:56] Bootstrap tree #62, logLikelihood: -36488.963107
[00:09:02] Bootstrap tree #63, logLikelihood: -37191.784662
[00:09:08] Bootstrap tree #64, logLikelihood: -36046.685783
[00:09:15] Bootstrap tree #65, logLikelihood: -36832.767824
[00:09:21] Bootstrap tree #66, logLikelihood: -37178.407130
[00:09:40] Bootstrap tree #67, logLikelihood: -36190.637547
[00:09:49] Bootstrap tree #68, logLikelihood: -37721.106010
[00:10:06] Bootstrap tree #69, logLikelihood: -36399.246980
[00:10:16] Bootstrap tree #70, logLikelihood: -37199.327776
[00:10:23] Bootstrap tree #71, logLikelihood: -36405.629378
[00:10:31] Bootstrap tree #72, logLikelihood: -36576.635184
[00:10:38] Bootstrap tree #73, logLikelihood: -36968.635983
[00:10:44] Bootstrap tree #74, logLikelihood: -36939.074440
[00:10:51] Bootstrap tree #75, logLikelihood: -37496.391511
[00:10:58] Bootstrap tree #76, logLikelihood: -36414.840333
[00:11:05] Bootstrap tree #77, logLikelihood: -37720.684217
[00:11:16] Bootstrap tree #78, logLikelihood: -37710.784066
[00:11:26] Bootstrap tree #79, logLikelihood: -37088.861620
[00:11:34] Bootstrap tree #80, logLikelihood: -36286.311434
[00:11:40] Bootstrap tree #81, logLikelihood: -37744.264413
[00:11:48] Bootstrap tree #82, logLikelihood: -37553.870510
[00:11:56] Bootstrap tree #83, logLikelihood: -36674.982683
[00:12:03] Bootstrap tree #84, logLikelihood: -36368.906378
[00:12:12] Bootstrap tree #85, logLikelihood: -37642.799733
[00:12:19] Bootstrap tree #86, logLikelihood: -36555.938582
[00:12:28] Bootstrap tree #87, logLikelihood: -36436.318141
[00:12:37] Bootstrap tree #88, logLikelihood: -36851.813146
[00:12:45] Bootstrap tree #89, logLikelihood: -37017.478773
[00:12:56] Bootstrap tree #90, logLikelihood: -37250.688522
[00:13:03] Bootstrap tree #91, logLikelihood: -37184.857429
[00:13:16] Bootstrap tree #92, logLikelihood: -37652.096592
[00:13:29] Bootstrap tree #93, logLikelihood: -36663.806990
[00:13:41] Bootstrap tree #94, logLikelihood: -36838.712158
[00:13:51] Bootstrap tree #95, logLikelihood: -36622.508183
[00:14:03] Bootstrap tree #96, logLikelihood: -36434.738727
[00:14:13] Bootstrap tree #97, logLikelihood: -37827.370498
[00:14:25] Bootstrap tree #98, logLikelihood: -37372.736224
[00:14:32] Bootstrap tree #99, logLikelihood: -36848.402574
[00:14:39] Bootstrap tree #100, logLikelihood: -37346.542330

Optimized model parameters:

   Partition 0: noname
   Rate heterogeneity: NONE
   Base frequencies (ML): 0.297215 0.225365 0.205082 0.272338 
   Substitution rates (ML): 1.074806 2.648338 0.645109 1.327878 3.302120 1.000000 

Final LogLikelihood: -37080.944935

All ML trees saved to: /home/morelbt/github/phd_experiments/results/multi-raxml/haswellrun/phyldog_example_supporttrees_0/raxmlrresults/HBG011028.raxml.mlTrees
Best ML tree saved to: /home/morelbt/github/phd_experiments/results/multi-raxml/haswellrun/phyldog_example_supporttrees_0/raxmlrresults/HBG011028.raxml.bestTree
Best ML tree with bootstrap support values saved to: /home/morelbt/github/phd_experiments/results/multi-raxml/haswellrun/phyldog_example_supporttrees_0/raxmlrresults/HBG011028.raxml.support
Optimized model saved to: /home/morelbt/github/phd_experiments/results/multi-raxml/haswellrun/phyldog_example_supporttrees_0/raxmlrresults/HBG011028.raxml.bestModel
Bootstrap trees saved to: /home/morelbt/github/phd_experiments/results/multi-raxml/haswellrun/phyldog_example_supporttrees_0/raxmlrresults/HBG011028.raxml.bootstraps

Execution log saved to: /home/morelbt/github/phd_experiments/results/multi-raxml/haswellrun/phyldog_example_supporttrees_0/raxmlrresults/HBG011028.raxml.log

Analysis started: 06-Feb-2018 13:21:16 / finished: 06-Feb-2018 13:35:57

Elapsed time: 880.582 seconds

