
RAxML-NG v. 0.6.0.dev BETA released on 09.01.2018 by The Exelixis Lab.
Authors: Alexey Kozlov, Alexandros Stamatakis, Diego Darriba, Tomas Flouri, Benoit Morel.
Latest version: https://github.com/amkozlov/raxml-ng
Questions/problems/suggestions? Please visit: https://groups.google.com/forum/#!forum/raxml

WARNING: This is a BETA release, please use at your own risk!

RAxML-NG was called as follows:



Analysis options:
  run mode: ML tree search + bootstrapping
  start tree(s): random (20)
  random seed: 1517920935
  tip-inner: OFF
  pattern compression: ON
  per-rate scalers: OFF
  site repeats: ON
  branch lengths: ML estimate (linked)
  SIMD kernels: AVX2
  parallelization: NONE/sequential

[00:00:01] Reading alignment from file: /home/morelbt/github/raxdog/data/DataExample/FastaFiles/HBG011033.fasta
[00:00:01] Loaded alignment with 105 taxa and 642 sites

WARNING: Duplicate sequences found: 2
WARNING: Sequences ENSP00000262065 and ENSPTRP00000016012 are exactly identical!
WARNING: Sequences ENSMMUP00000041323 and ENSMMUP00000041392 are exactly identical!

Alignment comprises 1 partitions and 601 patterns

Partition 0: noname
Model: GTR+FO
Alignment sites / patterns: 642 / 601
Gaps: 11.47 %
Invariant sites: 7.48 %


NOTE: Binary MSA file already exists: /home/morelbt/github/phd_experiments/results/multi-raxml/haswellrun/phyldog_example_supporttrees_0/raxmlrresults/HBG011033.raxml.rba

[00:00:01] Generating random starting tree(s) with 105 taxa
[00:00:01] Data distribution: partitions/thread: 1-1, patterns/thread: 601-601

Starting ML tree search with 20 distinct starting trees

[00:00:42] ML tree search #1, logLikelihood: -20137.594451
[00:01:10] ML tree search #2, logLikelihood: -20146.156527
[00:01:32] ML tree search #3, logLikelihood: -20144.547523
[00:02:12] ML tree search #4, logLikelihood: -20144.469436
[00:02:48] ML tree search #5, logLikelihood: -20138.034177
[00:03:07] ML tree search #6, logLikelihood: -20147.034688
[00:03:26] ML tree search #7, logLikelihood: -20147.348572
[00:04:08] ML tree search #8, logLikelihood: -20143.362320
[00:04:35] ML tree search #9, logLikelihood: -20159.378488
[00:05:02] ML tree search #10, logLikelihood: -20138.296503
[00:05:26] ML tree search #11, logLikelihood: -20142.120505
[00:06:00] ML tree search #12, logLikelihood: -20146.769542
[00:06:19] ML tree search #13, logLikelihood: -20148.972278
[00:06:39] ML tree search #14, logLikelihood: -20149.359742
[00:07:00] ML tree search #15, logLikelihood: -20150.656140
[00:07:43] ML tree search #16, logLikelihood: -20161.263986
[00:08:12] ML tree search #17, logLikelihood: -20140.702917
[00:08:53] ML tree search #18, logLikelihood: -20145.440764
[00:09:29] ML tree search #19, logLikelihood: -20144.329271
[00:10:07] ML tree search #20, logLikelihood: -20141.996490

[00:10:07] ML tree search completed, best tree logLH: -20137.594451

[00:10:07] Starting bootstrapping analysis with 100 replicates.

[00:10:36] Bootstrap tree #1, logLikelihood: -20473.810950
[00:11:12] Bootstrap tree #2, logLikelihood: -19329.614413
[00:11:36] Bootstrap tree #3, logLikelihood: -19740.125246
[00:11:59] Bootstrap tree #4, logLikelihood: -19401.989582
[00:12:20] Bootstrap tree #5, logLikelihood: -19256.116425
[00:12:37] Bootstrap tree #6, logLikelihood: -19605.096476
[00:12:55] Bootstrap tree #7, logLikelihood: -19744.939283
[00:13:17] Bootstrap tree #8, logLikelihood: -20166.351197
[00:13:38] Bootstrap tree #9, logLikelihood: -19196.409701
[00:13:59] Bootstrap tree #10, logLikelihood: -19825.806413
[00:14:22] Bootstrap tree #11, logLikelihood: -19953.251915
[00:15:03] Bootstrap tree #12, logLikelihood: -20174.838494
[00:15:31] Bootstrap tree #13, logLikelihood: -19806.530317
[00:15:52] Bootstrap tree #14, logLikelihood: -19758.036485
[00:16:19] Bootstrap tree #15, logLikelihood: -19597.589061
[00:16:46] Bootstrap tree #16, logLikelihood: -19776.547279
[00:17:12] Bootstrap tree #17, logLikelihood: -19915.430862
[00:17:39] Bootstrap tree #18, logLikelihood: -19623.290357
[00:18:13] Bootstrap tree #19, logLikelihood: -20563.824956
[00:19:08] Bootstrap tree #20, logLikelihood: -19206.733351
[00:19:43] Bootstrap tree #21, logLikelihood: -20323.320908
[00:20:18] Bootstrap tree #22, logLikelihood: -18208.310837
[00:21:05] Bootstrap tree #23, logLikelihood: -19275.936580
[00:21:51] Bootstrap tree #24, logLikelihood: -20639.813780
[00:22:27] Bootstrap tree #25, logLikelihood: -19524.720841
[00:23:46] Bootstrap tree #26, logLikelihood: -20353.544670
[00:24:21] Bootstrap tree #27, logLikelihood: -19652.951641
[00:24:55] Bootstrap tree #28, logLikelihood: -19790.837516
[00:25:10] Bootstrap tree #29, logLikelihood: -20053.710913
[00:25:29] Bootstrap tree #30, logLikelihood: -19293.329082
[00:26:07] Bootstrap tree #31, logLikelihood: -19265.372253
[00:26:21] Bootstrap tree #32, logLikelihood: -18708.790464
[00:26:49] Bootstrap tree #33, logLikelihood: -19892.931082
[00:27:27] Bootstrap tree #34, logLikelihood: -19780.802905
[00:28:08] Bootstrap tree #35, logLikelihood: -19156.476592
[00:28:37] Bootstrap tree #36, logLikelihood: -20353.159026
[00:29:00] Bootstrap tree #37, logLikelihood: -20486.782262
[00:29:36] Bootstrap tree #38, logLikelihood: -21292.607370
[00:29:53] Bootstrap tree #39, logLikelihood: -19644.589923
[00:30:13] Bootstrap tree #40, logLikelihood: -19887.715103
[00:30:38] Bootstrap tree #41, logLikelihood: -20477.988996
[00:30:59] Bootstrap tree #42, logLikelihood: -20917.293471
[00:31:38] Bootstrap tree #43, logLikelihood: -20509.491699
[00:32:17] Bootstrap tree #44, logLikelihood: -19914.240947
[00:32:47] Bootstrap tree #45, logLikelihood: -20612.363805
[00:33:04] Bootstrap tree #46, logLikelihood: -18226.645204
[00:33:50] Bootstrap tree #47, logLikelihood: -19433.192425
[00:34:28] Bootstrap tree #48, logLikelihood: -20508.016986
[00:34:50] Bootstrap tree #49, logLikelihood: -19660.620475
[00:35:23] Bootstrap tree #50, logLikelihood: -18741.875584
[00:35:41] Bootstrap tree #51, logLikelihood: -19788.059861
[00:36:04] Bootstrap tree #52, logLikelihood: -21125.851383
[00:36:29] Bootstrap tree #53, logLikelihood: -19906.618008
[00:37:03] Bootstrap tree #54, logLikelihood: -20083.542697
[00:37:25] Bootstrap tree #55, logLikelihood: -19479.858895
[00:37:51] Bootstrap tree #56, logLikelihood: -19166.618579
[00:38:15] Bootstrap tree #57, logLikelihood: -20398.078290
[00:38:41] Bootstrap tree #58, logLikelihood: -19880.234225
[00:39:19] Bootstrap tree #59, logLikelihood: -19193.418477
[00:39:42] Bootstrap tree #60, logLikelihood: -19411.152836
[00:40:07] Bootstrap tree #61, logLikelihood: -20064.440290
[00:40:38] Bootstrap tree #62, logLikelihood: -20299.221498
[00:40:55] Bootstrap tree #63, logLikelihood: -19807.483104
[00:41:16] Bootstrap tree #64, logLikelihood: -18954.068482
[00:41:39] Bootstrap tree #65, logLikelihood: -20419.466824
[00:42:24] Bootstrap tree #66, logLikelihood: -19967.216315
[00:42:48] Bootstrap tree #67, logLikelihood: -19670.890202
[00:43:06] Bootstrap tree #68, logLikelihood: -19429.610772
[00:43:24] Bootstrap tree #69, logLikelihood: -19560.566467
[00:43:47] Bootstrap tree #70, logLikelihood: -19498.942820
[00:44:27] Bootstrap tree #71, logLikelihood: -20646.255250
[00:45:08] Bootstrap tree #72, logLikelihood: -20065.445016
[00:45:31] Bootstrap tree #73, logLikelihood: -20045.069168
[00:45:49] Bootstrap tree #74, logLikelihood: -19168.238917
[00:46:10] Bootstrap tree #75, logLikelihood: -19171.709764
[00:46:39] Bootstrap tree #76, logLikelihood: -19206.323577
[00:47:01] Bootstrap tree #77, logLikelihood: -19136.459095
[00:47:24] Bootstrap tree #78, logLikelihood: -20532.523918
[00:47:41] Bootstrap tree #79, logLikelihood: -20412.642360
[00:48:08] Bootstrap tree #80, logLikelihood: -19983.876379
[00:48:29] Bootstrap tree #81, logLikelihood: -19325.783524
[00:49:11] Bootstrap tree #82, logLikelihood: -20738.301257
[00:49:44] Bootstrap tree #83, logLikelihood: -19397.742099
[00:50:02] Bootstrap tree #84, logLikelihood: -20571.677457
[00:50:18] Bootstrap tree #85, logLikelihood: -18669.847471
[00:50:36] Bootstrap tree #86, logLikelihood: -19370.756472
[00:51:15] Bootstrap tree #87, logLikelihood: -19575.659171
[00:51:40] Bootstrap tree #88, logLikelihood: -19839.873658
[00:52:17] Bootstrap tree #89, logLikelihood: -19236.994899
[00:52:44] Bootstrap tree #90, logLikelihood: -20652.144414
[00:53:20] Bootstrap tree #91, logLikelihood: -20855.343548
[00:53:53] Bootstrap tree #92, logLikelihood: -21282.591641
[00:54:19] Bootstrap tree #93, logLikelihood: -19766.721713
[00:54:41] Bootstrap tree #94, logLikelihood: -19756.247461
[00:55:02] Bootstrap tree #95, logLikelihood: -20104.992270
[00:55:57] Bootstrap tree #96, logLikelihood: -18482.787835
[00:56:38] Bootstrap tree #97, logLikelihood: -21294.040437
[00:57:16] Bootstrap tree #98, logLikelihood: -20506.047724
[00:57:34] Bootstrap tree #99, logLikelihood: -19742.845494
[00:57:52] Bootstrap tree #100, logLikelihood: -19255.520198

Optimized model parameters:

   Partition 0: noname
   Rate heterogeneity: NONE
   Base frequencies (ML): 0.233277 0.207335 0.261360 0.298028 
   Substitution rates (ML): 1.858094 2.900342 0.637641 2.697887 4.663387 1.000000 

Final LogLikelihood: -20137.594451

All ML trees saved to: /home/morelbt/github/phd_experiments/results/multi-raxml/haswellrun/phyldog_example_supporttrees_0/raxmlrresults/HBG011033.raxml.mlTrees
Best ML tree saved to: /home/morelbt/github/phd_experiments/results/multi-raxml/haswellrun/phyldog_example_supporttrees_0/raxmlrresults/HBG011033.raxml.bestTree
Best ML tree with bootstrap support values saved to: /home/morelbt/github/phd_experiments/results/multi-raxml/haswellrun/phyldog_example_supporttrees_0/raxmlrresults/HBG011033.raxml.support
Optimized model saved to: /home/morelbt/github/phd_experiments/results/multi-raxml/haswellrun/phyldog_example_supporttrees_0/raxmlrresults/HBG011033.raxml.bestModel
Bootstrap trees saved to: /home/morelbt/github/phd_experiments/results/multi-raxml/haswellrun/phyldog_example_supporttrees_0/raxmlrresults/HBG011033.raxml.bootstraps

Execution log saved to: /home/morelbt/github/phd_experiments/results/multi-raxml/haswellrun/phyldog_example_supporttrees_0/raxmlrresults/HBG011033.raxml.log

Analysis started: 06-Feb-2018 13:42:13 / finished: 06-Feb-2018 14:40:07

Elapsed time: 3473.967 seconds

