
RAxML-NG v. 0.6.0.dev BETA released on 09.01.2018 by The Exelixis Lab.
Authors: Alexey Kozlov, Alexandros Stamatakis, Diego Darriba, Tomas Flouri, Benoit Morel.
Latest version: https://github.com/amkozlov/raxml-ng
Questions/problems/suggestions? Please visit: https://groups.google.com/forum/#!forum/raxml

WARNING: This is a BETA release, please use at your own risk!

RAxML-NG was called as follows:



Analysis options:
  run mode: ML tree search + bootstrapping
  start tree(s): random (20)
  random seed: 1517919677
  tip-inner: OFF
  pattern compression: ON
  per-rate scalers: OFF
  site repeats: ON
  branch lengths: ML estimate (linked)
  SIMD kernels: AVX2
  parallelization: MPI (4 ranks)

[00:00:00] Reading alignment from file: /home/morelbt/github/raxdog/data/DataExample/FastaFiles/HBG011015.fasta
[00:00:00] Loaded alignment with 100 taxa and 2424 sites

Alignment comprises 1 partitions and 2293 patterns

Partition 0: noname
Model: GTR+FO
Alignment sites / patterns: 2424 / 2293
Gaps: 11.05 %
Invariant sites: 5.40 %


NOTE: Binary MSA file already exists: /home/morelbt/github/phd_experiments/results/multi-raxml/haswellrun/phyldog_example_supporttrees_0/raxmlrresults/HBG011015.raxml.rba

[00:00:00] Generating random starting tree(s) with 100 taxa
[00:00:00] Data distribution: partitions/thread: 1-1, patterns/thread: 573-574

Starting ML tree search with 20 distinct starting trees

[00:00:32] ML tree search #1, logLikelihood: -98637.492901
[00:01:02] ML tree search #2, logLikelihood: -98637.493574
[00:01:28] ML tree search #3, logLikelihood: -98637.502835
[00:01:48] ML tree search #4, logLikelihood: -98642.273646
[00:02:09] ML tree search #5, logLikelihood: -98640.847903
[00:02:27] ML tree search #6, logLikelihood: -98642.409805
[00:02:49] ML tree search #7, logLikelihood: -98637.501787
[00:03:12] ML tree search #8, logLikelihood: -98644.213429
[00:03:35] ML tree search #9, logLikelihood: -98637.504366
[00:03:59] ML tree search #10, logLikelihood: -98640.830090
[00:04:22] ML tree search #11, logLikelihood: -98637.500981
[00:04:45] ML tree search #12, logLikelihood: -98637.490806
[00:05:04] ML tree search #13, logLikelihood: -98637.504207
[00:05:25] ML tree search #14, logLikelihood: -98643.583046
[00:05:48] ML tree search #15, logLikelihood: -98639.118868
[00:06:09] ML tree search #16, logLikelihood: -98645.062988
[00:06:31] ML tree search #17, logLikelihood: -98639.143429
[00:06:52] ML tree search #18, logLikelihood: -98637.504424
[00:07:16] ML tree search #19, logLikelihood: -98639.121608
[00:07:39] ML tree search #20, logLikelihood: -98637.571790

[00:07:39] ML tree search completed, best tree logLH: -98637.490806

[00:07:39] Starting bootstrapping analysis with 100 replicates.

[00:07:55] Bootstrap tree #1, logLikelihood: -97848.854015
[00:08:12] Bootstrap tree #2, logLikelihood: -99841.455794
[00:08:28] Bootstrap tree #3, logLikelihood: -97711.868042
[00:08:45] Bootstrap tree #4, logLikelihood: -98065.857430
[00:09:06] Bootstrap tree #5, logLikelihood: -98219.886375
[00:09:21] Bootstrap tree #6, logLikelihood: -98596.453473
[00:09:50] Bootstrap tree #7, logLikelihood: -99756.778847
[00:10:22] Bootstrap tree #8, logLikelihood: -100295.499097
[00:10:38] Bootstrap tree #9, logLikelihood: -99839.180086
[00:10:53] Bootstrap tree #10, logLikelihood: -99079.126462
[00:11:11] Bootstrap tree #11, logLikelihood: -98006.311442
[00:11:28] Bootstrap tree #12, logLikelihood: -99770.329439
[00:11:44] Bootstrap tree #13, logLikelihood: -98052.070242
[00:12:03] Bootstrap tree #14, logLikelihood: -97833.660107
[00:12:21] Bootstrap tree #15, logLikelihood: -98422.637982
[00:12:37] Bootstrap tree #16, logLikelihood: -98867.046487
[00:12:55] Bootstrap tree #17, logLikelihood: -98280.694377
[00:13:12] Bootstrap tree #18, logLikelihood: -97886.554175
[00:13:34] Bootstrap tree #19, logLikelihood: -98094.570020
[00:13:54] Bootstrap tree #20, logLikelihood: -101083.683218
[00:14:11] Bootstrap tree #21, logLikelihood: -99234.704934
[00:14:30] Bootstrap tree #22, logLikelihood: -97060.519002
[00:14:52] Bootstrap tree #23, logLikelihood: -96602.427976
[00:15:13] Bootstrap tree #24, logLikelihood: -96817.443636
[00:15:29] Bootstrap tree #25, logLikelihood: -98903.574456
[00:15:49] Bootstrap tree #26, logLikelihood: -99590.454188
[00:16:09] Bootstrap tree #27, logLikelihood: -98023.051040
[00:16:32] Bootstrap tree #28, logLikelihood: -97673.921336
[00:16:50] Bootstrap tree #29, logLikelihood: -97943.786707
[00:17:15] Bootstrap tree #30, logLikelihood: -96852.822728
[00:17:39] Bootstrap tree #31, logLikelihood: -100350.610783
[00:17:58] Bootstrap tree #32, logLikelihood: -98307.824635
[00:18:23] Bootstrap tree #33, logLikelihood: -98956.041321
[00:18:39] Bootstrap tree #34, logLikelihood: -100124.785589
[00:18:57] Bootstrap tree #35, logLikelihood: -97550.444635
[00:19:28] Bootstrap tree #36, logLikelihood: -99699.251308
[00:19:48] Bootstrap tree #37, logLikelihood: -99524.133413
[00:20:07] Bootstrap tree #38, logLikelihood: -97943.797868
[00:20:29] Bootstrap tree #39, logLikelihood: -100729.009672
[00:20:51] Bootstrap tree #40, logLikelihood: -98203.349312
[00:21:11] Bootstrap tree #41, logLikelihood: -98735.117026
[00:21:34] Bootstrap tree #42, logLikelihood: -96138.826710
[00:21:56] Bootstrap tree #43, logLikelihood: -97825.174784
[00:22:22] Bootstrap tree #44, logLikelihood: -97943.801185
[00:22:44] Bootstrap tree #45, logLikelihood: -95779.464378
[00:23:05] Bootstrap tree #46, logLikelihood: -99702.677985
[00:23:23] Bootstrap tree #47, logLikelihood: -97439.281207
[00:23:44] Bootstrap tree #48, logLikelihood: -98539.153111
[00:24:03] Bootstrap tree #49, logLikelihood: -98026.194032
[00:24:24] Bootstrap tree #50, logLikelihood: -99371.392717
[00:24:46] Bootstrap tree #51, logLikelihood: -98483.938043
[00:25:02] Bootstrap tree #52, logLikelihood: -99139.412621
[00:25:26] Bootstrap tree #53, logLikelihood: -99057.998404
[00:25:46] Bootstrap tree #54, logLikelihood: -99685.975424
[00:26:08] Bootstrap tree #55, logLikelihood: -99426.343582
[00:26:29] Bootstrap tree #56, logLikelihood: -99055.242038
[00:26:51] Bootstrap tree #57, logLikelihood: -97242.798712
[00:27:09] Bootstrap tree #58, logLikelihood: -98040.083701
[00:27:33] Bootstrap tree #59, logLikelihood: -98080.084922
[00:28:02] Bootstrap tree #60, logLikelihood: -98964.668079
[00:28:34] Bootstrap tree #61, logLikelihood: -99254.302692
[00:29:04] Bootstrap tree #62, logLikelihood: -98947.446608
[00:29:33] Bootstrap tree #63, logLikelihood: -98673.342792
[00:30:06] Bootstrap tree #64, logLikelihood: -99676.689054
[00:30:46] Bootstrap tree #65, logLikelihood: -97382.893175
[00:31:24] Bootstrap tree #66, logLikelihood: -98129.404010
[00:32:03] Bootstrap tree #67, logLikelihood: -100013.527911
[00:32:31] Bootstrap tree #68, logLikelihood: -97471.834078
[00:32:58] Bootstrap tree #69, logLikelihood: -97748.202964
[00:33:28] Bootstrap tree #70, logLikelihood: -98714.484014
[00:33:58] Bootstrap tree #71, logLikelihood: -98592.016530
[00:34:19] Bootstrap tree #72, logLikelihood: -100600.810491
[00:34:45] Bootstrap tree #73, logLikelihood: -97793.572360
[00:35:17] Bootstrap tree #74, logLikelihood: -99543.467752
[00:35:38] Bootstrap tree #75, logLikelihood: -100218.574376
[00:36:07] Bootstrap tree #76, logLikelihood: -100642.932615
[00:36:41] Bootstrap tree #77, logLikelihood: -97525.784312
[00:37:10] Bootstrap tree #78, logLikelihood: -96922.851867
[00:37:35] Bootstrap tree #79, logLikelihood: -99178.524322
[00:38:03] Bootstrap tree #80, logLikelihood: -98357.920316
[00:38:31] Bootstrap tree #81, logLikelihood: -97241.367204
[00:38:57] Bootstrap tree #82, logLikelihood: -94781.849686
[00:39:22] Bootstrap tree #83, logLikelihood: -99912.816015
[00:39:48] Bootstrap tree #84, logLikelihood: -99455.538796
[00:40:37] Bootstrap tree #85, logLikelihood: -98910.312565
[00:41:22] Bootstrap tree #86, logLikelihood: -99427.540305
[00:42:13] Bootstrap tree #87, logLikelihood: -98075.502916
[00:43:25] Bootstrap tree #88, logLikelihood: -97952.933948
[00:44:32] Bootstrap tree #89, logLikelihood: -99142.025067
[00:45:11] Bootstrap tree #90, logLikelihood: -94902.196885
[00:45:46] Bootstrap tree #91, logLikelihood: -99855.680653
[00:46:14] Bootstrap tree #92, logLikelihood: -98094.963286
[00:46:39] Bootstrap tree #93, logLikelihood: -98895.987671
[00:47:09] Bootstrap tree #94, logLikelihood: -100403.611322
[00:47:33] Bootstrap tree #95, logLikelihood: -99152.906624
[00:48:03] Bootstrap tree #96, logLikelihood: -98151.763880
[00:48:25] Bootstrap tree #97, logLikelihood: -96360.765555
[00:49:04] Bootstrap tree #98, logLikelihood: -99295.526221
[00:49:31] Bootstrap tree #99, logLikelihood: -98462.599860
[00:49:55] Bootstrap tree #100, logLikelihood: -99223.318724

Optimized model parameters:

   Partition 0: noname
   Rate heterogeneity: NONE
   Base frequencies (ML): 0.264317 0.234554 0.251278 0.249851 
   Substitution rates (ML): 1.694234 3.872406 0.922811 1.807544 4.653175 1.000000 

Final LogLikelihood: -98637.490806

All ML trees saved to: /home/morelbt/github/phd_experiments/results/multi-raxml/haswellrun/phyldog_example_supporttrees_0/raxmlrresults/HBG011015.raxml.mlTrees
Best ML tree saved to: /home/morelbt/github/phd_experiments/results/multi-raxml/haswellrun/phyldog_example_supporttrees_0/raxmlrresults/HBG011015.raxml.bestTree
Best ML tree with bootstrap support values saved to: /home/morelbt/github/phd_experiments/results/multi-raxml/haswellrun/phyldog_example_supporttrees_0/raxmlrresults/HBG011015.raxml.support
Optimized model saved to: /home/morelbt/github/phd_experiments/results/multi-raxml/haswellrun/phyldog_example_supporttrees_0/raxmlrresults/HBG011015.raxml.bestModel
Bootstrap trees saved to: /home/morelbt/github/phd_experiments/results/multi-raxml/haswellrun/phyldog_example_supporttrees_0/raxmlrresults/HBG011015.raxml.bootstraps

Execution log saved to: /home/morelbt/github/phd_experiments/results/multi-raxml/haswellrun/phyldog_example_supporttrees_0/raxmlrresults/HBG011015.raxml.log

Analysis started: 06-Feb-2018 13:21:16 / finished: 06-Feb-2018 14:11:13

Elapsed time: 2997.034 seconds

