
RAxML-NG v. 0.6.0.dev BETA released on 09.01.2018 by The Exelixis Lab.
Authors: Alexey Kozlov, Alexandros Stamatakis, Diego Darriba, Tomas Flouri, Benoit Morel.
Latest version: https://github.com/amkozlov/raxml-ng
Questions/problems/suggestions? Please visit: https://groups.google.com/forum/#!forum/raxml

WARNING: This is a BETA release, please use at your own risk!

RAxML-NG was called as follows:



Analysis options:
  run mode: ML tree search + bootstrapping
  start tree(s): random (20)
  random seed: 1517921015
  tip-inner: OFF
  pattern compression: ON
  per-rate scalers: OFF
  site repeats: ON
  branch lengths: ML estimate (linked)
  SIMD kernels: AVX2
  parallelization: NONE/sequential

[00:00:00] Reading alignment from file: /home/morelbt/github/raxdog/data/DataExample/FastaFiles/HBG011000.fasta
[00:00:00] Loaded alignment with 75 taxa and 723 sites

Alignment comprises 1 partitions and 670 patterns

Partition 0: noname
Model: GTR+FO
Alignment sites / patterns: 723 / 670
Gaps: 13.22 %
Invariant sites: 7.05 %


NOTE: Binary MSA file already exists: /home/morelbt/github/phd_experiments/results/multi-raxml/haswellrun/phyldog_example_supporttrees_0/raxmlrresults/HBG011000.raxml.rba

[00:00:00] Generating random starting tree(s) with 75 taxa
[00:00:00] Data distribution: partitions/thread: 1-1, patterns/thread: 670-670

Starting ML tree search with 20 distinct starting trees

[00:00:13] ML tree search #1, logLikelihood: -21649.489599
[00:00:25] ML tree search #2, logLikelihood: -21645.807976
[00:00:47] ML tree search #3, logLikelihood: -21646.354299
[00:00:59] ML tree search #4, logLikelihood: -21644.376460
[00:01:12] ML tree search #5, logLikelihood: -21645.808616
[00:01:24] ML tree search #6, logLikelihood: -21647.160377
[00:01:37] ML tree search #7, logLikelihood: -21648.110080
[00:01:50] ML tree search #8, logLikelihood: -21646.871408
[00:02:05] ML tree search #9, logLikelihood: -21642.564637
[00:02:19] ML tree search #10, logLikelihood: -21648.370211
[00:02:32] ML tree search #11, logLikelihood: -21642.565410
[00:02:45] ML tree search #12, logLikelihood: -21646.046170
[00:03:06] ML tree search #13, logLikelihood: -21644.486366
[00:03:19] ML tree search #14, logLikelihood: -21649.986058
[00:03:34] ML tree search #15, logLikelihood: -21648.545226
[00:03:49] ML tree search #16, logLikelihood: -21642.568109
[00:04:05] ML tree search #17, logLikelihood: -21649.491021
[00:04:18] ML tree search #18, logLikelihood: -21646.893758
[00:04:33] ML tree search #19, logLikelihood: -21646.047093
[00:05:00] ML tree search #20, logLikelihood: -21643.781137

[00:05:00] ML tree search completed, best tree logLH: -21642.564637

[00:05:00] Starting bootstrapping analysis with 100 replicates.

[00:05:10] Bootstrap tree #1, logLikelihood: -21761.645935
[00:05:20] Bootstrap tree #2, logLikelihood: -21504.195303
[00:05:39] Bootstrap tree #3, logLikelihood: -20742.277052
[00:05:48] Bootstrap tree #4, logLikelihood: -22413.260788
[00:05:59] Bootstrap tree #5, logLikelihood: -20891.609357
[00:06:09] Bootstrap tree #6, logLikelihood: -21805.110187
[00:06:23] Bootstrap tree #7, logLikelihood: -22334.884792
[00:06:41] Bootstrap tree #8, logLikelihood: -21715.479925
[00:06:52] Bootstrap tree #9, logLikelihood: -21685.687170
[00:07:14] Bootstrap tree #10, logLikelihood: -21387.758101
[00:07:27] Bootstrap tree #11, logLikelihood: -21757.194033
[00:07:41] Bootstrap tree #12, logLikelihood: -21477.801434
[00:07:58] Bootstrap tree #13, logLikelihood: -21367.102779
[00:08:11] Bootstrap tree #14, logLikelihood: -20894.391090
[00:08:25] Bootstrap tree #15, logLikelihood: -21267.637501
[00:08:38] Bootstrap tree #16, logLikelihood: -20293.513010
[00:08:53] Bootstrap tree #17, logLikelihood: -21695.396964
[00:09:13] Bootstrap tree #18, logLikelihood: -21363.706941
[00:09:28] Bootstrap tree #19, logLikelihood: -21896.482363
[00:09:41] Bootstrap tree #20, logLikelihood: -21412.894288
[00:10:07] Bootstrap tree #21, logLikelihood: -21072.127349
[00:10:24] Bootstrap tree #22, logLikelihood: -21954.007199
[00:10:36] Bootstrap tree #23, logLikelihood: -22370.633630
[00:10:51] Bootstrap tree #24, logLikelihood: -20917.295997
[00:11:10] Bootstrap tree #25, logLikelihood: -21063.073799
[00:11:19] Bootstrap tree #26, logLikelihood: -19523.642348
[00:11:30] Bootstrap tree #27, logLikelihood: -21582.705859
[00:11:40] Bootstrap tree #28, logLikelihood: -21573.514235
[00:11:57] Bootstrap tree #29, logLikelihood: -21244.860487
[00:12:10] Bootstrap tree #30, logLikelihood: -21635.138431
[00:12:25] Bootstrap tree #31, logLikelihood: -21175.309215
[00:12:39] Bootstrap tree #32, logLikelihood: -22280.611840
[00:12:52] Bootstrap tree #33, logLikelihood: -21428.049327
[00:13:07] Bootstrap tree #34, logLikelihood: -21373.782804
[00:13:21] Bootstrap tree #35, logLikelihood: -21583.479120
[00:13:32] Bootstrap tree #36, logLikelihood: -21304.548869
[00:13:46] Bootstrap tree #37, logLikelihood: -22166.507538
[00:13:58] Bootstrap tree #38, logLikelihood: -20975.555613
[00:14:10] Bootstrap tree #39, logLikelihood: -21171.557354
[00:14:22] Bootstrap tree #40, logLikelihood: -21337.829495
[00:14:35] Bootstrap tree #41, logLikelihood: -21196.529523
[00:14:48] Bootstrap tree #42, logLikelihood: -22755.310451
[00:15:00] Bootstrap tree #43, logLikelihood: -21374.296406
[00:15:12] Bootstrap tree #44, logLikelihood: -21541.656007
[00:15:26] Bootstrap tree #45, logLikelihood: -21756.858459
[00:15:42] Bootstrap tree #46, logLikelihood: -20831.322289
[00:15:53] Bootstrap tree #47, logLikelihood: -21499.942655
[00:16:06] Bootstrap tree #48, logLikelihood: -21627.598257
[00:16:24] Bootstrap tree #49, logLikelihood: -21363.511554
[00:16:41] Bootstrap tree #50, logLikelihood: -20712.449821
[00:16:56] Bootstrap tree #51, logLikelihood: -20840.290376
[00:17:11] Bootstrap tree #52, logLikelihood: -21961.055988
[00:17:30] Bootstrap tree #53, logLikelihood: -21848.982828
[00:17:46] Bootstrap tree #54, logLikelihood: -21329.586867
[00:18:10] Bootstrap tree #55, logLikelihood: -20156.953042
[00:18:40] Bootstrap tree #56, logLikelihood: -21258.536350
[00:19:09] Bootstrap tree #57, logLikelihood: -21520.006083
[00:19:37] Bootstrap tree #58, logLikelihood: -21793.366954
[00:20:06] Bootstrap tree #59, logLikelihood: -21498.879551
[00:20:43] Bootstrap tree #60, logLikelihood: -22515.274000
[00:21:21] Bootstrap tree #61, logLikelihood: -21484.609097
[00:22:05] Bootstrap tree #62, logLikelihood: -21599.657344
[00:22:24] Bootstrap tree #63, logLikelihood: -21944.585208
[00:22:41] Bootstrap tree #64, logLikelihood: -20792.158522
[00:23:02] Bootstrap tree #65, logLikelihood: -20966.073128
[00:23:20] Bootstrap tree #66, logLikelihood: -21251.096756
[00:23:39] Bootstrap tree #67, logLikelihood: -21558.196611
[00:23:59] Bootstrap tree #68, logLikelihood: -21319.117760
[00:24:22] Bootstrap tree #69, logLikelihood: -20724.214643
[00:24:37] Bootstrap tree #70, logLikelihood: -21559.175836
[00:24:50] Bootstrap tree #71, logLikelihood: -21438.642860
[00:25:06] Bootstrap tree #72, logLikelihood: -21166.252566
[00:25:19] Bootstrap tree #73, logLikelihood: -21528.328315
[00:25:37] Bootstrap tree #74, logLikelihood: -20941.676872
[00:25:53] Bootstrap tree #75, logLikelihood: -20767.677085
[00:26:08] Bootstrap tree #76, logLikelihood: -21295.412092
[00:26:28] Bootstrap tree #77, logLikelihood: -20717.473123
[00:26:50] Bootstrap tree #78, logLikelihood: -21172.794453
[00:27:07] Bootstrap tree #79, logLikelihood: -21917.382086
[00:27:21] Bootstrap tree #80, logLikelihood: -21248.504253
[00:27:34] Bootstrap tree #81, logLikelihood: -21911.986965
[00:27:52] Bootstrap tree #82, logLikelihood: -22101.009438
[00:28:12] Bootstrap tree #83, logLikelihood: -21706.394561
[00:28:27] Bootstrap tree #84, logLikelihood: -21602.037335
[00:28:46] Bootstrap tree #85, logLikelihood: -22162.948105
[00:29:07] Bootstrap tree #86, logLikelihood: -20932.484833
[00:29:28] Bootstrap tree #87, logLikelihood: -21144.697473
[00:29:42] Bootstrap tree #88, logLikelihood: -21284.374048
[00:29:56] Bootstrap tree #89, logLikelihood: -20632.500562
[00:30:11] Bootstrap tree #90, logLikelihood: -22083.353429
[00:30:32] Bootstrap tree #91, logLikelihood: -22098.883500
[00:30:54] Bootstrap tree #92, logLikelihood: -21797.991158
[00:31:17] Bootstrap tree #93, logLikelihood: -21827.418628
[00:31:39] Bootstrap tree #94, logLikelihood: -20794.361588
[00:31:53] Bootstrap tree #95, logLikelihood: -21994.699106
[00:32:08] Bootstrap tree #96, logLikelihood: -21824.908522
[00:32:23] Bootstrap tree #97, logLikelihood: -21686.014640
[00:32:36] Bootstrap tree #98, logLikelihood: -22205.135081
[00:32:53] Bootstrap tree #99, logLikelihood: -20884.003892
[00:33:07] Bootstrap tree #100, logLikelihood: -21258.963671

Optimized model parameters:

   Partition 0: noname
   Rate heterogeneity: NONE
   Base frequencies (ML): 0.266391 0.244641 0.247618 0.241350 
   Substitution rates (ML): 2.063473 4.088350 1.166229 1.468130 5.217796 1.000000 

Final LogLikelihood: -21642.564637

All ML trees saved to: /home/morelbt/github/phd_experiments/results/multi-raxml/haswellrun/phyldog_example_supporttrees_0/raxmlrresults/HBG011000.raxml.mlTrees
Best ML tree saved to: /home/morelbt/github/phd_experiments/results/multi-raxml/haswellrun/phyldog_example_supporttrees_0/raxmlrresults/HBG011000.raxml.bestTree
Best ML tree with bootstrap support values saved to: /home/morelbt/github/phd_experiments/results/multi-raxml/haswellrun/phyldog_example_supporttrees_0/raxmlrresults/HBG011000.raxml.support
Optimized model saved to: /home/morelbt/github/phd_experiments/results/multi-raxml/haswellrun/phyldog_example_supporttrees_0/raxmlrresults/HBG011000.raxml.bestModel
Bootstrap trees saved to: /home/morelbt/github/phd_experiments/results/multi-raxml/haswellrun/phyldog_example_supporttrees_0/raxmlrresults/HBG011000.raxml.bootstraps

Execution log saved to: /home/morelbt/github/phd_experiments/results/multi-raxml/haswellrun/phyldog_example_supporttrees_0/raxmlrresults/HBG011000.raxml.log

Analysis started: 06-Feb-2018 13:43:35 / finished: 06-Feb-2018 14:16:43

Elapsed time: 1988.446 seconds

