
RAxML-NG v. 0.6.0.dev BETA released on 09.01.2018 by The Exelixis Lab.
Authors: Alexey Kozlov, Alexandros Stamatakis, Diego Darriba, Tomas Flouri, Benoit Morel.
Latest version: https://github.com/amkozlov/raxml-ng
Questions/problems/suggestions? Please visit: https://groups.google.com/forum/#!forum/raxml

WARNING: This is a BETA release, please use at your own risk!

RAxML-NG was called as follows:



Analysis options:
  run mode: ML tree search + bootstrapping
  start tree(s): random (20)
  random seed: 1517920835
  tip-inner: OFF
  pattern compression: ON
  per-rate scalers: OFF
  site repeats: ON
  branch lengths: ML estimate (linked)
  SIMD kernels: AVX2
  parallelization: MPI (2 ranks)

[00:00:00] Reading alignment from file: /home/morelbt/github/raxdog/data/DataExample/FastaFiles/HBG011034.fasta
[00:00:00] Loaded alignment with 53 taxa and 1254 sites

Alignment comprises 1 partitions and 1154 patterns

Partition 0: noname
Model: GTR+FO
Alignment sites / patterns: 1254 / 1154
Gaps: 12.45 %
Invariant sites: 6.22 %


NOTE: Binary MSA file already exists: /home/morelbt/github/phd_experiments/results/multi-raxml/haswellrun/phyldog_example_supporttrees_0/raxmlrresults/HBG011034.raxml.rba

[00:00:00] Generating random starting tree(s) with 53 taxa
[00:00:00] Data distribution: partitions/thread: 1-1, patterns/thread: 577-577

Starting ML tree search with 20 distinct starting trees

[00:00:07] ML tree search #1, logLikelihood: -30951.921509
[00:00:15] ML tree search #2, logLikelihood: -30950.240372
[00:00:22] ML tree search #3, logLikelihood: -30951.590449
[00:00:30] ML tree search #4, logLikelihood: -30950.251798
[00:00:37] ML tree search #5, logLikelihood: -30950.254354
[00:00:47] ML tree search #6, logLikelihood: -30950.242883
[00:00:53] ML tree search #7, logLikelihood: -30950.247547
[00:01:03] ML tree search #8, logLikelihood: -30950.256771
[00:01:11] ML tree search #9, logLikelihood: -30951.920440
[00:01:19] ML tree search #10, logLikelihood: -30951.568517
[00:01:28] ML tree search #11, logLikelihood: -30950.259517
[00:01:34] ML tree search #12, logLikelihood: -30951.950987
[00:01:41] ML tree search #13, logLikelihood: -30951.932494
[00:01:50] ML tree search #14, logLikelihood: -30950.240043
[00:01:58] ML tree search #15, logLikelihood: -30950.245607
[00:02:08] ML tree search #16, logLikelihood: -30950.247469
[00:02:16] ML tree search #17, logLikelihood: -30950.244745
[00:02:23] ML tree search #18, logLikelihood: -30951.570574
[00:02:30] ML tree search #19, logLikelihood: -30950.236415
[00:02:37] ML tree search #20, logLikelihood: -30951.941947

[00:02:37] ML tree search completed, best tree logLH: -30950.236415

[00:02:37] Starting bootstrapping analysis with 100 replicates.

[00:02:47] Bootstrap tree #1, logLikelihood: -31081.719867
[00:02:53] Bootstrap tree #2, logLikelihood: -30984.895000
[00:02:57] Bootstrap tree #3, logLikelihood: -30882.973298
[00:03:04] Bootstrap tree #4, logLikelihood: -30777.525783
[00:03:10] Bootstrap tree #5, logLikelihood: -30590.191826
[00:03:14] Bootstrap tree #6, logLikelihood: -31563.988509
[00:03:20] Bootstrap tree #7, logLikelihood: -30890.662334
[00:03:27] Bootstrap tree #8, logLikelihood: -30749.697742
[00:03:34] Bootstrap tree #9, logLikelihood: -30983.603926
[00:03:39] Bootstrap tree #10, logLikelihood: -30226.390737
[00:03:45] Bootstrap tree #11, logLikelihood: -31182.897505
[00:03:52] Bootstrap tree #12, logLikelihood: -30567.173903
[00:03:59] Bootstrap tree #13, logLikelihood: -30460.601187
[00:04:05] Bootstrap tree #14, logLikelihood: -29915.658404
[00:04:11] Bootstrap tree #15, logLikelihood: -29451.945150
[00:04:21] Bootstrap tree #16, logLikelihood: -30589.691190
[00:04:34] Bootstrap tree #17, logLikelihood: -30689.411908
[00:04:46] Bootstrap tree #18, logLikelihood: -31057.194933
[00:04:54] Bootstrap tree #19, logLikelihood: -30308.546133
[00:05:00] Bootstrap tree #20, logLikelihood: -31886.450183
[00:05:06] Bootstrap tree #21, logLikelihood: -30564.089073
[00:05:14] Bootstrap tree #22, logLikelihood: -30908.055019
[00:05:21] Bootstrap tree #23, logLikelihood: -29561.065379
[00:05:27] Bootstrap tree #24, logLikelihood: -31270.139731
[00:05:34] Bootstrap tree #25, logLikelihood: -31606.867031
[00:05:43] Bootstrap tree #26, logLikelihood: -30558.884248
[00:05:56] Bootstrap tree #27, logLikelihood: -30765.399696
[00:06:04] Bootstrap tree #28, logLikelihood: -30217.760989
[00:06:11] Bootstrap tree #29, logLikelihood: -30554.840478
[00:06:18] Bootstrap tree #30, logLikelihood: -31129.330568
[00:06:24] Bootstrap tree #31, logLikelihood: -31323.335759
[00:06:31] Bootstrap tree #32, logLikelihood: -31535.302768
[00:06:46] Bootstrap tree #33, logLikelihood: -31074.275271
[00:06:57] Bootstrap tree #34, logLikelihood: -33013.114126
[00:07:05] Bootstrap tree #35, logLikelihood: -29709.141285
[00:07:11] Bootstrap tree #36, logLikelihood: -30952.409362
[00:07:18] Bootstrap tree #37, logLikelihood: -29650.594539
[00:07:27] Bootstrap tree #38, logLikelihood: -31650.966447
[00:07:34] Bootstrap tree #39, logLikelihood: -30609.368958
[00:07:41] Bootstrap tree #40, logLikelihood: -30998.212104
[00:07:51] Bootstrap tree #41, logLikelihood: -30734.078873
[00:08:01] Bootstrap tree #42, logLikelihood: -31937.660899
[00:08:09] Bootstrap tree #43, logLikelihood: -30910.770492
[00:08:21] Bootstrap tree #44, logLikelihood: -30641.491102
[00:08:31] Bootstrap tree #45, logLikelihood: -31402.464295
[00:08:39] Bootstrap tree #46, logLikelihood: -31370.107597
[00:08:49] Bootstrap tree #47, logLikelihood: -30748.183833
[00:08:59] Bootstrap tree #48, logLikelihood: -30498.391749
[00:09:09] Bootstrap tree #49, logLikelihood: -31106.331246
[00:09:19] Bootstrap tree #50, logLikelihood: -30752.264088
[00:09:29] Bootstrap tree #51, logLikelihood: -30134.399959
[00:09:43] Bootstrap tree #52, logLikelihood: -30668.558914
[00:09:57] Bootstrap tree #53, logLikelihood: -31435.086673
[00:10:05] Bootstrap tree #54, logLikelihood: -31058.765992
[00:10:25] Bootstrap tree #55, logLikelihood: -30437.637682
[00:10:35] Bootstrap tree #56, logLikelihood: -32224.729840
[00:10:46] Bootstrap tree #57, logLikelihood: -30685.539271
[00:11:00] Bootstrap tree #58, logLikelihood: -31515.753291
[00:11:10] Bootstrap tree #59, logLikelihood: -30973.913447
[00:11:31] Bootstrap tree #60, logLikelihood: -29186.451537
[00:11:47] Bootstrap tree #61, logLikelihood: -30606.641326
[00:12:02] Bootstrap tree #62, logLikelihood: -30993.235123
[00:12:17] Bootstrap tree #63, logLikelihood: -30804.690970
[00:12:36] Bootstrap tree #64, logLikelihood: -31041.125137
[00:12:55] Bootstrap tree #65, logLikelihood: -30673.462107
[00:13:08] Bootstrap tree #66, logLikelihood: -30793.920006
[00:13:17] Bootstrap tree #67, logLikelihood: -30687.501517
[00:13:30] Bootstrap tree #68, logLikelihood: -30723.367893
[00:13:40] Bootstrap tree #69, logLikelihood: -30589.693216
[00:13:49] Bootstrap tree #70, logLikelihood: -30451.977799
[00:14:02] Bootstrap tree #71, logLikelihood: -30472.608957
[00:14:12] Bootstrap tree #72, logLikelihood: -30885.948272
[00:14:25] Bootstrap tree #73, logLikelihood: -31183.208105
[00:14:34] Bootstrap tree #74, logLikelihood: -30533.276544
[00:14:45] Bootstrap tree #75, logLikelihood: -30877.610911
[00:14:52] Bootstrap tree #76, logLikelihood: -31420.584583
[00:15:03] Bootstrap tree #77, logLikelihood: -30561.772051
[00:15:15] Bootstrap tree #78, logLikelihood: -32331.504318
[00:15:27] Bootstrap tree #79, logLikelihood: -31620.162065
[00:15:37] Bootstrap tree #80, logLikelihood: -31238.999131
[00:15:48] Bootstrap tree #81, logLikelihood: -30485.056771
[00:15:59] Bootstrap tree #82, logLikelihood: -29816.348918
[00:16:10] Bootstrap tree #83, logLikelihood: -31264.488319
[00:16:20] Bootstrap tree #84, logLikelihood: -30662.465864
[00:16:30] Bootstrap tree #85, logLikelihood: -30833.043962
[00:16:41] Bootstrap tree #86, logLikelihood: -31512.794395
[00:17:01] Bootstrap tree #87, logLikelihood: -29569.181053
[00:17:10] Bootstrap tree #88, logLikelihood: -30330.948313
[00:17:25] Bootstrap tree #89, logLikelihood: -30866.038536
[00:17:36] Bootstrap tree #90, logLikelihood: -30455.332435
[00:17:47] Bootstrap tree #91, logLikelihood: -31454.894932
[00:18:03] Bootstrap tree #92, logLikelihood: -31254.432950
[00:18:15] Bootstrap tree #93, logLikelihood: -30679.949272
[00:18:29] Bootstrap tree #94, logLikelihood: -30729.861996
[00:18:41] Bootstrap tree #95, logLikelihood: -31092.285819
[00:18:52] Bootstrap tree #96, logLikelihood: -31561.075983
[00:19:06] Bootstrap tree #97, logLikelihood: -31312.445136
[00:19:18] Bootstrap tree #98, logLikelihood: -30665.091643
[00:19:28] Bootstrap tree #99, logLikelihood: -31728.142890
[00:19:42] Bootstrap tree #100, logLikelihood: -30038.604728

Optimized model parameters:

   Partition 0: noname
   Rate heterogeneity: NONE
   Base frequencies (ML): 0.265383 0.198322 0.234896 0.301399 
   Substitution rates (ML): 2.735811 4.242813 0.694361 3.698104 5.142471 1.000000 

Final LogLikelihood: -30950.236415

All ML trees saved to: /home/morelbt/github/phd_experiments/results/multi-raxml/haswellrun/phyldog_example_supporttrees_0/raxmlrresults/HBG011034.raxml.mlTrees
Best ML tree saved to: /home/morelbt/github/phd_experiments/results/multi-raxml/haswellrun/phyldog_example_supporttrees_0/raxmlrresults/HBG011034.raxml.bestTree
Best ML tree with bootstrap support values saved to: /home/morelbt/github/phd_experiments/results/multi-raxml/haswellrun/phyldog_example_supporttrees_0/raxmlrresults/HBG011034.raxml.support
Optimized model saved to: /home/morelbt/github/phd_experiments/results/multi-raxml/haswellrun/phyldog_example_supporttrees_0/raxmlrresults/HBG011034.raxml.bestModel
Bootstrap trees saved to: /home/morelbt/github/phd_experiments/results/multi-raxml/haswellrun/phyldog_example_supporttrees_0/raxmlrresults/HBG011034.raxml.bootstraps

Execution log saved to: /home/morelbt/github/phd_experiments/results/multi-raxml/haswellrun/phyldog_example_supporttrees_0/raxmlrresults/HBG011034.raxml.log

Analysis started: 06-Feb-2018 13:40:35 / finished: 06-Feb-2018 14:00:20

Elapsed time: 1184.550 seconds

