
RAxML-NG v. 0.6.0.dev BETA released on 09.01.2018 by The Exelixis Lab.
Authors: Alexey Kozlov, Alexandros Stamatakis, Diego Darriba, Tomas Flouri, Benoit Morel.
Latest version: https://github.com/amkozlov/raxml-ng
Questions/problems/suggestions? Please visit: https://groups.google.com/forum/#!forum/raxml

WARNING: This is a BETA release, please use at your own risk!

RAxML-NG was called as follows:



Analysis options:
  run mode: ML tree search + bootstrapping
  start tree(s): random (20)
  random seed: 1517921163
  tip-inner: OFF
  pattern compression: ON
  per-rate scalers: OFF
  site repeats: ON
  branch lengths: ML estimate (linked)
  SIMD kernels: AVX2
  parallelization: NONE/sequential

[00:00:01] Reading alignment from file: /home/morelbt/github/raxdog/data/DataExample/FastaFiles/HBG011035.fasta
[00:00:01] Loaded alignment with 25 taxa and 906 sites

Alignment comprises 1 partitions and 847 patterns

Partition 0: noname
Model: GTR+FO
Alignment sites / patterns: 906 / 847
Gaps: 6.07 %
Invariant sites: 2.43 %


NOTE: Binary MSA file already exists: /home/morelbt/github/phd_experiments/results/multi-raxml/haswellrun/phyldog_example_supporttrees_0/raxmlrresults/HBG011035.raxml.rba

[00:00:01] Generating random starting tree(s) with 25 taxa
[00:00:02] Data distribution: partitions/thread: 1-1, patterns/thread: 847-847

Starting ML tree search with 20 distinct starting trees

[00:00:05] ML tree search #1, logLikelihood: -20781.213818
[00:00:07] ML tree search #2, logLikelihood: -20781.817330
[00:00:10] ML tree search #3, logLikelihood: -20781.817576
[00:00:14] ML tree search #4, logLikelihood: -20781.818609
[00:00:16] ML tree search #5, logLikelihood: -20781.214345
[00:00:19] ML tree search #6, logLikelihood: -20781.809363
[00:00:24] ML tree search #7, logLikelihood: -20781.825200
[00:00:26] ML tree search #8, logLikelihood: -20781.221157
[00:00:30] ML tree search #9, logLikelihood: -20781.811281
[00:00:33] ML tree search #10, logLikelihood: -20781.815648
[00:00:36] ML tree search #11, logLikelihood: -20781.813964
[00:00:39] ML tree search #12, logLikelihood: -20781.809742
[00:00:42] ML tree search #13, logLikelihood: -20781.811251
[00:00:45] ML tree search #14, logLikelihood: -20781.213918
[00:00:48] ML tree search #15, logLikelihood: -20781.216103
[00:00:51] ML tree search #16, logLikelihood: -20781.219466
[00:00:54] ML tree search #17, logLikelihood: -20781.215269
[00:00:58] ML tree search #18, logLikelihood: -20781.809903
[00:01:01] ML tree search #19, logLikelihood: -20781.217477
[00:01:05] ML tree search #20, logLikelihood: -20781.817341

[00:01:05] ML tree search completed, best tree logLH: -20781.213818

[00:01:05] Starting bootstrapping analysis with 100 replicates.

[00:01:07] Bootstrap tree #1, logLikelihood: -20792.548496
[00:01:10] Bootstrap tree #2, logLikelihood: -21020.820903
[00:01:12] Bootstrap tree #3, logLikelihood: -21214.772542
[00:01:15] Bootstrap tree #4, logLikelihood: -20651.946547
[00:01:17] Bootstrap tree #5, logLikelihood: -21067.129376
[00:01:20] Bootstrap tree #6, logLikelihood: -21237.973231
[00:01:22] Bootstrap tree #7, logLikelihood: -20451.741262
[00:01:25] Bootstrap tree #8, logLikelihood: -20763.987946
[00:01:27] Bootstrap tree #9, logLikelihood: -20550.828004
[00:01:31] Bootstrap tree #10, logLikelihood: -20538.903151
[00:01:33] Bootstrap tree #11, logLikelihood: -20490.568393
[00:01:35] Bootstrap tree #12, logLikelihood: -21043.179283
[00:01:38] Bootstrap tree #13, logLikelihood: -20454.444525
[00:01:43] Bootstrap tree #14, logLikelihood: -20545.927753
[00:01:46] Bootstrap tree #15, logLikelihood: -20952.425101
[00:01:49] Bootstrap tree #16, logLikelihood: -20806.683011
[00:01:52] Bootstrap tree #17, logLikelihood: -20684.853542
[00:01:55] Bootstrap tree #18, logLikelihood: -21091.690267
[00:01:57] Bootstrap tree #19, logLikelihood: -20117.890474
[00:02:01] Bootstrap tree #20, logLikelihood: -20322.003760
[00:02:04] Bootstrap tree #21, logLikelihood: -20651.608898
[00:02:07] Bootstrap tree #22, logLikelihood: -20756.270757
[00:02:09] Bootstrap tree #23, logLikelihood: -20447.554153
[00:02:12] Bootstrap tree #24, logLikelihood: -20763.766481
[00:02:16] Bootstrap tree #25, logLikelihood: -20712.359182
[00:02:19] Bootstrap tree #26, logLikelihood: -20679.102162
[00:02:22] Bootstrap tree #27, logLikelihood: -20723.640685
[00:02:27] Bootstrap tree #28, logLikelihood: -20540.514066
[00:02:32] Bootstrap tree #29, logLikelihood: -20496.777379
[00:02:35] Bootstrap tree #30, logLikelihood: -20851.015499
[00:02:38] Bootstrap tree #31, logLikelihood: -20406.265557
[00:02:41] Bootstrap tree #32, logLikelihood: -20915.296050
[00:02:43] Bootstrap tree #33, logLikelihood: -20968.315189
[00:02:47] Bootstrap tree #34, logLikelihood: -20557.029274
[00:02:49] Bootstrap tree #35, logLikelihood: -20966.031997
[00:02:52] Bootstrap tree #36, logLikelihood: -21156.672460
[00:02:55] Bootstrap tree #37, logLikelihood: -20708.039906
[00:02:58] Bootstrap tree #38, logLikelihood: -20759.544087
[00:03:03] Bootstrap tree #39, logLikelihood: -20382.664097
[00:03:07] Bootstrap tree #40, logLikelihood: -20843.721298
[00:03:10] Bootstrap tree #41, logLikelihood: -21103.764989
[00:03:13] Bootstrap tree #42, logLikelihood: -20796.427585
[00:03:16] Bootstrap tree #43, logLikelihood: -20488.078316
[00:03:19] Bootstrap tree #44, logLikelihood: -21271.446955
[00:03:24] Bootstrap tree #45, logLikelihood: -20699.463561
[00:03:28] Bootstrap tree #46, logLikelihood: -20240.135742
[00:03:33] Bootstrap tree #47, logLikelihood: -20598.464270
[00:03:37] Bootstrap tree #48, logLikelihood: -20729.949862
[00:03:43] Bootstrap tree #49, logLikelihood: -20696.190663
[00:03:48] Bootstrap tree #50, logLikelihood: -20689.734975
[00:03:53] Bootstrap tree #51, logLikelihood: -20507.913598
[00:03:58] Bootstrap tree #52, logLikelihood: -21009.914246
[00:04:05] Bootstrap tree #53, logLikelihood: -20781.787809
[00:04:09] Bootstrap tree #54, logLikelihood: -20773.573441
[00:04:15] Bootstrap tree #55, logLikelihood: -20893.261901
[00:04:19] Bootstrap tree #56, logLikelihood: -20865.722530
[00:04:25] Bootstrap tree #57, logLikelihood: -20656.738967
[00:04:30] Bootstrap tree #58, logLikelihood: -20971.545146
[00:04:34] Bootstrap tree #59, logLikelihood: -20683.445112
[00:04:40] Bootstrap tree #60, logLikelihood: -20517.093626
[00:04:46] Bootstrap tree #61, logLikelihood: -20605.772869
[00:04:52] Bootstrap tree #62, logLikelihood: -20466.261146
[00:04:57] Bootstrap tree #63, logLikelihood: -20521.257834
[00:05:01] Bootstrap tree #64, logLikelihood: -20530.131522
[00:05:06] Bootstrap tree #65, logLikelihood: -20895.780636
[00:05:10] Bootstrap tree #66, logLikelihood: -20854.127385
[00:05:17] Bootstrap tree #67, logLikelihood: -20226.425907
[00:05:21] Bootstrap tree #68, logLikelihood: -20458.804704
[00:05:25] Bootstrap tree #69, logLikelihood: -20386.027328
[00:05:34] Bootstrap tree #70, logLikelihood: -20935.419722
[00:05:41] Bootstrap tree #71, logLikelihood: -21012.889656
[00:05:48] Bootstrap tree #72, logLikelihood: -20509.384036
[00:05:56] Bootstrap tree #73, logLikelihood: -21098.619721
[00:06:02] Bootstrap tree #74, logLikelihood: -20755.015298
[00:06:09] Bootstrap tree #75, logLikelihood: -20636.164296
[00:06:16] Bootstrap tree #76, logLikelihood: -21341.017144
[00:06:22] Bootstrap tree #77, logLikelihood: -20762.845651
[00:06:27] Bootstrap tree #78, logLikelihood: -20758.002894
[00:06:38] Bootstrap tree #79, logLikelihood: -20392.479458
[00:06:46] Bootstrap tree #80, logLikelihood: -20964.274882
[00:06:53] Bootstrap tree #81, logLikelihood: -21183.123642
[00:07:02] Bootstrap tree #82, logLikelihood: -20629.474056
[00:07:08] Bootstrap tree #83, logLikelihood: -20414.247530
[00:07:13] Bootstrap tree #84, logLikelihood: -20772.175839
[00:07:19] Bootstrap tree #85, logLikelihood: -20793.788025
[00:07:27] Bootstrap tree #86, logLikelihood: -20642.725701
[00:07:34] Bootstrap tree #87, logLikelihood: -20770.126440
[00:07:39] Bootstrap tree #88, logLikelihood: -20877.283132
[00:07:45] Bootstrap tree #89, logLikelihood: -20735.106736
[00:07:50] Bootstrap tree #90, logLikelihood: -20071.891181
[00:07:54] Bootstrap tree #91, logLikelihood: -20483.685525
[00:08:00] Bootstrap tree #92, logLikelihood: -20561.757516
[00:08:04] Bootstrap tree #93, logLikelihood: -21125.589598
[00:08:10] Bootstrap tree #94, logLikelihood: -20831.912691
[00:08:17] Bootstrap tree #95, logLikelihood: -20702.838620
[00:08:21] Bootstrap tree #96, logLikelihood: -20741.987879
[00:08:26] Bootstrap tree #97, logLikelihood: -20269.992237
[00:08:30] Bootstrap tree #98, logLikelihood: -20735.133175
[00:08:35] Bootstrap tree #99, logLikelihood: -20483.193408
[00:08:40] Bootstrap tree #100, logLikelihood: -21114.355693

Optimized model parameters:

   Partition 0: noname
   Rate heterogeneity: NONE
   Base frequencies (ML): 0.285902 0.195515 0.210666 0.307917 
   Substitution rates (ML): 2.407291 3.208976 1.415111 1.346507 3.161816 1.000000 

Final LogLikelihood: -20781.213818

All ML trees saved to: /home/morelbt/github/phd_experiments/results/multi-raxml/haswellrun/phyldog_example_supporttrees_0/raxmlrresults/HBG011035.raxml.mlTrees
Best ML tree saved to: /home/morelbt/github/phd_experiments/results/multi-raxml/haswellrun/phyldog_example_supporttrees_0/raxmlrresults/HBG011035.raxml.bestTree
Best ML tree with bootstrap support values saved to: /home/morelbt/github/phd_experiments/results/multi-raxml/haswellrun/phyldog_example_supporttrees_0/raxmlrresults/HBG011035.raxml.support
Optimized model saved to: /home/morelbt/github/phd_experiments/results/multi-raxml/haswellrun/phyldog_example_supporttrees_0/raxmlrresults/HBG011035.raxml.bestModel
Bootstrap trees saved to: /home/morelbt/github/phd_experiments/results/multi-raxml/haswellrun/phyldog_example_supporttrees_0/raxmlrresults/HBG011035.raxml.bootstraps

Execution log saved to: /home/morelbt/github/phd_experiments/results/multi-raxml/haswellrun/phyldog_example_supporttrees_0/raxmlrresults/HBG011035.raxml.log

Analysis started: 06-Feb-2018 13:46:01 / finished: 06-Feb-2018 13:54:42

Elapsed time: 521.450 seconds

