
RAxML-NG v. 0.6.0.dev BETA released on 09.01.2018 by The Exelixis Lab.
Authors: Alexey Kozlov, Alexandros Stamatakis, Diego Darriba, Tomas Flouri, Benoit Morel.
Latest version: https://github.com/amkozlov/raxml-ng
Questions/problems/suggestions? Please visit: https://groups.google.com/forum/#!forum/raxml

WARNING: This is a BETA release, please use at your own risk!

RAxML-NG was called as follows:



Analysis options:
  run mode: ML tree search + bootstrapping
  start tree(s): random (20)
  random seed: 1517920935
  tip-inner: OFF
  pattern compression: ON
  per-rate scalers: OFF
  site repeats: ON
  branch lengths: ML estimate (linked)
  SIMD kernels: AVX2
  parallelization: NONE/sequential

[00:00:00] Reading alignment from file: /home/morelbt/github/raxdog/data/DataExample/FastaFiles/HBG011011.fasta
[00:00:00] Loaded alignment with 92 taxa and 972 sites

Alignment comprises 1 partitions and 928 patterns

Partition 0: noname
Model: GTR+FO
Alignment sites / patterns: 972 / 928
Gaps: 16.56 %
Invariant sites: 6.58 %


NOTE: Binary MSA file already exists: /home/morelbt/github/phd_experiments/results/multi-raxml/haswellrun/phyldog_example_supporttrees_0/raxmlrresults/HBG011011.raxml.rba

[00:00:00] Generating random starting tree(s) with 92 taxa
[00:00:00] Data distribution: partitions/thread: 1-1, patterns/thread: 928-928

Starting ML tree search with 20 distinct starting trees

[00:00:29] ML tree search #1, logLikelihood: -32681.665251
[00:00:58] ML tree search #2, logLikelihood: -32670.637567
[00:01:22] ML tree search #3, logLikelihood: -32681.016196
[00:01:54] ML tree search #4, logLikelihood: -32660.268451
[00:02:18] ML tree search #5, logLikelihood: -32669.112141
[00:02:43] ML tree search #6, logLikelihood: -32660.673665
[00:03:13] ML tree search #7, logLikelihood: -32670.342207
[00:03:38] ML tree search #8, logLikelihood: -32667.233089
[00:04:04] ML tree search #9, logLikelihood: -32673.101588
[00:04:40] ML tree search #10, logLikelihood: -32668.977908
[00:05:07] ML tree search #11, logLikelihood: -32672.033613
[00:05:37] ML tree search #12, logLikelihood: -32664.535812
[00:06:01] ML tree search #13, logLikelihood: -32671.103285
[00:06:29] ML tree search #14, logLikelihood: -32661.201533
[00:06:52] ML tree search #15, logLikelihood: -32660.566531
[00:07:23] ML tree search #16, logLikelihood: -32663.097929
[00:07:58] ML tree search #17, logLikelihood: -32667.459990
[00:08:35] ML tree search #18, logLikelihood: -32669.694037
[00:09:11] ML tree search #19, logLikelihood: -32657.555331
[00:09:42] ML tree search #20, logLikelihood: -32660.236297

[00:09:42] ML tree search completed, best tree logLH: -32657.555331

[00:09:42] Starting bootstrapping analysis with 100 replicates.

[00:10:04] Bootstrap tree #1, logLikelihood: -31294.666372
[00:10:26] Bootstrap tree #2, logLikelihood: -32118.937566
[00:10:56] Bootstrap tree #3, logLikelihood: -33110.905822
[00:11:19] Bootstrap tree #4, logLikelihood: -32134.542290
[00:11:37] Bootstrap tree #5, logLikelihood: -33040.208342
[00:12:05] Bootstrap tree #6, logLikelihood: -33423.714058
[00:12:24] Bootstrap tree #7, logLikelihood: -32972.689208
[00:12:41] Bootstrap tree #8, logLikelihood: -32362.401601
[00:13:02] Bootstrap tree #9, logLikelihood: -33459.291542
[00:13:22] Bootstrap tree #10, logLikelihood: -31471.510015
[00:13:43] Bootstrap tree #11, logLikelihood: -33013.577775
[00:14:04] Bootstrap tree #12, logLikelihood: -32048.906853
[00:14:27] Bootstrap tree #13, logLikelihood: -31702.033500
[00:14:53] Bootstrap tree #14, logLikelihood: -33045.591257
[00:15:15] Bootstrap tree #15, logLikelihood: -32197.728514
[00:15:58] Bootstrap tree #16, logLikelihood: -33053.961593
[00:16:18] Bootstrap tree #17, logLikelihood: -34045.137808
[00:16:39] Bootstrap tree #18, logLikelihood: -32156.495793
[00:17:00] Bootstrap tree #19, logLikelihood: -31701.878649
[00:17:22] Bootstrap tree #20, logLikelihood: -33438.137200
[00:17:44] Bootstrap tree #21, logLikelihood: -31817.790742
[00:18:09] Bootstrap tree #22, logLikelihood: -33024.312392
[00:18:29] Bootstrap tree #23, logLikelihood: -32945.624733
[00:18:48] Bootstrap tree #24, logLikelihood: -32087.692317
[00:19:18] Bootstrap tree #25, logLikelihood: -34309.721451
[00:19:40] Bootstrap tree #26, logLikelihood: -32042.476097
[00:20:07] Bootstrap tree #27, logLikelihood: -33242.851877
[00:20:38] Bootstrap tree #28, logLikelihood: -32409.035940
[00:21:22] Bootstrap tree #29, logLikelihood: -33987.280237
[00:21:56] Bootstrap tree #30, logLikelihood: -31958.617509
[00:22:34] Bootstrap tree #31, logLikelihood: -31730.597408
[00:23:18] Bootstrap tree #32, logLikelihood: -33510.495553
[00:24:03] Bootstrap tree #33, logLikelihood: -31771.773780
[00:24:27] Bootstrap tree #34, logLikelihood: -33428.007229
[00:24:52] Bootstrap tree #35, logLikelihood: -31450.160425
[00:25:35] Bootstrap tree #36, logLikelihood: -32638.930340
[00:25:57] Bootstrap tree #37, logLikelihood: -30895.212327
[00:26:26] Bootstrap tree #38, logLikelihood: -32472.385081
[00:26:52] Bootstrap tree #39, logLikelihood: -31480.728117
[00:27:25] Bootstrap tree #40, logLikelihood: -34035.979473
[00:27:47] Bootstrap tree #41, logLikelihood: -33514.922968
[00:28:15] Bootstrap tree #42, logLikelihood: -31752.686968
[00:28:35] Bootstrap tree #43, logLikelihood: -32621.611429
[00:29:01] Bootstrap tree #44, logLikelihood: -32359.922648
[00:29:33] Bootstrap tree #45, logLikelihood: -31930.684562
[00:30:06] Bootstrap tree #46, logLikelihood: -32205.548049
[00:30:37] Bootstrap tree #47, logLikelihood: -31741.840929
[00:31:03] Bootstrap tree #48, logLikelihood: -34107.224857
[00:31:28] Bootstrap tree #49, logLikelihood: -33427.398390
[00:31:51] Bootstrap tree #50, logLikelihood: -31525.888789
[00:32:12] Bootstrap tree #51, logLikelihood: -32056.552682
[00:32:38] Bootstrap tree #52, logLikelihood: -31216.087311
[00:32:56] Bootstrap tree #53, logLikelihood: -32413.453603
[00:33:15] Bootstrap tree #54, logLikelihood: -32011.500319
[00:34:02] Bootstrap tree #55, logLikelihood: -32117.376708
[00:34:33] Bootstrap tree #56, logLikelihood: -33646.752363
[00:35:04] Bootstrap tree #57, logLikelihood: -31836.019728
[00:35:30] Bootstrap tree #58, logLikelihood: -32308.362183
[00:35:50] Bootstrap tree #59, logLikelihood: -31197.142199
[00:36:15] Bootstrap tree #60, logLikelihood: -32395.462120
[00:36:47] Bootstrap tree #61, logLikelihood: -33689.643410
[00:37:08] Bootstrap tree #62, logLikelihood: -31756.329163
[00:37:40] Bootstrap tree #63, logLikelihood: -31367.849626
[00:38:21] Bootstrap tree #64, logLikelihood: -32278.909427
[00:38:53] Bootstrap tree #65, logLikelihood: -32938.853976
[00:39:13] Bootstrap tree #66, logLikelihood: -33820.032094
[00:39:46] Bootstrap tree #67, logLikelihood: -32393.749189
[00:40:04] Bootstrap tree #68, logLikelihood: -33710.183895
[00:40:33] Bootstrap tree #69, logLikelihood: -31607.289028
[00:40:55] Bootstrap tree #70, logLikelihood: -32840.900885
[00:41:18] Bootstrap tree #71, logLikelihood: -32346.274981
[00:41:53] Bootstrap tree #72, logLikelihood: -32410.668613
[00:42:15] Bootstrap tree #73, logLikelihood: -32351.807154
[00:42:36] Bootstrap tree #74, logLikelihood: -31797.753525
[00:42:57] Bootstrap tree #75, logLikelihood: -32390.870009
[00:43:20] Bootstrap tree #76, logLikelihood: -31366.873938
[00:43:52] Bootstrap tree #77, logLikelihood: -33421.916177
[00:44:12] Bootstrap tree #78, logLikelihood: -30970.927470
[00:44:32] Bootstrap tree #79, logLikelihood: -33598.825447
[00:44:52] Bootstrap tree #80, logLikelihood: -32756.183541
[00:45:34] Bootstrap tree #81, logLikelihood: -33874.413774
[00:45:54] Bootstrap tree #82, logLikelihood: -32956.955838
[00:46:18] Bootstrap tree #83, logLikelihood: -32826.492890
[00:46:42] Bootstrap tree #84, logLikelihood: -32336.020513
[00:47:08] Bootstrap tree #85, logLikelihood: -32240.583822
[00:47:36] Bootstrap tree #86, logLikelihood: -33022.994766
[00:48:07] Bootstrap tree #87, logLikelihood: -31785.885669
[00:48:33] Bootstrap tree #88, logLikelihood: -33103.380002
[00:48:56] Bootstrap tree #89, logLikelihood: -31199.837847
[00:49:19] Bootstrap tree #90, logLikelihood: -32337.266598
[00:49:46] Bootstrap tree #91, logLikelihood: -31494.105092
[00:50:07] Bootstrap tree #92, logLikelihood: -32445.060887
[00:50:33] Bootstrap tree #93, logLikelihood: -34744.785697
[00:50:54] Bootstrap tree #94, logLikelihood: -31784.734280
[00:51:19] Bootstrap tree #95, logLikelihood: -32701.219913
[00:51:38] Bootstrap tree #96, logLikelihood: -32015.440640
[00:52:11] Bootstrap tree #97, logLikelihood: -32645.853881
[00:52:38] Bootstrap tree #98, logLikelihood: -31858.895357
[00:53:06] Bootstrap tree #99, logLikelihood: -33140.618754
[00:53:31] Bootstrap tree #100, logLikelihood: -31966.397582

Optimized model parameters:

   Partition 0: noname
   Rate heterogeneity: NONE
   Base frequencies (ML): 0.262547 0.196377 0.173293 0.367783 
   Substitution rates (ML): 1.787125 3.992952 0.496885 2.747324 3.342860 1.000000 

Final LogLikelihood: -32657.555331

All ML trees saved to: /home/morelbt/github/phd_experiments/results/multi-raxml/haswellrun/phyldog_example_supporttrees_0/raxmlrresults/HBG011011.raxml.mlTrees
Best ML tree saved to: /home/morelbt/github/phd_experiments/results/multi-raxml/haswellrun/phyldog_example_supporttrees_0/raxmlrresults/HBG011011.raxml.bestTree
Best ML tree with bootstrap support values saved to: /home/morelbt/github/phd_experiments/results/multi-raxml/haswellrun/phyldog_example_supporttrees_0/raxmlrresults/HBG011011.raxml.support
Optimized model saved to: /home/morelbt/github/phd_experiments/results/multi-raxml/haswellrun/phyldog_example_supporttrees_0/raxmlrresults/HBG011011.raxml.bestModel
Bootstrap trees saved to: /home/morelbt/github/phd_experiments/results/multi-raxml/haswellrun/phyldog_example_supporttrees_0/raxmlrresults/HBG011011.raxml.bootstraps

Execution log saved to: /home/morelbt/github/phd_experiments/results/multi-raxml/haswellrun/phyldog_example_supporttrees_0/raxmlrresults/HBG011011.raxml.log

Analysis started: 06-Feb-2018 13:42:15 / finished: 06-Feb-2018 14:35:47

Elapsed time: 3212.224 seconds

