
RAxML-NG v. 0.6.0.dev BETA released on 09.01.2018 by The Exelixis Lab.
Authors: Alexey Kozlov, Alexandros Stamatakis, Diego Darriba, Tomas Flouri, Benoit Morel.
Latest version: https://github.com/amkozlov/raxml-ng
Questions/problems/suggestions? Please visit: https://groups.google.com/forum/#!forum/raxml

WARNING: This is a BETA release, please use at your own risk!

RAxML-NG was called as follows:



Analysis options:
  run mode: ML tree search + bootstrapping
  start tree(s): random (20)
  random seed: 1517921995
  tip-inner: OFF
  pattern compression: ON
  per-rate scalers: OFF
  site repeats: ON
  branch lengths: ML estimate (linked)
  SIMD kernels: AVX2
  parallelization: NONE/sequential

[00:00:00] Reading alignment from file: /home/morelbt/github/raxdog/data/DataExample/FastaFiles/HBG011027.fasta
[00:00:00] Loaded alignment with 6 taxa and 156 sites

Alignment comprises 1 partitions and 47 patterns

Partition 0: noname
Model: GTR+FO
Alignment sites / patterns: 156 / 47
Gaps: 0.00 %
Invariant sites: 2.56 %


NOTE: Binary MSA file already exists: /home/morelbt/github/phd_experiments/results/multi-raxml/haswellrun/phyldog_example_supporttrees_0/raxmlrresults/HBG011027.raxml.rba

[00:00:00] Generating random starting tree(s) with 6 taxa
[00:00:00] Data distribution: partitions/thread: 1-1, patterns/thread: 47-47

Starting ML tree search with 20 distinct starting trees

[00:00:00] ML tree search #1, logLikelihood: -537.802548
[00:00:00] ML tree search #2, logLikelihood: -537.802612
[00:00:00] ML tree search #3, logLikelihood: -537.802550
[00:00:01] ML tree search #4, logLikelihood: -537.802555
[00:00:01] ML tree search #5, logLikelihood: -537.802555
[00:00:01] ML tree search #6, logLikelihood: -537.802561
[00:00:01] ML tree search #7, logLikelihood: -537.802567
[00:00:01] ML tree search #8, logLikelihood: -537.802552
[00:00:01] ML tree search #9, logLikelihood: -537.802551
[00:00:02] ML tree search #10, logLikelihood: -537.802553
[00:00:02] ML tree search #11, logLikelihood: -537.802550
[00:00:02] ML tree search #12, logLikelihood: -537.802555
[00:00:02] ML tree search #13, logLikelihood: -537.802587
[00:00:02] ML tree search #14, logLikelihood: -537.802550
[00:00:02] ML tree search #15, logLikelihood: -537.802551
[00:00:02] ML tree search #16, logLikelihood: -537.802564
[00:00:03] ML tree search #17, logLikelihood: -537.802614
[00:00:03] ML tree search #18, logLikelihood: -537.802558
[00:00:03] ML tree search #19, logLikelihood: -537.802562
[00:00:03] ML tree search #20, logLikelihood: -537.802558

[00:00:03] ML tree search completed, best tree logLH: -537.802548

[00:00:03] Starting bootstrapping analysis with 100 replicates.

[00:00:03] Bootstrap tree #1, logLikelihood: -529.499910
[00:00:03] Bootstrap tree #2, logLikelihood: -505.108294
[00:00:04] Bootstrap tree #3, logLikelihood: -520.548588
[00:00:04] Bootstrap tree #4, logLikelihood: -525.835487
[00:00:04] Bootstrap tree #5, logLikelihood: -486.726448
[00:00:04] Bootstrap tree #6, logLikelihood: -558.597839
[00:00:04] Bootstrap tree #7, logLikelihood: -568.025272
[00:00:04] Bootstrap tree #8, logLikelihood: -516.251832
[00:00:04] Bootstrap tree #9, logLikelihood: -572.974714
[00:00:05] Bootstrap tree #10, logLikelihood: -520.539535
[00:00:05] Bootstrap tree #11, logLikelihood: -509.778600
[00:00:05] Bootstrap tree #12, logLikelihood: -529.061938
[00:00:05] Bootstrap tree #13, logLikelihood: -565.085263
[00:00:05] Bootstrap tree #14, logLikelihood: -513.439880
[00:00:06] Bootstrap tree #15, logLikelihood: -526.959871
[00:00:06] Bootstrap tree #16, logLikelihood: -521.112982
[00:00:06] Bootstrap tree #17, logLikelihood: -546.389612
[00:00:06] Bootstrap tree #18, logLikelihood: -519.871740
[00:00:06] Bootstrap tree #19, logLikelihood: -507.408537
[00:00:07] Bootstrap tree #20, logLikelihood: -503.863783
[00:00:07] Bootstrap tree #21, logLikelihood: -529.931758
[00:00:07] Bootstrap tree #22, logLikelihood: -541.545381
[00:00:07] Bootstrap tree #23, logLikelihood: -520.015277
[00:00:08] Bootstrap tree #24, logLikelihood: -515.415829
[00:00:08] Bootstrap tree #25, logLikelihood: -474.402158
[00:00:08] Bootstrap tree #26, logLikelihood: -500.888200
[00:00:08] Bootstrap tree #27, logLikelihood: -540.168105
[00:00:09] Bootstrap tree #28, logLikelihood: -487.978982
[00:00:09] Bootstrap tree #29, logLikelihood: -506.061655
[00:00:09] Bootstrap tree #30, logLikelihood: -539.175936
[00:00:10] Bootstrap tree #31, logLikelihood: -542.169575
[00:00:10] Bootstrap tree #32, logLikelihood: -564.014768
[00:00:10] Bootstrap tree #33, logLikelihood: -530.037460
[00:00:11] Bootstrap tree #34, logLikelihood: -464.110893
[00:00:11] Bootstrap tree #35, logLikelihood: -467.170802
[00:00:12] Bootstrap tree #36, logLikelihood: -522.665724
[00:00:12] Bootstrap tree #37, logLikelihood: -490.074260
[00:00:12] Bootstrap tree #38, logLikelihood: -530.789881
[00:00:12] Bootstrap tree #39, logLikelihood: -483.090041
[00:00:13] Bootstrap tree #40, logLikelihood: -505.431756
[00:00:13] Bootstrap tree #41, logLikelihood: -552.876974
[00:00:13] Bootstrap tree #42, logLikelihood: -542.731815
[00:00:13] Bootstrap tree #43, logLikelihood: -513.507893
[00:00:13] Bootstrap tree #44, logLikelihood: -544.347424
[00:00:14] Bootstrap tree #45, logLikelihood: -504.939314
[00:00:14] Bootstrap tree #46, logLikelihood: -528.033250
[00:00:14] Bootstrap tree #47, logLikelihood: -513.304269
[00:00:14] Bootstrap tree #48, logLikelihood: -535.607078
[00:00:15] Bootstrap tree #49, logLikelihood: -534.053585
[00:00:15] Bootstrap tree #50, logLikelihood: -513.266707
[00:00:15] Bootstrap tree #51, logLikelihood: -554.011520
[00:00:15] Bootstrap tree #52, logLikelihood: -487.867457
[00:00:16] Bootstrap tree #53, logLikelihood: -549.431260
[00:00:16] Bootstrap tree #54, logLikelihood: -532.497849
[00:00:16] Bootstrap tree #55, logLikelihood: -549.261425
[00:00:17] Bootstrap tree #56, logLikelihood: -534.014921
[00:00:17] Bootstrap tree #57, logLikelihood: -524.386881
[00:00:17] Bootstrap tree #58, logLikelihood: -503.142309
[00:00:17] Bootstrap tree #59, logLikelihood: -546.753808
[00:00:18] Bootstrap tree #60, logLikelihood: -548.218761
[00:00:18] Bootstrap tree #61, logLikelihood: -508.296904
[00:00:18] Bootstrap tree #62, logLikelihood: -524.162547
[00:00:19] Bootstrap tree #63, logLikelihood: -510.278625
[00:00:19] Bootstrap tree #64, logLikelihood: -575.772789
[00:00:19] Bootstrap tree #65, logLikelihood: -528.180441
[00:00:20] Bootstrap tree #66, logLikelihood: -547.624774
[00:00:20] Bootstrap tree #67, logLikelihood: -551.572832
[00:00:20] Bootstrap tree #68, logLikelihood: -505.393195
[00:00:20] Bootstrap tree #69, logLikelihood: -523.378039
[00:00:21] Bootstrap tree #70, logLikelihood: -499.581035
[00:00:21] Bootstrap tree #71, logLikelihood: -524.748813
[00:00:21] Bootstrap tree #72, logLikelihood: -482.527500
[00:00:22] Bootstrap tree #73, logLikelihood: -476.890258
[00:00:22] Bootstrap tree #74, logLikelihood: -537.007751
[00:00:22] Bootstrap tree #75, logLikelihood: -544.992164
[00:00:22] Bootstrap tree #76, logLikelihood: -559.211275
[00:00:23] Bootstrap tree #77, logLikelihood: -590.804574
[00:00:23] Bootstrap tree #78, logLikelihood: -549.309609
[00:00:23] Bootstrap tree #79, logLikelihood: -507.319467
[00:00:24] Bootstrap tree #80, logLikelihood: -533.926846
[00:00:24] Bootstrap tree #81, logLikelihood: -487.301088
[00:00:24] Bootstrap tree #82, logLikelihood: -506.034351
[00:00:24] Bootstrap tree #83, logLikelihood: -473.865872
[00:00:25] Bootstrap tree #84, logLikelihood: -545.780627
[00:00:25] Bootstrap tree #85, logLikelihood: -536.458141
[00:00:25] Bootstrap tree #86, logLikelihood: -545.046631
[00:00:26] Bootstrap tree #87, logLikelihood: -564.009448
[00:00:26] Bootstrap tree #88, logLikelihood: -513.838816
[00:00:26] Bootstrap tree #89, logLikelihood: -541.348344
[00:00:27] Bootstrap tree #90, logLikelihood: -519.192353
[00:00:27] Bootstrap tree #91, logLikelihood: -526.253776
[00:00:27] Bootstrap tree #92, logLikelihood: -490.997318
[00:00:28] Bootstrap tree #93, logLikelihood: -529.890368
[00:00:28] Bootstrap tree #94, logLikelihood: -555.196789
[00:00:28] Bootstrap tree #95, logLikelihood: -497.872667
[00:00:29] Bootstrap tree #96, logLikelihood: -528.503461
[00:00:29] Bootstrap tree #97, logLikelihood: -530.410605
[00:00:29] Bootstrap tree #98, logLikelihood: -499.359819
[00:00:30] Bootstrap tree #99, logLikelihood: -520.839798
[00:00:30] Bootstrap tree #100, logLikelihood: -504.766402

Optimized model parameters:

   Partition 0: noname
   Rate heterogeneity: NONE
   Base frequencies (ML): 0.247578 0.312397 0.251281 0.188745 
   Substitution rates (ML): 0.411064 3.649021 0.601832 0.749181 6.156160 1.000000 

Final LogLikelihood: -537.802548

All ML trees saved to: /home/morelbt/github/phd_experiments/results/multi-raxml/haswellrun/phyldog_example_supporttrees_0/raxmlrresults/HBG011027.raxml.mlTrees
Best ML tree saved to: /home/morelbt/github/phd_experiments/results/multi-raxml/haswellrun/phyldog_example_supporttrees_0/raxmlrresults/HBG011027.raxml.bestTree
Best ML tree with bootstrap support values saved to: /home/morelbt/github/phd_experiments/results/multi-raxml/haswellrun/phyldog_example_supporttrees_0/raxmlrresults/HBG011027.raxml.support
Optimized model saved to: /home/morelbt/github/phd_experiments/results/multi-raxml/haswellrun/phyldog_example_supporttrees_0/raxmlrresults/HBG011027.raxml.bestModel
Bootstrap trees saved to: /home/morelbt/github/phd_experiments/results/multi-raxml/haswellrun/phyldog_example_supporttrees_0/raxmlrresults/HBG011027.raxml.bootstraps

Execution log saved to: /home/morelbt/github/phd_experiments/results/multi-raxml/haswellrun/phyldog_example_supporttrees_0/raxmlrresults/HBG011027.raxml.log

Analysis started: 06-Feb-2018 13:59:55 / finished: 06-Feb-2018 14:00:27

Elapsed time: 31.406 seconds

