Starting time: Tue Feb  6 13:21:16 2018

starting server thread
sorting commands...
Raxml dry runs finished. Elapsed time : 0s
Proc 0:8 runs: raxml --all --msa /home/morelbt/github/raxdog/data/DataExample/FastaFiles/HBG011006.fasta --model GTR --prefix /home/morelbt/github/phd_experiments/results/multi-raxml/haswellrun/phyldog_example_supporttrees_0/raxmlrresults/HBG011006 --site-repeats on  
Proc 8:12 runs: raxml --all --msa /home/morelbt/github/raxdog/data/DataExample/FastaFiles/HBG011007.fasta --model GTR --prefix /home/morelbt/github/phd_experiments/results/multi-raxml/haswellrun/phyldog_example_supporttrees_0/raxmlrresults/HBG011007 --site-repeats on  
Proc 12:16 runs: raxml --all --msa /home/morelbt/github/raxdog/data/DataExample/FastaFiles/HBG011028.fasta --model GTR --prefix /home/morelbt/github/phd_experiments/results/multi-raxml/haswellrun/phyldog_example_supporttrees_0/raxmlrresults/HBG011028 --site-repeats on  
Proc 20:24 runs: raxml --all --msa /home/morelbt/github/raxdog/data/DataExample/FastaFiles/HBG011005.fasta --model GTR --prefix /home/morelbt/github/phd_experiments/results/multi-raxml/haswellrun/phyldog_example_supporttrees_0/raxmlrresults/HBG011005 --site-repeats on  
Proc 24:28 runs: raxml --all --msa /home/morelbt/github/raxdog/data/DataExample/FastaFiles/HBG011004.fasta --model GTR --prefix /home/morelbt/github/phd_experiments/results/multi-raxml/haswellrun/phyldog_example_supporttrees_0/raxmlrresults/HBG011004 --site-repeats on  
Proc 28:31 runs: raxml --all --msa /home/morelbt/github/raxdog/data/DataExample/FastaFiles/HBG011031.fasta --model GTR --prefix /home/morelbt/github/phd_experiments/results/multi-raxml/haswellrun/phyldog_example_supporttrees_0/raxmlrresults/HBG011031 --site-repeats on  
Proc 16:20 runs: raxml --all --msa /home/morelbt/github/raxdog/data/DataExample/FastaFiles/HBG011015.fasta --model GTR --prefix /home/morelbt/github/phd_experiments/results/multi-raxml/haswellrun/phyldog_example_supporttrees_0/raxmlrresults/HBG011015 --site-repeats on  
Proc 12:14 runs: raxml --all --msa /home/morelbt/github/raxdog/data/DataExample/FastaFiles/HBG011008.fasta --model GTR --prefix /home/morelbt/github/phd_experiments/results/multi-raxml/haswellrun/phyldog_example_supporttrees_0/raxmlrresults/HBG011008 --site-repeats on  
Proc 14:16 runs: raxml --all --msa /home/morelbt/github/raxdog/data/DataExample/FastaFiles/HBG011026.fasta --model GTR --prefix /home/morelbt/github/phd_experiments/results/multi-raxml/haswellrun/phyldog_example_supporttrees_0/raxmlrresults/HBG011026 --site-repeats on  
Proc 8:10 runs: raxml --all --msa /home/morelbt/github/raxdog/data/DataExample/FastaFiles/HBG011034.fasta --model GTR --prefix /home/morelbt/github/phd_experiments/results/multi-raxml/haswellrun/phyldog_example_supporttrees_0/raxmlrresults/HBG011034 --site-repeats on  
Proc 10:12 runs: raxml --all --msa /home/morelbt/github/raxdog/data/DataExample/FastaFiles/HBG011024.fasta --model GTR --prefix /home/morelbt/github/phd_experiments/results/multi-raxml/haswellrun/phyldog_example_supporttrees_0/raxmlrresults/HBG011024 --site-repeats on  
Proc 24:25 runs: raxml --all --msa /home/morelbt/github/raxdog/data/DataExample/FastaFiles/HBG011011.fasta --model GTR --prefix /home/morelbt/github/phd_experiments/results/multi-raxml/haswellrun/phyldog_example_supporttrees_0/raxmlrresults/HBG011011 --site-repeats on  
Proc 25:26 runs: raxml --all --msa /home/morelbt/github/raxdog/data/DataExample/FastaFiles/HBG011036.fasta --model GTR --prefix /home/morelbt/github/phd_experiments/results/multi-raxml/haswellrun/phyldog_example_supporttrees_0/raxmlrresults/HBG011036 --site-repeats on  
Proc 26:27 runs: raxml --all --msa /home/morelbt/github/raxdog/data/DataExample/FastaFiles/HBG011002.fasta --model GTR --prefix /home/morelbt/github/phd_experiments/results/multi-raxml/haswellrun/phyldog_example_supporttrees_0/raxmlrresults/HBG011002 --site-repeats on  
Proc 27:28 runs: raxml --all --msa /home/morelbt/github/raxdog/data/DataExample/FastaFiles/HBG011033.fasta --model GTR --prefix /home/morelbt/github/phd_experiments/results/multi-raxml/haswellrun/phyldog_example_supporttrees_0/raxmlrresults/HBG011033 --site-repeats on  
Proc 20:21 runs: raxml --all --msa /home/morelbt/github/raxdog/data/DataExample/FastaFiles/HBG011000.fasta --model GTR --prefix /home/morelbt/github/phd_experiments/results/multi-raxml/haswellrun/phyldog_example_supporttrees_0/raxmlrresults/HBG011000 --site-repeats on  
Proc 21:22 runs: raxml --all --msa /home/morelbt/github/raxdog/data/DataExample/FastaFiles/HBG011009.fasta --model GTR --prefix /home/morelbt/github/phd_experiments/results/multi-raxml/haswellrun/phyldog_example_supporttrees_0/raxmlrresults/HBG011009 --site-repeats on  
Proc 22:23 runs: raxml --all --msa /home/morelbt/github/raxdog/data/DataExample/FastaFiles/HBG011013.fasta --model GTR --prefix /home/morelbt/github/phd_experiments/results/multi-raxml/haswellrun/phyldog_example_supporttrees_0/raxmlrresults/HBG011013 --site-repeats on  
Proc 23:24 runs: raxml --all --msa /home/morelbt/github/raxdog/data/DataExample/FastaFiles/HBG011012.fasta --model GTR --prefix /home/morelbt/github/phd_experiments/results/multi-raxml/haswellrun/phyldog_example_supporttrees_0/raxmlrresults/HBG011012 --site-repeats on  
Proc 0:1 runs: raxml --all --msa /home/morelbt/github/raxdog/data/DataExample/FastaFiles/HBG011014.fasta --model GTR --prefix /home/morelbt/github/phd_experiments/results/multi-raxml/haswellrun/phyldog_example_supporttrees_0/raxmlrresults/HBG011014 --site-repeats on  
Proc 1:2 runs: raxml --all --msa /home/morelbt/github/raxdog/data/DataExample/FastaFiles/HBG011023.fasta --model GTR --prefix /home/morelbt/github/phd_experiments/results/multi-raxml/haswellrun/phyldog_example_supporttrees_0/raxmlrresults/HBG011023 --site-repeats on  
Proc 2:3 runs: raxml --all --msa /home/morelbt/github/raxdog/data/DataExample/FastaFiles/HBG011019.fasta --model GTR --prefix /home/morelbt/github/phd_experiments/results/multi-raxml/haswellrun/phyldog_example_supporttrees_0/raxmlrresults/HBG011019 --site-repeats on  
Proc 3:4 runs: raxml --all --msa /home/morelbt/github/raxdog/data/DataExample/FastaFiles/HBG011018.fasta --model GTR --prefix /home/morelbt/github/phd_experiments/results/multi-raxml/haswellrun/phyldog_example_supporttrees_0/raxmlrresults/HBG011018 --site-repeats on  
Proc 4:5 runs: raxml --all --msa /home/morelbt/github/raxdog/data/DataExample/FastaFiles/HBG011022.fasta --model GTR --prefix /home/morelbt/github/phd_experiments/results/multi-raxml/haswellrun/phyldog_example_supporttrees_0/raxmlrresults/HBG011022 --site-repeats on  
Proc 5:6 runs: raxml --all --msa /home/morelbt/github/raxdog/data/DataExample/FastaFiles/HBG011032.fasta --model GTR --prefix /home/morelbt/github/phd_experiments/results/multi-raxml/haswellrun/phyldog_example_supporttrees_0/raxmlrresults/HBG011032 --site-repeats on  
Proc 6:7 runs: raxml --all --msa /home/morelbt/github/raxdog/data/DataExample/FastaFiles/HBG011030.fasta --model GTR --prefix /home/morelbt/github/phd_experiments/results/multi-raxml/haswellrun/phyldog_example_supporttrees_0/raxmlrresults/HBG011030 --site-repeats on  
Proc 7:8 runs: raxml --all --msa /home/morelbt/github/raxdog/data/DataExample/FastaFiles/HBG011035.fasta --model GTR --prefix /home/morelbt/github/phd_experiments/results/multi-raxml/haswellrun/phyldog_example_supporttrees_0/raxmlrresults/HBG011035 --site-repeats on  
Proc 28:29 runs: raxml --all --msa /home/morelbt/github/raxdog/data/DataExample/FastaFiles/HBG011017.fasta --model GTR --prefix /home/morelbt/github/phd_experiments/results/multi-raxml/haswellrun/phyldog_example_supporttrees_0/raxmlrresults/HBG011017 --site-repeats on  
Proc 29:30 runs: raxml --all --msa /home/morelbt/github/raxdog/data/DataExample/FastaFiles/HBG011010.fasta --model GTR --prefix /home/morelbt/github/phd_experiments/results/multi-raxml/haswellrun/phyldog_example_supporttrees_0/raxmlrresults/HBG011010 --site-repeats on  
Proc 30:31 runs: raxml --all --msa /home/morelbt/github/raxdog/data/DataExample/FastaFiles/HBG011040.fasta --model GTR --prefix /home/morelbt/github/phd_experiments/results/multi-raxml/haswellrun/phyldog_example_supporttrees_0/raxmlrresults/HBG011040 --site-repeats on  
Proc 7:8 runs: raxml --all --msa /home/morelbt/github/raxdog/data/DataExample/FastaFiles/HBG011029.fasta --model GTR --prefix /home/morelbt/github/phd_experiments/results/multi-raxml/haswellrun/phyldog_example_supporttrees_0/raxmlrresults/HBG011029 --site-repeats on  
Proc 29:30 runs: raxml --all --msa /home/morelbt/github/raxdog/data/DataExample/FastaFiles/HBG011039.fasta --model GTR --prefix /home/morelbt/github/phd_experiments/results/multi-raxml/haswellrun/phyldog_example_supporttrees_0/raxmlrresults/HBG011039 --site-repeats on  
Proc 10:11 runs: raxml --all --msa /home/morelbt/github/raxdog/data/DataExample/FastaFiles/HBG011001.fasta --model GTR --prefix /home/morelbt/github/phd_experiments/results/multi-raxml/haswellrun/phyldog_example_supporttrees_0/raxmlrresults/HBG011001 --site-repeats on  
Proc 11:12 runs: raxml --all --msa /home/morelbt/github/raxdog/data/DataExample/FastaFiles/HBG011003.fasta --model GTR --prefix /home/morelbt/github/phd_experiments/results/multi-raxml/haswellrun/phyldog_example_supporttrees_0/raxmlrresults/HBG011003 --site-repeats on  
Proc 2:3 runs: raxml --all --msa /home/morelbt/github/raxdog/data/DataExample/FastaFiles/HBG011025.fasta --model GTR --prefix /home/morelbt/github/phd_experiments/results/multi-raxml/haswellrun/phyldog_example_supporttrees_0/raxmlrresults/HBG011025 --site-repeats on  
Proc 6:7 runs: raxml --all --msa /home/morelbt/github/raxdog/data/DataExample/FastaFiles/HBG011037.fasta --model GTR --prefix /home/morelbt/github/phd_experiments/results/multi-raxml/haswellrun/phyldog_example_supporttrees_0/raxmlrresults/HBG011037 --site-repeats on  
Proc 30:31 runs: raxml --all --msa /home/morelbt/github/raxdog/data/DataExample/FastaFiles/HBG011027.fasta --model GTR --prefix /home/morelbt/github/phd_experiments/results/multi-raxml/haswellrun/phyldog_example_supporttrees_0/raxmlrresults/HBG011027 --site-repeats on  
thread_master received kill signal
saving svg in file /home/morelbt/github/phd_experiments/results/multi-raxml/haswellrun/phyldog_example_supporttrees_0/phyldog_example_supporttrees_0.svg
Elapsed time : 4731s
